[0.279s] DEBUG:colcon:Command line arguments: ['/usr/bin/colcon', 'build', '--packages-select', 'temperature_system', '--symlink-install']
[0.280s] DEBUG:colcon:Parsed command line arguments: Namespace(log_base=None, log_level=None, verb_name='build', build_base='build', install_base='install', merge_install=False, symlink_install=True, test_result_base=None, continue_on_error=False, executor='parallel', parallel_workers=2, event_handlers=None, ignore_user_meta=False, metas=['./colcon.meta'], base_paths=['.'], packages_ignore=None, packages_ignore_regex=None, paths=None, packages_up_to=None, packages_up_to_regex=None, packages_above=None, packages_above_and_dependencies=None, packages_above_depth=None, packages_select_by_dep=None, packages_skip_by_dep=None, packages_skip_up_to=None, packages_select_build_failed=False, packages_skip_build_finished=False, packages_select_test_failures=False, packages_skip_test_passed=False, packages_select=['temperature_system'], packages_skip=None, packages_select_regex=None, packages_skip_regex=None, packages_start=None, packages_end=None, allow_overriding=[], cmake_args=None, cmake_target=None, cmake_target_skip_unavailable=False, cmake_clean_cache=False, cmake_clean_first=False, cmake_force_configure=False, ament_cmake_args=None, catkin_cmake_args=None, catkin_skip_building_tests=False, mixin_files=None, mixin=None, verb_parser=<colcon_mixin.mixin.mixin_argument.MixinArgumentDecorator object at 0x7a4e777ac170>, verb_extension=<colcon_core.verb.build.BuildVerb object at 0x7a4e7772a0c0>, main=<bound method BuildVerb.main of <colcon_core.verb.build.BuildVerb object at 0x7a4e7772a0c0>>, mixin_verb=('build',))
[0.489s] Level 1:colcon.colcon_core.package_discovery:discover_packages(colcon_meta) check parameters
[0.489s] Level 1:colcon.colcon_core.package_discovery:discover_packages(recursive) check parameters
[0.489s] Level 1:colcon.colcon_core.package_discovery:discover_packages(ignore) check parameters
[0.489s] Level 1:colcon.colcon_core.package_discovery:discover_packages(path) check parameters
[0.489s] Level 1:colcon.colcon_core.package_discovery:discover_packages(colcon_meta) discover
[0.490s] Level 1:colcon.colcon_core.package_discovery:discover_packages(recursive) discover
[0.490s] INFO:colcon.colcon_core.package_discovery:Crawling recursively for packages in '/home/henrique/ros2_ws'
[0.490s] Level 1:colcon.colcon_core.package_identification:_identify(.) by extensions ['ignore', 'ignore_ament_install']
[0.490s] Level 1:colcon.colcon_core.package_identification:_identify(.) by extension 'ignore'
[0.490s] Level 1:colcon.colcon_core.package_identification:_identify(.) by extension 'ignore_ament_install'
[0.490s] Level 1:colcon.colcon_core.package_identification:_identify(.) by extensions ['colcon_pkg']
[0.490s] Level 1:colcon.colcon_core.package_identification:_identify(.) by extension 'colcon_pkg'
[0.490s] Level 1:colcon.colcon_core.package_identification:_identify(.) by extensions ['colcon_meta']
[0.490s] Level 1:colcon.colcon_core.package_identification:_identify(.) by extension 'colcon_meta'
[0.490s] Level 1:colcon.colcon_core.package_identification:_identify(.) by extensions ['ros']
[0.490s] Level 1:colcon.colcon_core.package_identification:_identify(.) by extension 'ros'
[0.579s] Level 1:colcon.colcon_core.package_identification:_identify(.) by extensions ['cmake', 'python']
[0.580s] Level 1:colcon.colcon_core.package_identification:_identify(.) by extension 'cmake'
[0.580s] Level 1:colcon.colcon_core.package_identification:_identify(.) by extension 'python'
[0.580s] Level 1:colcon.colcon_core.package_identification:_identify(.) by extensions ['python_setup_py']
[0.580s] Level 1:colcon.colcon_core.package_identification:_identify(.) by extension 'python_setup_py'
[0.580s] Level 1:colcon.colcon_core.package_identification:_identify(build) by extensions ['ignore', 'ignore_ament_install']
[0.581s] Level 1:colcon.colcon_core.package_identification:_identify(build) by extension 'ignore'
[0.581s] Level 1:colcon.colcon_core.package_identification:_identify(build) ignored
[0.581s] Level 1:colcon.colcon_core.package_identification:_identify(install) by extensions ['ignore', 'ignore_ament_install']
[0.581s] Level 1:colcon.colcon_core.package_identification:_identify(install) by extension 'ignore'
[0.582s] Level 1:colcon.colcon_core.package_identification:_identify(install) ignored
[0.582s] Level 1:colcon.colcon_core.package_identification:_identify(log) by extensions ['ignore', 'ignore_ament_install']
[0.582s] Level 1:colcon.colcon_core.package_identification:_identify(log) by extension 'ignore'
[0.582s] Level 1:colcon.colcon_core.package_identification:_identify(log) ignored
[0.582s] Level 1:colcon.colcon_core.package_identification:_identify(src) by extensions ['ignore', 'ignore_ament_install']
[0.583s] Level 1:colcon.colcon_core.package_identification:_identify(src) by extension 'ignore'
[0.583s] Level 1:colcon.colcon_core.package_identification:_identify(src) by extension 'ignore_ament_install'
[0.583s] Level 1:colcon.colcon_core.package_identification:_identify(src) by extensions ['colcon_pkg']
[0.583s] Level 1:colcon.colcon_core.package_identification:_identify(src) by extension 'colcon_pkg'
[0.583s] Level 1:colcon.colcon_core.package_identification:_identify(src) by extensions ['colcon_meta']
[0.583s] Level 1:colcon.colcon_core.package_identification:_identify(src) by extension 'colcon_meta'
[0.583s] Level 1:colcon.colcon_core.package_identification:_identify(src) by extensions ['ros']
[0.583s] Level 1:colcon.colcon_core.package_identification:_identify(src) by extension 'ros'
[0.584s] Level 1:colcon.colcon_core.package_identification:_identify(src) by extensions ['cmake', 'python']
[0.584s] Level 1:colcon.colcon_core.package_identification:_identify(src) by extension 'cmake'
[0.584s] Level 1:colcon.colcon_core.package_identification:_identify(src) by extension 'python'
[0.584s] Level 1:colcon.colcon_core.package_identification:_identify(src) by extensions ['python_setup_py']
[0.584s] Level 1:colcon.colcon_core.package_identification:_identify(src) by extension 'python_setup_py'
[0.584s] Level 1:colcon.colcon_core.package_identification:_identify(src/build) by extensions ['ignore', 'ignore_ament_install']
[0.585s] Level 1:colcon.colcon_core.package_identification:_identify(src/build) by extension 'ignore'
[0.585s] Level 1:colcon.colcon_core.package_identification:_identify(src/build) ignored
[0.585s] Level 1:colcon.colcon_core.package_identification:_identify(src/install) by extensions ['ignore', 'ignore_ament_install']
[0.585s] Level 1:colcon.colcon_core.package_identification:_identify(src/install) by extension 'ignore'
[0.585s] Level 1:colcon.colcon_core.package_identification:_identify(src/install) ignored
[0.585s] Level 1:colcon.colcon_core.package_identification:_identify(src/log) by extensions ['ignore', 'ignore_ament_install']
[0.585s] Level 1:colcon.colcon_core.package_identification:_identify(src/log) by extension 'ignore'
[0.586s] Level 1:colcon.colcon_core.package_identification:_identify(src/log) ignored
[0.586s] Level 1:colcon.colcon_core.package_identification:_identify(src/temperature_monitor) by extensions ['ignore', 'ignore_ament_install']
[0.586s] Level 1:colcon.colcon_core.package_identification:_identify(src/temperature_monitor) by extension 'ignore'
[0.586s] Level 1:colcon.colcon_core.package_identification:_identify(src/temperature_monitor) by extension 'ignore_ament_install'
[0.586s] Level 1:colcon.colcon_core.package_identification:_identify(src/temperature_monitor) by extensions ['colcon_pkg']
[0.586s] Level 1:colcon.colcon_core.package_identification:_identify(src/temperature_monitor) by extension 'colcon_pkg'
[0.586s] Level 1:colcon.colcon_core.package_identification:_identify(src/temperature_monitor) by extensions ['colcon_meta']
[0.586s] Level 1:colcon.colcon_core.package_identification:_identify(src/temperature_monitor) by extension 'colcon_meta'
[0.586s] Level 1:colcon.colcon_core.package_identification:_identify(src/temperature_monitor) by extensions ['ros']
[0.586s] Level 1:colcon.colcon_core.package_identification:_identify(src/temperature_monitor) by extension 'ros'
[0.590s] DEBUG:colcon.colcon_core.package_identification:Package 'src/temperature_monitor' with type 'ros.ament_python' and name 'temperature_monitor'
[0.590s] Level 1:colcon.colcon_core.package_identification:_identify(src/temperature_system) by extensions ['ignore', 'ignore_ament_install']
[0.590s] Level 1:colcon.colcon_core.package_identification:_identify(src/temperature_system) by extension 'ignore'
[0.590s] Level 1:colcon.colcon_core.package_identification:_identify(src/temperature_system) by extension 'ignore_ament_install'
[0.590s] Level 1:colcon.colcon_core.package_identification:_identify(src/temperature_system) by extensions ['colcon_pkg']
[0.591s] Level 1:colcon.colcon_core.package_identification:_identify(src/temperature_system) by extension 'colcon_pkg'
[0.591s] Level 1:colcon.colcon_core.package_identification:_identify(src/temperature_system) by extensions ['colcon_meta']
[0.591s] Level 1:colcon.colcon_core.package_identification:_identify(src/temperature_system) by extension 'colcon_meta'
[0.591s] Level 1:colcon.colcon_core.package_identification:_identify(src/temperature_system) by extensions ['ros']
[0.591s] Level 1:colcon.colcon_core.package_identification:_identify(src/temperature_system) by extension 'ros'
[0.592s] DEBUG:colcon.colcon_core.package_identification:Package 'src/temperature_system' with type 'ros.ament_python' and name 'temperature_system'
[0.592s] Level 1:colcon.colcon_core.package_discovery:discover_packages(recursive) using defaults
[0.592s] Level 1:colcon.colcon_core.package_discovery:discover_packages(ignore) discover
[0.592s] Level 1:colcon.colcon_core.package_discovery:discover_packages(ignore) using defaults
[0.592s] Level 1:colcon.colcon_core.package_discovery:discover_packages(path) discover
[0.592s] Level 1:colcon.colcon_core.package_discovery:discover_packages(path) using defaults
[0.611s] INFO:colcon.colcon_core.package_selection:Skipping not selected package 'temperature_monitor' in 'src/temperature_monitor'
[0.611s] Level 1:colcon.colcon_core.package_discovery:discover_packages(prefix_path) check parameters
[0.611s] Level 1:colcon.colcon_core.package_discovery:discover_packages(prefix_path) discover
[0.613s] DEBUG:colcon.colcon_installed_package_information.package_discovery:Found 2 installed packages in /home/henrique/ros2_ws/install
[0.615s] DEBUG:colcon.colcon_installed_package_information.package_discovery:Found 285 installed packages in /opt/ros/jazzy
[0.616s] Level 1:colcon.colcon_core.package_discovery:discover_packages(prefix_path) using defaults
[0.716s] Level 5:colcon.colcon_core.verb:set package 'temperature_system' build argument 'cmake_args' from command line to 'None'
[0.716s] Level 5:colcon.colcon_core.verb:set package 'temperature_system' build argument 'cmake_target' from command line to 'None'
[0.716s] Level 5:colcon.colcon_core.verb:set package 'temperature_system' build argument 'cmake_target_skip_unavailable' from command line to 'False'
[0.716s] Level 5:colcon.colcon_core.verb:set package 'temperature_system' build argument 'cmake_clean_cache' from command line to 'False'
[0.716s] Level 5:colcon.colcon_core.verb:set package 'temperature_system' build argument 'cmake_clean_first' from command line to 'False'
[0.716s] Level 5:colcon.colcon_core.verb:set package 'temperature_system' build argument 'cmake_force_configure' from command line to 'False'
[0.716s] Level 5:colcon.colcon_core.verb:set package 'temperature_system' build argument 'ament_cmake_args' from command line to 'None'
[0.716s] Level 5:colcon.colcon_core.verb:set package 'temperature_system' build argument 'catkin_cmake_args' from command line to 'None'
[0.716s] Level 5:colcon.colcon_core.verb:set package 'temperature_system' build argument 'catkin_skip_building_tests' from command line to 'False'
[0.716s] DEBUG:colcon.colcon_core.verb:Building package 'temperature_system' with the following arguments: {'ament_cmake_args': None, 'build_base': '/home/henrique/ros2_ws/build/temperature_system', 'catkin_cmake_args': None, 'catkin_skip_building_tests': False, 'cmake_args': None, 'cmake_clean_cache': False, 'cmake_clean_first': False, 'cmake_force_configure': False, 'cmake_target': None, 'cmake_target_skip_unavailable': False, 'install_base': '/home/henrique/ros2_ws/install/temperature_system', 'merge_install': False, 'path': '/home/henrique/ros2_ws/src/temperature_system', 'symlink_install': True, 'test_result_base': None}
[0.716s] INFO:colcon.colcon_core.executor:Executing jobs using 'parallel' executor
[0.718s] DEBUG:colcon.colcon_parallel_executor.executor.parallel:run_until_complete
[0.718s] INFO:colcon.colcon_ros.task.ament_python.build:Building ROS package in '/home/henrique/ros2_ws/src/temperature_system' with build type 'ament_python'
[0.719s] Level 1:colcon.colcon_core.shell:create_environment_hook('temperature_system', 'ament_prefix_path')
[0.721s] INFO:colcon.colcon_core.plugin_system:Skipping extension 'colcon_core.shell.bat': Not used on non-Windows systems
[0.722s] INFO:colcon.colcon_core.shell:Creating environment hook '/home/henrique/ros2_ws/install/temperature_system/share/temperature_system/hook/ament_prefix_path.ps1'
[0.724s] INFO:colcon.colcon_core.shell:Creating environment descriptor '/home/henrique/ros2_ws/install/temperature_system/share/temperature_system/hook/ament_prefix_path.dsv'
[0.724s] INFO:colcon.colcon_core.shell:Creating environment hook '/home/henrique/ros2_ws/install/temperature_system/share/temperature_system/hook/ament_prefix_path.sh'
[0.726s] INFO:colcon.colcon_core.shell:Skip shell extension 'powershell' for command environment: Not usable outside of PowerShell
[0.726s] DEBUG:colcon.colcon_core.shell:Skip shell extension 'dsv' for command environment
[1.269s] INFO:colcon.colcon_core.task.python.build:Building Python package in '/home/henrique/ros2_ws/src/temperature_system'
[1.269s] INFO:colcon.colcon_core.shell:Skip shell extension 'powershell' for command environment: Not usable outside of PowerShell
[1.270s] DEBUG:colcon.colcon_core.shell:Skip shell extension 'dsv' for command environment
[2.160s] DEBUG:colcon.colcon_core.event_handler.log_command:Invoking command in '/home/henrique/ros2_ws/build/temperature_system': DEBUGINFOD_URLS=https://debuginfod.ubuntu.com PYTHONPATH=/home/henrique/ros2_ws/build/temperature_system/prefix_override:/usr/lib/python3/dist-packages/colcon_core/task/python/colcon_distutils_commands:/home/henrique/ros2_ws/install/temperature_system/lib/python3.12/site-packages:${PYTHONPATH} /usr/bin/python3 -W ignore:setup.py install is deprecated -W ignore:easy_install command is deprecated setup.py develop --editable --build-directory /home/henrique/ros2_ws/build/temperature_system/build --no-deps symlink_data
[2.999s] Level 1:colcon.colcon_core.shell:create_environment_hook('temperature_system', 'pythonpath_develop')
[2.999s] INFO:colcon.colcon_core.shell:Creating environment hook '/home/henrique/ros2_ws/build/temperature_system/share/temperature_system/hook/pythonpath_develop.ps1'
[3.000s] DEBUG:colcon.colcon_core.event_handler.log_command:Invoked command in '/home/henrique/ros2_ws/build/temperature_system' returned '0': DEBUGINFOD_URLS=https://debuginfod.ubuntu.com PYTHONPATH=/home/henrique/ros2_ws/build/temperature_system/prefix_override:/usr/lib/python3/dist-packages/colcon_core/task/python/colcon_distutils_commands:/home/henrique/ros2_ws/install/temperature_system/lib/python3.12/site-packages:${PYTHONPATH} /usr/bin/python3 -W ignore:setup.py install is deprecated -W ignore:easy_install command is deprecated setup.py develop --editable --build-directory /home/henrique/ros2_ws/build/temperature_system/build --no-deps symlink_data
[3.001s] INFO:colcon.colcon_core.shell:Creating environment descriptor '/home/henrique/ros2_ws/build/temperature_system/share/temperature_system/hook/pythonpath_develop.dsv'
[3.002s] INFO:colcon.colcon_core.shell:Creating environment hook '/home/henrique/ros2_ws/build/temperature_system/share/temperature_system/hook/pythonpath_develop.sh'
[3.007s] Level 1:colcon.colcon_core.environment:checking '/home/henrique/ros2_ws/install/temperature_system' for CMake module files
[3.009s] Level 1:colcon.colcon_core.environment:checking '/home/henrique/ros2_ws/install/temperature_system' for CMake config files
[3.010s] Level 1:colcon.colcon_core.environment:checking '/home/henrique/ros2_ws/install/temperature_system/lib'
[3.011s] Level 1:colcon.colcon_core.environment:checking '/home/henrique/ros2_ws/install/temperature_system/bin'
[3.012s] Level 1:colcon.colcon_core.environment:checking '/home/henrique/ros2_ws/install/temperature_system/lib/pkgconfig/temperature_system.pc'
[3.013s] Level 1:colcon.colcon_core.environment:checking '/home/henrique/ros2_ws/install/temperature_system/lib/python3.12/site-packages'
[3.013s] Level 1:colcon.colcon_core.shell:create_environment_hook('temperature_system', 'pythonpath')
[3.014s] INFO:colcon.colcon_core.shell:Creating environment hook '/home/henrique/ros2_ws/install/temperature_system/share/temperature_system/hook/pythonpath.ps1'
[3.015s] INFO:colcon.colcon_core.shell:Creating environment descriptor '/home/henrique/ros2_ws/install/temperature_system/share/temperature_system/hook/pythonpath.dsv'
[3.017s] INFO:colcon.colcon_core.shell:Creating environment hook '/home/henrique/ros2_ws/install/temperature_system/share/temperature_system/hook/pythonpath.sh'
[3.019s] Level 1:colcon.colcon_core.environment:checking '/home/henrique/ros2_ws/install/temperature_system/bin'
[3.019s] Level 1:colcon.colcon_core.environment:create_environment_scripts_only(temperature_system)
[3.020s] INFO:colcon.colcon_core.shell:Creating package script '/home/henrique/ros2_ws/install/temperature_system/share/temperature_system/package.ps1'
[3.022s] INFO:colcon.colcon_core.shell:Creating package descriptor '/home/henrique/ros2_ws/install/temperature_system/share/temperature_system/package.dsv'
[3.024s] INFO:colcon.colcon_core.shell:Creating package script '/home/henrique/ros2_ws/install/temperature_system/share/temperature_system/package.sh'
[3.025s] INFO:colcon.colcon_core.shell:Creating package script '/home/henrique/ros2_ws/install/temperature_system/share/temperature_system/package.bash'
[3.028s] INFO:colcon.colcon_core.shell:Creating package script '/home/henrique/ros2_ws/install/temperature_system/share/temperature_system/package.zsh'
[3.029s] Level 1:colcon.colcon_core.environment:create_file_with_runtime_dependencies(/home/henrique/ros2_ws/install/temperature_system/share/colcon-core/packages/temperature_system)
[3.031s] DEBUG:colcon.colcon_parallel_executor.executor.parallel:closing loop
[3.033s] DEBUG:colcon.colcon_parallel_executor.executor.parallel:loop closed
[3.033s] DEBUG:colcon.colcon_parallel_executor.executor.parallel:run_until_complete finished with '0'
[3.034s] DEBUG:colcon.colcon_core.event_reactor:joining thread
[3.045s] INFO:colcon.colcon_core.plugin_system:Skipping extension 'colcon_notification.desktop_notification.terminal_notifier': Not used on non-Darwin systems
[3.046s] INFO:colcon.colcon_core.plugin_system:Skipping extension 'colcon_notification.desktop_notification.win32': Not used on non-Windows systems
[3.046s] INFO:colcon.colcon_notification.desktop_notification:Sending desktop notification using 'notify2'
[3.099s] DEBUG:colcon.colcon_core.event_reactor:joined thread
[3.100s] INFO:colcon.colcon_core.shell:Creating prefix script '/home/henrique/ros2_ws/install/local_setup.ps1'
[3.105s] INFO:colcon.colcon_core.shell:Creating prefix util module '/home/henrique/ros2_ws/install/_local_setup_util_ps1.py'
[3.111s] INFO:colcon.colcon_core.shell:Creating prefix chain script '/home/henrique/ros2_ws/install/setup.ps1'
[3.113s] INFO:colcon.colcon_core.shell:Creating prefix script '/home/henrique/ros2_ws/install/local_setup.sh'
[3.114s] INFO:colcon.colcon_core.shell:Creating prefix util module '/home/henrique/ros2_ws/install/_local_setup_util_sh.py'
[3.115s] INFO:colcon.colcon_core.shell:Creating prefix chain script '/home/henrique/ros2_ws/install/setup.sh'
[3.117s] INFO:colcon.colcon_core.shell:Creating prefix script '/home/henrique/ros2_ws/install/local_setup.bash'
[3.119s] INFO:colcon.colcon_core.shell:Creating prefix chain script '/home/henrique/ros2_ws/install/setup.bash'
[3.122s] INFO:colcon.colcon_core.shell:Creating prefix script '/home/henrique/ros2_ws/install/local_setup.zsh'
[3.124s] INFO:colcon.colcon_core.shell:Creating prefix chain script '/home/henrique/ros2_ws/install/setup.zsh'
