[9.040s] Invoking command in '/home/henrique/ros2_ws/src/temperature_system': DEBUGINFOD_URLS=https://debuginfod.ubuntu.com PYTHONPATH=/home/henrique/ros2_ws/build/temperature_system/prefix_override:/usr/lib/python3/dist-packages/colcon_core/task/python/colcon_distutils_commands:/home/henrique/ros2_ws/install/temperature_system/lib/python3.12/site-packages:${PYTHONPATH} /usr/bin/python3 -W ignore:setup.py install is deprecated -W ignore:easy_install command is deprecated setup.py egg_info --egg-base ../../build/temperature_system build --build-base /home/henrique/ros2_ws/build/temperature_system/build install --record /home/henrique/ros2_ws/build/temperature_system/install.log --single-version-externally-managed install_data
[11.455s] running egg_info
[11.788s] writing ../../build/temperature_system/temperature_system.egg-info/PKG-INFO
[11.795s] writing dependency_links to ../../build/temperature_system/temperature_system.egg-info/dependency_links.txt
[11.832s] writing entry points to ../../build/temperature_system/temperature_system.egg-info/entry_points.txt
[11.862s] writing requirements to ../../build/temperature_system/temperature_system.egg-info/requires.txt
[11.870s] writing top-level names to ../../build/temperature_system/temperature_system.egg-info/top_level.txt
[13.084s] reading manifest file '../../build/temperature_system/temperature_system.egg-info/SOURCES.txt'
[13.096s] writing manifest file '../../build/temperature_system/temperature_system.egg-info/SOURCES.txt'
[13.106s] running build
[13.106s] running build_py
[13.117s] running install
[13.229s] running install_lib
[13.484s] running install_data
[13.484s] copying launch/launch.py -> /home/henrique/ros2_ws/install/temperature_system/share/temperature_system/launch
[13.494s] running install_egg_info
[13.693s] removing '/home/henrique/ros2_ws/install/temperature_system/lib/python3.12/site-packages/temperature_system-0.0.0-py3.12.egg-info' (and everything under it)
[13.720s] Copying ../../build/temperature_system/temperature_system.egg-info to /home/henrique/ros2_ws/install/temperature_system/lib/python3.12/site-packages/temperature_system-0.0.0-py3.12.egg-info
[13.744s] running install_scripts
[15.026s] Installing advanced_monitor_node script to /home/henrique/ros2_ws/install/temperature_system/lib/temperature_system
[15.030s] Installing enhanced_publisher_node script to /home/henrique/ros2_ws/install/temperature_system/lib/temperature_system
[15.031s] Installing logger_node script to /home/henrique/ros2_ws/install/temperature_system/lib/temperature_system
[15.033s] writing list of installed files to '/home/henrique/ros2_ws/build/temperature_system/install.log'
[15.212s] Invoked command in '/home/henrique/ros2_ws/src/temperature_system' returned '0': DEBUGINFOD_URLS=https://debuginfod.ubuntu.com PYTHONPATH=/home/henrique/ros2_ws/build/temperature_system/prefix_override:/usr/lib/python3/dist-packages/colcon_core/task/python/colcon_distutils_commands:/home/henrique/ros2_ws/install/temperature_system/lib/python3.12/site-packages:${PYTHONPATH} /usr/bin/python3 -W ignore:setup.py install is deprecated -W ignore:easy_install command is deprecated setup.py egg_info --egg-base ../../build/temperature_system build --build-base /home/henrique/ros2_ws/build/temperature_system/build install --record /home/henrique/ros2_ws/build/temperature_system/install.log --single-version-externally-managed install_data
