[0.111s] Invoking command in '/home/henrique/ros2_ws/build/my_robot_description': CMAKE_PREFIX_PATH=${CMAKE_PREFIX_PATH}:/home/henrique/ros2_ws/install/temperature_system:/home/henrique/ros2_ws/install/temperature_monitor:/opt/ros/jazzy DEBUGINFOD_URLS=https://debuginfod.ubuntu.com /usr/bin/cmake --build /home/henrique/ros2_ws/build/my_robot_description -- -j2 -l2
[0.715s] Invoked command in '/home/henrique/ros2_ws/build/my_robot_description' returned '0': CMAKE_PREFIX_PATH=${CMAKE_PREFIX_PATH}:/home/henrique/ros2_ws/install/temperature_system:/home/henrique/ros2_ws/install/temperature_monitor:/opt/ros/jazzy DEBUGINFOD_URLS=https://debuginfod.ubuntu.com /usr/bin/cmake --build /home/henrique/ros2_ws/build/my_robot_description -- -j2 -l2
[0.783s] Invoking command in '/home/henrique/ros2_ws/build/my_robot_description': CMAKE_PREFIX_PATH=${CMAKE_PREFIX_PATH}:/home/henrique/ros2_ws/install/temperature_system:/home/henrique/ros2_ws/install/temperature_monitor:/opt/ros/jazzy DEBUGINFOD_URLS=https://debuginfod.ubuntu.com /usr/bin/cmake --install /home/henrique/ros2_ws/build/my_robot_description
[0.899s] -- Install configuration: ""
[0.899s] -- Up-to-date: /home/henrique/ros2_ws/install/my_robot_description/share/my_robot_description/urdf
[0.908s] -- Up-to-date: /home/henrique/ros2_ws/install/my_robot_description/share/my_robot_description/urdf/my_robot_gazebo.urdf
[0.913s] -- Up-to-date: /home/henrique/ros2_ws/install/my_robot_description/share/my_robot_description/urdf/my_robot.urdf
[0.914s] -- Up-to-date: /home/henrique/ros2_ws/install/my_robot_description/share/my_robot_description/launch
[0.919s] -- Up-to-date: /home/henrique/ros2_ws/install/my_robot_description/share/my_robot_description/launch/components
[0.919s] -- Up-to-date: /home/henrique/ros2_ws/install/my_robot_description/share/my_robot_description/launch/components/robot_description.launch.py
[0.920s] -- Up-to-date: /home/henrique/ros2_ws/install/my_robot_description/share/my_robot_description/launch/components/control.launch.py
[0.920s] -- Up-to-date: /home/henrique/ros2_ws/install/my_robot_description/share/my_robot_description/launch/components/simulation.launch.py
[0.920s] -- Up-to-date: /home/henrique/ros2_ws/install/my_robot_description/share/my_robot_description/launch/components/visualization.launch.py
[0.927s] -- Up-to-date: /home/henrique/ros2_ws/install/my_robot_description/share/my_robot_description/launch/gazebo.launch.py
[0.928s] -- Installing: /home/henrique/ros2_ws/install/my_robot_description/share/my_robot_description/launch/main.launch.py
[0.928s] -- Up-to-date: /home/henrique/ros2_ws/install/my_robot_description/share/my_robot_description/launch/modes
[0.928s] -- Up-to-date: /home/henrique/ros2_ws/install/my_robot_description/share/my_robot_description/launch/modes/simulation.launch.py
[0.934s] -- Up-to-date: /home/henrique/ros2_ws/install/my_robot_description/share/my_robot_description/launch/modes/teleop.launch.py
[0.950s] -- Up-to-date: /home/henrique/ros2_ws/install/my_robot_description/share/my_robot_description/launch/modes/basic.launch.py
[0.951s] -- Up-to-date: /home/henrique/ros2_ws/install/my_robot_description/share/my_robot_description/launch/display.launch.py
[0.957s] -- Up-to-date: /home/henrique/ros2_ws/install/my_robot_description/share/my_robot_description/rviz
[0.962s] -- Up-to-date: /home/henrique/ros2_ws/install/my_robot_description/share/my_robot_description/rviz/urdf_config_nogazebo.rviz
[0.970s] -- Up-to-date: /home/henrique/ros2_ws/install/my_robot_description/share/my_robot_description/rviz/urdf_config.rviz
[0.971s] -- Up-to-date: /home/henrique/ros2_ws/install/my_robot_description/share/my_robot_description/config
[0.971s] -- Up-to-date: /home/henrique/ros2_ws/install/my_robot_description/share/my_robot_description/config/params
[0.980s] -- Up-to-date: /home/henrique/ros2_ws/install/my_robot_description/share/my_robot_description/config/params/robot_config.yaml
[0.981s] -- Up-to-date: /home/henrique/ros2_ws/install/my_robot_description/share/my_robot_description/config/gz_bridge.yaml
[0.997s] -- Up-to-date: /home/henrique/ros2_ws/install/my_robot_description/share/my_robot_description/worlds
[1.004s] -- Up-to-date: /home/henrique/ros2_ws/install/my_robot_description/share/my_robot_description/worlds/diff_drive
[1.005s] -- Up-to-date: /home/henrique/ros2_ws/install/my_robot_description/share/my_robot_description/worlds/diff_drive/diff_drive.sdf
[1.005s] -- Up-to-date: /home/henrique/ros2_ws/install/my_robot_description/share/ament_index/resource_index/package_run_dependencies/my_robot_description
[1.010s] -- Up-to-date: /home/henrique/ros2_ws/install/my_robot_description/share/ament_index/resource_index/parent_prefix_path/my_robot_description
[1.011s] -- Up-to-date: /home/henrique/ros2_ws/install/my_robot_description/share/my_robot_description/environment/ament_prefix_path.sh
[1.011s] -- Up-to-date: /home/henrique/ros2_ws/install/my_robot_description/share/my_robot_description/environment/ament_prefix_path.dsv
[1.011s] -- Up-to-date: /home/henrique/ros2_ws/install/my_robot_description/share/my_robot_description/environment/path.sh
[1.011s] -- Up-to-date: /home/henrique/ros2_ws/install/my_robot_description/share/my_robot_description/environment/path.dsv
[1.018s] -- Up-to-date: /home/henrique/ros2_ws/install/my_robot_description/share/my_robot_description/local_setup.bash
[1.018s] -- Up-to-date: /home/henrique/ros2_ws/install/my_robot_description/share/my_robot_description/local_setup.sh
[1.019s] -- Up-to-date: /home/henrique/ros2_ws/install/my_robot_description/share/my_robot_description/local_setup.zsh
[1.019s] -- Up-to-date: /home/henrique/ros2_ws/install/my_robot_description/share/my_robot_description/local_setup.dsv
[1.026s] -- Installing: /home/henrique/ros2_ws/install/my_robot_description/share/my_robot_description/package.dsv
[1.027s] -- Up-to-date: /home/henrique/ros2_ws/install/my_robot_description/share/ament_index/resource_index/packages/my_robot_description
[1.039s] -- Up-to-date: /home/henrique/ros2_ws/install/my_robot_description/share/my_robot_description/cmake/my_robot_descriptionConfig.cmake
[1.040s] -- Up-to-date: /home/henrique/ros2_ws/install/my_robot_description/share/my_robot_description/cmake/my_robot_descriptionConfig-version.cmake
[1.043s] -- Up-to-date: /home/henrique/ros2_ws/install/my_robot_description/share/my_robot_description/package.xml
[1.044s] Invoked command in '/home/henrique/ros2_ws/build/my_robot_description' returned '0': CMAKE_PREFIX_PATH=${CMAKE_PREFIX_PATH}:/home/henrique/ros2_ws/install/temperature_system:/home/henrique/ros2_ws/install/temperature_monitor:/opt/ros/jazzy DEBUGINFOD_URLS=https://debuginfod.ubuntu.com /usr/bin/cmake --install /home/henrique/ros2_ws/build/my_robot_description
