[4.210s] Invoking command in '/home/henrique/ros2_ws/src/temperature_system': DEBUGINFOD_URLS=https://debuginfod.ubuntu.com PYTHONPATH=/home/henrique/ros2_ws/build/temperature_system/prefix_override:/usr/lib/python3/dist-packages/colcon_core/task/python/colcon_distutils_commands:/home/henrique/ros2_ws/install/temperature_system/lib/python3.12/site-packages:${PYTHONPATH} /usr/bin/python3 -W ignore:setup.py install is deprecated -W ignore:easy_install command is deprecated setup.py egg_info --egg-base ../../build/temperature_system build --build-base /home/henrique/ros2_ws/build/temperature_system/build install --record /home/henrique/ros2_ws/build/temperature_system/install.log --single-version-externally-managed install_data
[5.224s] running egg_info
[5.245s] writing ../../build/temperature_system/temperature_system.egg-info/PKG-INFO
[5.247s] writing dependency_links to ../../build/temperature_system/temperature_system.egg-info/dependency_links.txt
[5.248s] writing entry points to ../../build/temperature_system/temperature_system.egg-info/entry_points.txt
[5.249s] writing requirements to ../../build/temperature_system/temperature_system.egg-info/requires.txt
[5.249s] writing top-level names to ../../build/temperature_system/temperature_system.egg-info/top_level.txt
[5.347s] reading manifest file '../../build/temperature_system/temperature_system.egg-info/SOURCES.txt'
[5.349s] writing manifest file '../../build/temperature_system/temperature_system.egg-info/SOURCES.txt'
[5.350s] running build
[5.352s] running build_py
[5.353s] running install
[5.364s] running install_lib
[5.404s] running install_data
[5.404s] copying launch/launch.py -> /home/henrique/ros2_ws/install/temperature_system/share/temperature_system/launch
[5.410s] running install_egg_info
[5.475s] removing '/home/henrique/ros2_ws/install/temperature_system/lib/python3.12/site-packages/temperature_system-0.0.0-py3.12.egg-info' (and everything under it)
[5.482s] Copying ../../build/temperature_system/temperature_system.egg-info to /home/henrique/ros2_ws/install/temperature_system/lib/python3.12/site-packages/temperature_system-0.0.0-py3.12.egg-info
[5.489s] running install_scripts
[5.948s] Installing advanced_monitor_node script to /home/henrique/ros2_ws/install/temperature_system/lib/temperature_system
[5.950s] Installing enhanced_publisher_node script to /home/henrique/ros2_ws/install/temperature_system/lib/temperature_system
[5.950s] Installing logger_node script to /home/henrique/ros2_ws/install/temperature_system/lib/temperature_system
[5.951s] writing list of installed files to '/home/henrique/ros2_ws/build/temperature_system/install.log'
[6.025s] Invoked command in '/home/henrique/ros2_ws/src/temperature_system' returned '0': DEBUGINFOD_URLS=https://debuginfod.ubuntu.com PYTHONPATH=/home/henrique/ros2_ws/build/temperature_system/prefix_override:/usr/lib/python3/dist-packages/colcon_core/task/python/colcon_distutils_commands:/home/henrique/ros2_ws/install/temperature_system/lib/python3.12/site-packages:${PYTHONPATH} /usr/bin/python3 -W ignore:setup.py install is deprecated -W ignore:easy_install command is deprecated setup.py egg_info --egg-base ../../build/temperature_system build --build-base /home/henrique/ros2_ws/build/temperature_system/build install --record /home/henrique/ros2_ws/build/temperature_system/install.log --single-version-externally-managed install_data
