[0.035s] Invoking command in '/home/henrique/ros2_ws/build/simple_robot_description': CMAKE_PREFIX_PATH=${CMAKE_PREFIX_PATH}:/home/henrique/ros2_ws/install/temperature_system:/home/henrique/ros2_ws/install/temperature_monitor:/opt/ros/jazzy DEBUGINFOD_URLS=https://debuginfod.ubuntu.com /usr/bin/cmake --build /home/henrique/ros2_ws/build/simple_robot_description -- -j2 -l2
[0.434s] -- Found ament_cmake: 2.5.4 (/opt/ros/jazzy/share/ament_cmake/cmake)
[1.632s] -- Found ament_lint_auto: 0.17.2 (/opt/ros/jazzy/share/ament_lint_auto/cmake)
[1.978s] -- Added test 'flake8' to check Python code syntax and style conventions
[1.979s] -- Configured 'flake8' exclude dirs and/or files: 
[1.983s] -- Added test 'lint_cmake' to check CMake code style
[1.985s] -- Added test 'pep257' to check Python code against some of the docstring style conventions in PEP 257
[1.994s] -- Added test 'xmllint' to check XML markup files
[2.001s] -- Configuring done (1.6s)
[2.061s] -- Generating done (0.0s)
[2.068s] -- Build files have been written to: /home/henrique/ros2_ws/build/simple_robot_description
[2.212s] Invoked command in '/home/henrique/ros2_ws/build/simple_robot_description' returned '0': CMAKE_PREFIX_PATH=${CMAKE_PREFIX_PATH}:/home/henrique/ros2_ws/install/temperature_system:/home/henrique/ros2_ws/install/temperature_monitor:/opt/ros/jazzy DEBUGINFOD_URLS=https://debuginfod.ubuntu.com /usr/bin/cmake --build /home/henrique/ros2_ws/build/simple_robot_description -- -j2 -l2
[2.249s] Invoking command in '/home/henrique/ros2_ws/build/simple_robot_description': CMAKE_PREFIX_PATH=${CMAKE_PREFIX_PATH}:/home/henrique/ros2_ws/install/temperature_system:/home/henrique/ros2_ws/install/temperature_monitor:/opt/ros/jazzy DEBUGINFOD_URLS=https://debuginfod.ubuntu.com /usr/bin/cmake --install /home/henrique/ros2_ws/build/simple_robot_description
[2.311s] -- Install configuration: ""
[2.311s] -- Up-to-date: /home/henrique/ros2_ws/install/simple_robot_description/share/simple_robot_description/urdf
[2.313s] -- Up-to-date: /home/henrique/ros2_ws/install/simple_robot_description/share/simple_robot_description/urdf/simple_robot_gazebo.urdf
[2.316s] -- Up-to-date: /home/henrique/ros2_ws/install/simple_robot_description/share/simple_robot_description/urdf/simple_robot.urdf
[2.316s] -- Installing: /home/henrique/ros2_ws/install/simple_robot_description/share/simple_robot_description/include
[2.317s] -- Installing: /home/henrique/ros2_ws/install/simple_robot_description/share/simple_robot_description/include/rviz.launch.py
[2.322s] -- Installing: /home/henrique/ros2_ws/install/simple_robot_description/share/simple_robot_description/include/gazebo.launch.py
[2.326s] -- Installing: /home/henrique/ros2_ws/install/simple_robot_description/share/simple_robot_description/include/teleop.launch.py
[2.329s] -- Installing: /home/henrique/ros2_ws/install/simple_robot_description/share/simple_robot_description/include/robot_state_publisher.launch.py
[2.332s] -- Up-to-date: /home/henrique/ros2_ws/install/simple_robot_description/share/simple_robot_description/launch
[2.334s] -- Installing: /home/henrique/ros2_ws/install/simple_robot_description/share/simple_robot_description/launch/include
[2.335s] -- Installing: /home/henrique/ros2_ws/install/simple_robot_description/share/simple_robot_description/launch/include/rviz.launch.py
[2.338s] -- Installing: /home/henrique/ros2_ws/install/simple_robot_description/share/simple_robot_description/launch/include/gazebo.launch.py
[2.339s] -- Installing: /home/henrique/ros2_ws/install/simple_robot_description/share/simple_robot_description/launch/include/teleop.launch.py
[2.339s] -- Installing: /home/henrique/ros2_ws/install/simple_robot_description/share/simple_robot_description/launch/include/robot_state_publisher.launch.py
[2.341s] -- Up-to-date: /home/henrique/ros2_ws/install/simple_robot_description/share/simple_robot_description/launch/gazebo.launch.py
[2.341s] -- Installing: /home/henrique/ros2_ws/install/simple_robot_description/share/simple_robot_description/launch/robot_complete.launch.py
[2.344s] -- Up-to-date: /home/henrique/ros2_ws/install/simple_robot_description/share/simple_robot_description/launch/display.launch.py
[2.344s] -- Up-to-date: /home/henrique/ros2_ws/install/simple_robot_description/share/simple_robot_description/rviz
[2.344s] -- Up-to-date: /home/henrique/ros2_ws/install/simple_robot_description/share/simple_robot_description/rviz/urdf_config.rviz
[2.346s] -- Up-to-date: /home/henrique/ros2_ws/install/simple_robot_description/share/simple_robot_description/config
[2.348s] -- Up-to-date: /home/henrique/ros2_ws/install/simple_robot_description/share/simple_robot_description/config/gz_bridge.yaml
[2.348s] -- Up-to-date: /home/henrique/ros2_ws/install/simple_robot_description/share/simple_robot_description/worlds
[2.350s] -- Up-to-date: /home/henrique/ros2_ws/install/simple_robot_description/share/simple_robot_description/worlds/diff_drive
[2.350s] -- Up-to-date: /home/henrique/ros2_ws/install/simple_robot_description/share/simple_robot_description/worlds/diff_drive/diff_drive.sdf
[2.350s] -- Installing: /home/henrique/ros2_ws/install/simple_robot_description/share/ament_index/resource_index/package_run_dependencies/simple_robot_description
[2.352s] -- Installing: /home/henrique/ros2_ws/install/simple_robot_description/share/ament_index/resource_index/parent_prefix_path/simple_robot_description
[2.355s] -- Up-to-date: /home/henrique/ros2_ws/install/simple_robot_description/share/simple_robot_description/environment/ament_prefix_path.sh
[2.358s] -- Up-to-date: /home/henrique/ros2_ws/install/simple_robot_description/share/simple_robot_description/environment/ament_prefix_path.dsv
[2.358s] -- Up-to-date: /home/henrique/ros2_ws/install/simple_robot_description/share/simple_robot_description/environment/path.sh
[2.359s] -- Up-to-date: /home/henrique/ros2_ws/install/simple_robot_description/share/simple_robot_description/environment/path.dsv
[2.359s] -- Up-to-date: /home/henrique/ros2_ws/install/simple_robot_description/share/simple_robot_description/local_setup.bash
[2.359s] -- Up-to-date: /home/henrique/ros2_ws/install/simple_robot_description/share/simple_robot_description/local_setup.sh
[2.360s] -- Up-to-date: /home/henrique/ros2_ws/install/simple_robot_description/share/simple_robot_description/local_setup.zsh
[2.360s] -- Up-to-date: /home/henrique/ros2_ws/install/simple_robot_description/share/simple_robot_description/local_setup.dsv
[2.360s] -- Installing: /home/henrique/ros2_ws/install/simple_robot_description/share/simple_robot_description/package.dsv
[2.362s] -- Up-to-date: /home/henrique/ros2_ws/install/simple_robot_description/share/ament_index/resource_index/packages/simple_robot_description
[2.362s] -- Up-to-date: /home/henrique/ros2_ws/install/simple_robot_description/share/simple_robot_description/cmake/simple_robot_descriptionConfig.cmake
[2.362s] -- Up-to-date: /home/henrique/ros2_ws/install/simple_robot_description/share/simple_robot_description/cmake/simple_robot_descriptionConfig-version.cmake
[2.363s] -- Installing: /home/henrique/ros2_ws/install/simple_robot_description/share/simple_robot_description/package.xml
[2.372s] Invoked command in '/home/henrique/ros2_ws/build/simple_robot_description' returned '0': CMAKE_PREFIX_PATH=${CMAKE_PREFIX_PATH}:/home/henrique/ros2_ws/install/temperature_system:/home/henrique/ros2_ws/install/temperature_monitor:/opt/ros/jazzy DEBUGINFOD_URLS=https://debuginfod.ubuntu.com /usr/bin/cmake --install /home/henrique/ros2_ws/build/simple_robot_description
