running develop
Removing /home/henrique/ros2_ws/install/temperature_system/lib/python3.12/site-packages/temperature-system.egg-link (link to .)
running egg_info
writing ../../build/temperature_system/temperature_system.egg-info/PKG-INFO
writing dependency_links to ../../build/temperature_system/temperature_system.egg-info/dependency_links.txt
writing entry points to ../../build/temperature_system/temperature_system.egg-info/entry_points.txt
writing requirements to ../../build/temperature_system/temperature_system.egg-info/requires.txt
writing top-level names to ../../build/temperature_system/temperature_system.egg-info/top_level.txt
reading manifest file '../../build/temperature_system/temperature_system.egg-info/SOURCES.txt'
writing manifest file '../../build/temperature_system/temperature_system.egg-info/SOURCES.txt'
running build
running build_py
copying temperature_system/logger_node.py -> /home/henrique/ros2_ws/build/temperature_system/build/lib/temperature_system
running install
running install_lib
creating /home/henrique/ros2_ws/install/temperature_system/lib/python3.12/site-packages/temperature_system
copying /home/henrique/ros2_ws/build/temperature_system/build/lib/temperature_system/advanced_monitor_node.py -> /home/henrique/ros2_ws/install/temperature_system/lib/python3.12/site-packages/temperature_system
copying /home/henrique/ros2_ws/build/temperature_system/build/lib/temperature_system/__init__.py -> /home/henrique/ros2_ws/install/temperature_system/lib/python3.12/site-packages/temperature_system
copying /home/henrique/ros2_ws/build/temperature_system/build/lib/temperature_system/logger_node.py -> /home/henrique/ros2_ws/install/temperature_system/lib/python3.12/site-packages/temperature_system
copying /home/henrique/ros2_ws/build/temperature_system/build/lib/temperature_system/enhanced_publisher_node.py -> /home/henrique/ros2_ws/install/temperature_system/lib/python3.12/site-packages/temperature_system
byte-compiling /home/henrique/ros2_ws/install/temperature_system/lib/python3.12/site-packages/temperature_system/advanced_monitor_node.py to advanced_monitor_node.cpython-312.pyc
byte-compiling /home/henrique/ros2_ws/install/temperature_system/lib/python3.12/site-packages/temperature_system/__init__.py to __init__.cpython-312.pyc
byte-compiling /home/henrique/ros2_ws/install/temperature_system/lib/python3.12/site-packages/temperature_system/logger_node.py to logger_node.cpython-312.pyc
byte-compiling /home/henrique/ros2_ws/install/temperature_system/lib/python3.12/site-packages/temperature_system/enhanced_publisher_node.py to enhanced_publisher_node.cpython-312.pyc
running install_data
copying resource/temperature_system -> /home/henrique/ros2_ws/install/temperature_system/share/ament_index/resource_index/packages
copying package.xml -> /home/henrique/ros2_ws/install/temperature_system/share/temperature_system
copying launch/launch.py -> /home/henrique/ros2_ws/install/temperature_system/share/temperature_system/launch
running install_egg_info
Copying ../../build/temperature_system/temperature_system.egg-info to /home/henrique/ros2_ws/install/temperature_system/lib/python3.12/site-packages/temperature_system-0.0.0-py3.12.egg-info
running install_scripts
Installing advanced_monitor_node script to /home/henrique/ros2_ws/install/temperature_system/lib/temperature_system
Installing enhanced_publisher_node script to /home/henrique/ros2_ws/install/temperature_system/lib/temperature_system
Installing logger_node script to /home/henrique/ros2_ws/install/temperature_system/lib/temperature_system
writing list of installed files to '/home/henrique/ros2_ws/build/temperature_system/install.log'
