[0.000000] (-) TimerEvent: {}
[0.007234] (temperature_monitor) JobQueued: {'identifier': 'temperature_monitor', 'dependencies': OrderedDict()}
[0.007467] (temperature_system) JobQueued: {'identifier': 'temperature_system', 'dependencies': OrderedDict()}
[0.007608] (temperature_monitor) JobStarted: {'identifier': 'temperature_monitor'}
[0.103484] (-) TimerEvent: {}
[0.120178] (temperature_system) JobStarted: {'identifier': 'temperature_system'}
[0.208536] (-) TimerEvent: {}
[0.311607] (-) TimerEvent: {}
[0.418963] (-) TimerEvent: {}
[0.519582] (-) TimerEvent: {}
[0.621003] (-) TimerEvent: {}
[0.726895] (-) TimerEvent: {}
[0.827463] (-) TimerEvent: {}
[0.931995] (-) TimerEvent: {}
[1.034847] (-) TimerEvent: {}
[1.135422] (-) TimerEvent: {}
[1.239269] (-) TimerEvent: {}
[1.344059] (-) TimerEvent: {}
[1.447151] (-) TimerEvent: {}
[1.548891] (-) TimerEvent: {}
[1.649401] (-) TimerEvent: {}
[1.752712] (-) TimerEvent: {}
[1.854246] (-) TimerEvent: {}
[1.956971] (-) TimerEvent: {}
[2.059964] (-) TimerEvent: {}
[2.160474] (-) TimerEvent: {}
[2.263953] (-) TimerEvent: {}
[2.367093] (-) TimerEvent: {}
[2.471907] (-) TimerEvent: {}
[2.585981] (-) TimerEvent: {}
[2.692945] (-) TimerEvent: {}
[2.793871] (-) TimerEvent: {}
[2.896220] (-) TimerEvent: {}
[3.001146] (-) TimerEvent: {}
[3.104173] (-) TimerEvent: {}
[3.211259] (-) TimerEvent: {}
[3.319004] (-) TimerEvent: {}
[3.426210] (-) TimerEvent: {}
[3.529387] (-) TimerEvent: {}
[3.638975] (-) TimerEvent: {}
[3.739989] (-) TimerEvent: {}
[3.846964] (-) TimerEvent: {}
[3.951934] (-) TimerEvent: {}
[4.052727] (-) TimerEvent: {}
[4.153367] (-) TimerEvent: {}
[4.255930] (-) TimerEvent: {}
[4.358904] (-) TimerEvent: {}
[4.459468] (-) TimerEvent: {}
[4.564195] (-) TimerEvent: {}
[4.665761] (-) TimerEvent: {}
[4.773419] (-) TimerEvent: {}
[4.874398] (-) TimerEvent: {}
[4.978932] (-) TimerEvent: {}
[5.085941] (-) TimerEvent: {}
[5.186562] (-) TimerEvent: {}
[5.290688] (-) TimerEvent: {}
[5.391673] (-) TimerEvent: {}
[5.493252] (-) TimerEvent: {}
[5.595906] (-) TimerEvent: {}
[5.698700] (-) TimerEvent: {}
[5.721907] (temperature_system) StderrLine: {'line': b'Traceback (most recent call last):\n  File "/usr/lib/python3/dist-packages/colcon_core/executor/__init__.py", line 91, in __call__\n    rc = await self.task(*args, **kwargs)\n         ^^^^^^^^^^^^^^^^^^^^^^^^^^^^^^^^\n  File "/usr/lib/python3/dist-packages/colcon_core/task/__init__.py", line 93, in __call__\n    return await task_method(*args, **kwargs)\n           ^^^^^^^^^^^^^^^^^^^^^^^^^^^^^^^^^^\n  File "/usr/lib/python3/dist-packages/colcon_ros/task/ament_python/build.py", line 51, in build\n    setup_py_data = get_setup_data(self.context.pkg, env)\n                    ^^^^^^^^^^^^^^^^^^^^^^^^^^^^^^^^^^^^^\n  File "/usr/lib/python3/dist-packages/colcon_core/task/python/__init__.py", line 20, in get_setup_data\n    return dict(pkg.metadata[key](env))\n                ^^^^^^^^^^^^^^^^^^^^^^\n  File "/usr/lib/python3/dist-packages/colcon_ros/package_augmentation/ros_ament_python.py", line 57, in getter\n    return get_setup_information(\n           ^^^^^^^^^^^^^^^^^^^^^^\n  File "/usr/lib/python3/dist-packages/colcon_python_setup_py/package_identification/python_setup_py.py", line 249, in get_setup_information\n    _setup_information_cache[hashable_env] = _get_setup_information(\n                                             ^^^^^^^^^^^^^^^^^^^^^^^\n  File "/usr/lib/python3/dist-packages/colcon_python_setup_py/package_identification/python_setup_py.py", line 296, in _get_setup_information\n    result = subprocess.run(\n             ^^^^^^^^^^^^^^^\n  File "/usr/lib/python3.12/subprocess.py", line 571, in run\n    raise CalledProcessError(retcode, process.args,\nsubprocess.CalledProcessError: Command \'[\'/usr/bin/python3\', \'-c\', \'import sys;from contextlib import suppress;exec("with suppress(ImportError):    from setuptools.extern.packaging.specifiers    import SpecifierSet");exec("with suppress(ImportError):    from packaging.specifiers import SpecifierSet");from distutils.core import run_setup;dist = run_setup(    \\\'setup.py\\\', script_args=(\\\'--dry-run\\\',), stop_after=\\\'config\\\');skip_keys = (\\\'cmdclass\\\', \\\'distclass\\\', \\\'ext_modules\\\', \\\'metadata\\\');data = {    key: value for key, value in dist.__dict__.items()     if (        not key.startswith(\\\'_\\\') and         not callable(value) and         key not in skip_keys and         key not in dist.display_option_names    )};data[\\\'metadata\\\'] = {    k: v for k, v in dist.metadata.__dict__.items()     if k not in (\\\'license_files\\\', \\\'provides_extras\\\')};sys.stdout.buffer.write(repr(data).encode(\\\'utf-8\\\'))\']\' returned non-zero exit status 1.\n'}
[5.734722] (temperature_system) JobEnded: {'identifier': 'temperature_system', 'rc': 1}
[5.749485] (temperature_monitor) JobEnded: {'identifier': 'temperature_monitor', 'rc': 'SIGINT'}
[5.758307] (-) EventReactorShutdown: {}
