[0.045s] Invoking command in '/home/henrique/ros2_ws/build/simple_robot_description': CMAKE_PREFIX_PATH=${CMAKE_PREFIX_PATH}:/home/henrique/ros2_ws/install/temperature_system:/home/henrique/ros2_ws/install/temperature_monitor:/opt/ros/jazzy DEBUGINFOD_URLS=https://debuginfod.ubuntu.com /usr/bin/cmake --build /home/henrique/ros2_ws/build/simple_robot_description -- -j2 -l2
[0.416s] Invoked command in '/home/henrique/ros2_ws/build/simple_robot_description' returned '0': CMAKE_PREFIX_PATH=${CMAKE_PREFIX_PATH}:/home/henrique/ros2_ws/install/temperature_system:/home/henrique/ros2_ws/install/temperature_monitor:/opt/ros/jazzy DEBUGINFOD_URLS=https://debuginfod.ubuntu.com /usr/bin/cmake --build /home/henrique/ros2_ws/build/simple_robot_description -- -j2 -l2
[0.591s] Invoking command in '/home/henrique/ros2_ws/build/simple_robot_description': CMAKE_PREFIX_PATH=${CMAKE_PREFIX_PATH}:/home/henrique/ros2_ws/install/temperature_system:/home/henrique/ros2_ws/install/temperature_monitor:/opt/ros/jazzy DEBUGINFOD_URLS=https://debuginfod.ubuntu.com /usr/bin/cmake --install /home/henrique/ros2_ws/build/simple_robot_description
[0.662s] -- Install configuration: ""
[0.662s] -- Up-to-date: /home/henrique/ros2_ws/install/simple_robot_description/share/simple_robot_description/urdf
[0.666s] -- Up-to-date: /home/henrique/ros2_ws/install/simple_robot_description/share/simple_robot_description/urdf/simple_robot_gazebo.urdf
[0.668s] -- Up-to-date: /home/henrique/ros2_ws/install/simple_robot_description/share/simple_robot_description/urdf/simple_robot.urdf
[0.669s] -- Up-to-date: /home/henrique/ros2_ws/install/simple_robot_description/share/simple_robot_description/launch
[0.670s] -- Up-to-date: /home/henrique/ros2_ws/install/simple_robot_description/share/simple_robot_description/launch/gazebo.launch.py
[0.670s] -- Up-to-date: /home/henrique/ros2_ws/install/simple_robot_description/share/simple_robot_description/launch/display.launch.py
[0.670s] -- Up-to-date: /home/henrique/ros2_ws/install/simple_robot_description/share/simple_robot_description/rviz
[0.674s] -- Up-to-date: /home/henrique/ros2_ws/install/simple_robot_description/share/simple_robot_description/rviz/urdf_config.rviz
[0.675s] -- Up-to-date: /home/henrique/ros2_ws/install/simple_robot_description/share/simple_robot_description/config
[0.675s] -- Up-to-date: /home/henrique/ros2_ws/install/simple_robot_description/share/simple_robot_description/config/gz_bridge.yaml
[0.675s] -- Up-to-date: /home/henrique/ros2_ws/install/simple_robot_description/share/simple_robot_description/worlds
[0.679s] -- Up-to-date: /home/henrique/ros2_ws/install/simple_robot_description/share/simple_robot_description/worlds/diff_drive
[0.679s] -- Up-to-date: /home/henrique/ros2_ws/install/simple_robot_description/share/simple_robot_description/worlds/diff_drive/diff_drive.sdf
[0.680s] -- Up-to-date: /home/henrique/ros2_ws/install/simple_robot_description/share/ament_index/resource_index/package_run_dependencies/simple_robot_description
[0.680s] -- Up-to-date: /home/henrique/ros2_ws/install/simple_robot_description/share/ament_index/resource_index/parent_prefix_path/simple_robot_description
[0.680s] -- Up-to-date: /home/henrique/ros2_ws/install/simple_robot_description/share/simple_robot_description/environment/ament_prefix_path.sh
[0.684s] -- Up-to-date: /home/henrique/ros2_ws/install/simple_robot_description/share/simple_robot_description/environment/ament_prefix_path.dsv
[0.684s] -- Up-to-date: /home/henrique/ros2_ws/install/simple_robot_description/share/simple_robot_description/environment/path.sh
[0.686s] -- Up-to-date: /home/henrique/ros2_ws/install/simple_robot_description/share/simple_robot_description/environment/path.dsv
[0.688s] -- Up-to-date: /home/henrique/ros2_ws/install/simple_robot_description/share/simple_robot_description/local_setup.bash
[0.691s] -- Up-to-date: /home/henrique/ros2_ws/install/simple_robot_description/share/simple_robot_description/local_setup.sh
[0.691s] -- Up-to-date: /home/henrique/ros2_ws/install/simple_robot_description/share/simple_robot_description/local_setup.zsh
[0.691s] -- Up-to-date: /home/henrique/ros2_ws/install/simple_robot_description/share/simple_robot_description/local_setup.dsv
[0.692s] -- Installing: /home/henrique/ros2_ws/install/simple_robot_description/share/simple_robot_description/package.dsv
[0.692s] -- Up-to-date: /home/henrique/ros2_ws/install/simple_robot_description/share/ament_index/resource_index/packages/simple_robot_description
[0.693s] -- Up-to-date: /home/henrique/ros2_ws/install/simple_robot_description/share/simple_robot_description/cmake/simple_robot_descriptionConfig.cmake
[0.695s] -- Up-to-date: /home/henrique/ros2_ws/install/simple_robot_description/share/simple_robot_description/cmake/simple_robot_descriptionConfig-version.cmake
[0.696s] -- Up-to-date: /home/henrique/ros2_ws/install/simple_robot_description/share/simple_robot_description/package.xml
[0.701s] Invoked command in '/home/henrique/ros2_ws/build/simple_robot_description' returned '0': CMAKE_PREFIX_PATH=${CMAKE_PREFIX_PATH}:/home/henrique/ros2_ws/install/temperature_system:/home/henrique/ros2_ws/install/temperature_monitor:/opt/ros/jazzy DEBUGINFOD_URLS=https://debuginfod.ubuntu.com /usr/bin/cmake --install /home/henrique/ros2_ws/build/simple_robot_description
