[0.000000] (-) TimerEvent: {}
[0.000441] (-) JobUnselected: {'identifier': 'temperature_monitor'}
[0.000551] (temperature_system) JobQueued: {'identifier': 'temperature_system', 'dependencies': OrderedDict()}
[0.000618] (temperature_system) JobStarted: {'identifier': 'temperature_system'}
[0.098291] (-) TimerEvent: {}
[0.202756] (-) TimerEvent: {}
[0.304480] (-) TimerEvent: {}
[0.409354] (-) TimerEvent: {}
[0.510500] (-) TimerEvent: {}
[0.616522] (-) TimerEvent: {}
[0.717620] (-) TimerEvent: {}
[0.818121] (-) TimerEvent: {}
[0.918492] (-) TimerEvent: {}
[1.019553] (-) TimerEvent: {}
[1.122557] (-) TimerEvent: {}
[1.232632] (-) TimerEvent: {}
[1.333537] (-) TimerEvent: {}
[1.434702] (-) TimerEvent: {}
[1.535282] (-) TimerEvent: {}
[1.635961] (-) TimerEvent: {}
[1.737762] (-) TimerEvent: {}
[1.801445] (temperature_system) StderrLine: {'line': b'Traceback (most recent call last):\n  File "/usr/lib/python3/dist-packages/colcon_core/executor/__init__.py", line 91, in __call__\n    rc = await self.task(*args, **kwargs)\n         ^^^^^^^^^^^^^^^^^^^^^^^^^^^^^^^^\n  File "/usr/lib/python3/dist-packages/colcon_core/task/__init__.py", line 93, in __call__\n    return await task_method(*args, **kwargs)\n           ^^^^^^^^^^^^^^^^^^^^^^^^^^^^^^^^^^\n  File "/usr/lib/python3/dist-packages/colcon_ros/task/ament_python/build.py", line 51, in build\n    setup_py_data = get_setup_data(self.context.pkg, env)\n                    ^^^^^^^^^^^^^^^^^^^^^^^^^^^^^^^^^^^^^\n  File "/usr/lib/python3/dist-packages/colcon_core/task/python/__init__.py", line 20, in get_setup_data\n    return dict(pkg.metadata[key](env))\n                ^^^^^^^^^^^^^^^^^^^^^^\n  File "/usr/lib/python3/dist-packages/colcon_ros/package_augmentation/ros_ament_python.py", line 57, in getter\n    return get_setup_information(\n           ^^^^^^^^^^^^^^^^^^^^^^\n  File "/usr/lib/python3/dist-packages/colcon_python_setup_py/package_identification/python_setup_py.py", line 249, in get_setup_information\n    _setup_information_cache[hashable_env] = _get_setup_information(\n                                             ^^^^^^^^^^^^^^^^^^^^^^^\n  File "/usr/lib/python3/dist-packages/colcon_python_setup_py/package_identification/python_setup_py.py", line 296, in _get_setup_information\n    result = subprocess.run(\n             ^^^^^^^^^^^^^^^\n  File "/usr/lib/python3.12/subprocess.py", line 571, in run\n    raise CalledProcessError(retcode, process.args,\nsubprocess.CalledProcessError: Command \'[\'/usr/bin/python3\', \'-c\', \'import sys;from contextlib import suppress;exec("with suppress(ImportError):    from setuptools.extern.packaging.specifiers    import SpecifierSet");exec("with suppress(ImportError):    from packaging.specifiers import SpecifierSet");from distutils.core import run_setup;dist = run_setup(    \\\'setup.py\\\', script_args=(\\\'--dry-run\\\',), stop_after=\\\'config\\\');skip_keys = (\\\'cmdclass\\\', \\\'distclass\\\', \\\'ext_modules\\\', \\\'metadata\\\');data = {    key: value for key, value in dist.__dict__.items()     if (        not key.startswith(\\\'_\\\') and         not callable(value) and         key not in skip_keys and         key not in dist.display_option_names    )};data[\\\'metadata\\\'] = {    k: v for k, v in dist.metadata.__dict__.items()     if k not in (\\\'license_files\\\', \\\'provides_extras\\\')};sys.stdout.buffer.write(repr(data).encode(\\\'utf-8\\\'))\']\' returned non-zero exit status 1.\n'}
[1.816360] (temperature_system) JobEnded: {'identifier': 'temperature_system', 'rc': 1}
[1.836652] (-) EventReactorShutdown: {}
