[0.124s] Invoking command in '/home/henrique/ros2_ws/build/simple_robot_description': CMAKE_PREFIX_PATH=${CMAKE_PREFIX_PATH}:/home/henrique/ros2_ws/install/temperature_system:/home/henrique/ros2_ws/install/temperature_monitor:/opt/ros/jazzy DEBUGINFOD_URLS=https://debuginfod.ubuntu.com /usr/bin/cmake --build /home/henrique/ros2_ws/build/simple_robot_description -- -j2 -l2
[0.469s] Invoked command in '/home/henrique/ros2_ws/build/simple_robot_description' returned '0': CMAKE_PREFIX_PATH=${CMAKE_PREFIX_PATH}:/home/henrique/ros2_ws/install/temperature_system:/home/henrique/ros2_ws/install/temperature_monitor:/opt/ros/jazzy DEBUGINFOD_URLS=https://debuginfod.ubuntu.com /usr/bin/cmake --build /home/henrique/ros2_ws/build/simple_robot_description -- -j2 -l2
[0.534s] Invoking command in '/home/henrique/ros2_ws/build/simple_robot_description': CMAKE_PREFIX_PATH=${CMAKE_PREFIX_PATH}:/home/henrique/ros2_ws/install/temperature_system:/home/henrique/ros2_ws/install/temperature_monitor:/opt/ros/jazzy DEBUGINFOD_URLS=https://debuginfod.ubuntu.com /usr/bin/cmake --install /home/henrique/ros2_ws/build/simple_robot_description
[0.583s] -- Install configuration: ""
[0.589s] -- Up-to-date: /home/henrique/ros2_ws/install/simple_robot_description/share/simple_robot_description/urdf
[0.591s] -- Installing: /home/henrique/ros2_ws/install/simple_robot_description/share/simple_robot_description/urdf/simple_robot.urdf
[0.593s] -- Up-to-date: /home/henrique/ros2_ws/install/simple_robot_description/share/simple_robot_description/launch
[0.593s] -- Installing: /home/henrique/ros2_ws/install/simple_robot_description/share/simple_robot_description/launch/display.launch.py
[0.596s] -- Up-to-date: /home/henrique/ros2_ws/install/simple_robot_description/share/simple_robot_description/rviz
[0.596s] -- Up-to-date: /home/henrique/ros2_ws/install/simple_robot_description/share/simple_robot_description/rviz/urdf_config.rviz
[0.599s] -- Up-to-date: /home/henrique/ros2_ws/install/simple_robot_description/share/simple_robot_description/config
[0.599s] -- Up-to-date: /home/henrique/ros2_ws/install/simple_robot_description/share/simple_robot_description/worlds
[0.599s] -- Up-to-date: /home/henrique/ros2_ws/install/simple_robot_description/share/ament_index/resource_index/package_run_dependencies/simple_robot_description
[0.599s] -- Up-to-date: /home/henrique/ros2_ws/install/simple_robot_description/share/ament_index/resource_index/parent_prefix_path/simple_robot_description
[0.602s] -- Up-to-date: /home/henrique/ros2_ws/install/simple_robot_description/share/simple_robot_description/environment/ament_prefix_path.sh
[0.604s] -- Up-to-date: /home/henrique/ros2_ws/install/simple_robot_description/share/simple_robot_description/environment/ament_prefix_path.dsv
[0.605s] -- Up-to-date: /home/henrique/ros2_ws/install/simple_robot_description/share/simple_robot_description/environment/path.sh
[0.608s] -- Up-to-date: /home/henrique/ros2_ws/install/simple_robot_description/share/simple_robot_description/environment/path.dsv
[0.608s] -- Up-to-date: /home/henrique/ros2_ws/install/simple_robot_description/share/simple_robot_description/local_setup.bash
[0.609s] -- Up-to-date: /home/henrique/ros2_ws/install/simple_robot_description/share/simple_robot_description/local_setup.sh
[0.609s] -- Up-to-date: /home/henrique/ros2_ws/install/simple_robot_description/share/simple_robot_description/local_setup.zsh
[0.614s] -- Up-to-date: /home/henrique/ros2_ws/install/simple_robot_description/share/simple_robot_description/local_setup.dsv
[0.614s] -- Installing: /home/henrique/ros2_ws/install/simple_robot_description/share/simple_robot_description/package.dsv
[0.614s] -- Up-to-date: /home/henrique/ros2_ws/install/simple_robot_description/share/ament_index/resource_index/packages/simple_robot_description
[0.615s] -- Up-to-date: /home/henrique/ros2_ws/install/simple_robot_description/share/simple_robot_description/cmake/simple_robot_descriptionConfig.cmake
[0.615s] -- Up-to-date: /home/henrique/ros2_ws/install/simple_robot_description/share/simple_robot_description/cmake/simple_robot_descriptionConfig-version.cmake
[0.615s] -- Up-to-date: /home/henrique/ros2_ws/install/simple_robot_description/share/simple_robot_description/package.xml
[0.625s] Invoked command in '/home/henrique/ros2_ws/build/simple_robot_description' returned '0': CMAKE_PREFIX_PATH=${CMAKE_PREFIX_PATH}:/home/henrique/ros2_ws/install/temperature_system:/home/henrique/ros2_ws/install/temperature_monitor:/opt/ros/jazzy DEBUGINFOD_URLS=https://debuginfod.ubuntu.com /usr/bin/cmake --install /home/henrique/ros2_ws/build/simple_robot_description
