[8.194s] Invoking command in '/home/henrique/ros2_ws/src/temperature_monitor': DEBUGINFOD_URLS=https://debuginfod.ubuntu.com PYTHONPATH=/home/henrique/ros2_ws/build/temperature_monitor/prefix_override:/usr/lib/python3/dist-packages/colcon_core/task/python/colcon_distutils_commands:/home/henrique/ros2_ws/install/temperature_monitor/lib/python3.12/site-packages:${PYTHONPATH} /usr/bin/python3 -W ignore:setup.py install is deprecated -W ignore:easy_install command is deprecated setup.py egg_info --egg-base ../../build/temperature_monitor build --build-base /home/henrique/ros2_ws/build/temperature_monitor/build install --record /home/henrique/ros2_ws/build/temperature_monitor/install.log --single-version-externally-managed install_data
[10.803s] running egg_info
[11.118s] writing ../../build/temperature_monitor/temperature_monitor.egg-info/PKG-INFO
[11.120s] writing dependency_links to ../../build/temperature_monitor/temperature_monitor.egg-info/dependency_links.txt
[11.124s] writing entry points to ../../build/temperature_monitor/temperature_monitor.egg-info/entry_points.txt
[11.126s] writing requirements to ../../build/temperature_monitor/temperature_monitor.egg-info/requires.txt
[11.130s] writing top-level names to ../../build/temperature_monitor/temperature_monitor.egg-info/top_level.txt
[11.586s] reading manifest file '../../build/temperature_monitor/temperature_monitor.egg-info/SOURCES.txt'
[11.594s] writing manifest file '../../build/temperature_monitor/temperature_monitor.egg-info/SOURCES.txt'
[11.598s] running build
[11.598s] running build_py
[11.602s] running install
[11.661s] running install_lib
[11.857s] running install_data
[11.861s] running install_egg_info
[12.046s] removing '/home/henrique/ros2_ws/install/temperature_monitor/lib/python3.12/site-packages/temperature_monitor-0.0.0-py3.12.egg-info' (and everything under it)
[12.066s] Copying ../../build/temperature_monitor/temperature_monitor.egg-info to /home/henrique/ros2_ws/install/temperature_monitor/lib/python3.12/site-packages/temperature_monitor-0.0.0-py3.12.egg-info
[12.076s] running install_scripts
[13.419s] Installing monitor_node script to /home/henrique/ros2_ws/install/temperature_monitor/lib/temperature_monitor
[13.424s] Installing publisher_node script to /home/henrique/ros2_ws/install/temperature_monitor/lib/temperature_monitor
[13.431s] writing list of installed files to '/home/henrique/ros2_ws/build/temperature_monitor/install.log'
[13.601s] Invoked command in '/home/henrique/ros2_ws/src/temperature_monitor' returned '0': DEBUGINFOD_URLS=https://debuginfod.ubuntu.com PYTHONPATH=/home/henrique/ros2_ws/build/temperature_monitor/prefix_override:/usr/lib/python3/dist-packages/colcon_core/task/python/colcon_distutils_commands:/home/henrique/ros2_ws/install/temperature_monitor/lib/python3.12/site-packages:${PYTHONPATH} /usr/bin/python3 -W ignore:setup.py install is deprecated -W ignore:easy_install command is deprecated setup.py egg_info --egg-base ../../build/temperature_monitor build --build-base /home/henrique/ros2_ws/build/temperature_monitor/build install --record /home/henrique/ros2_ws/build/temperature_monitor/install.log --single-version-externally-managed install_data
