[0.000000] (-) TimerEvent: {}
[0.001965] (temperature_monitor) JobQueued: {'identifier': 'temperature_monitor', 'dependencies': OrderedDict()}
[0.002182] (temperature_system) JobQueued: {'identifier': 'temperature_system', 'dependencies': OrderedDict()}
[0.002248] (temperature_monitor) JobStarted: {'identifier': 'temperature_monitor'}
[0.080500] (temperature_system) JobStarted: {'identifier': 'temperature_system'}
[0.093205] (-) TimerEvent: {}
[0.193895] (-) TimerEvent: {}
[0.299969] (-) TimerEvent: {}
[0.407225] (-) TimerEvent: {}
[0.513976] (-) TimerEvent: {}
[0.618966] (-) TimerEvent: {}
[0.727140] (-) TimerEvent: {}
[0.831422] (-) TimerEvent: {}
[0.934330] (-) TimerEvent: {}
[1.038732] (-) TimerEvent: {}
[1.142294] (-) TimerEvent: {}
[1.245060] (-) TimerEvent: {}
[1.348941] (-) TimerEvent: {}
[1.449886] (-) TimerEvent: {}
[1.553738] (-) TimerEvent: {}
[1.656077] (-) TimerEvent: {}
[1.763864] (-) TimerEvent: {}
[1.868937] (-) TimerEvent: {}
[1.972511] (-) TimerEvent: {}
[2.077689] (-) TimerEvent: {}
[2.178131] (-) TimerEvent: {}
[2.279493] (-) TimerEvent: {}
[2.382508] (-) TimerEvent: {}
[2.486331] (-) TimerEvent: {}
[2.590879] (-) TimerEvent: {}
[2.693518] (-) TimerEvent: {}
[2.796260] (-) TimerEvent: {}
[2.897128] (-) TimerEvent: {}
[2.999238] (-) TimerEvent: {}
[3.113595] (-) TimerEvent: {}
[3.214586] (-) TimerEvent: {}
[3.319395] (-) TimerEvent: {}
[3.424406] (-) TimerEvent: {}
[3.529419] (-) TimerEvent: {}
[3.630109] (-) TimerEvent: {}
[3.733234] (-) TimerEvent: {}
[3.837634] (-) TimerEvent: {}
[3.941183] (-) TimerEvent: {}
[4.046768] (-) TimerEvent: {}
[4.148223] (-) TimerEvent: {}
[4.251296] (-) TimerEvent: {}
[4.355341] (-) TimerEvent: {}
[4.459038] (-) TimerEvent: {}
[4.563026] (-) TimerEvent: {}
[4.663907] (-) TimerEvent: {}
[4.767139] (-) TimerEvent: {}
[4.871346] (-) TimerEvent: {}
[4.972716] (-) TimerEvent: {}
[5.076464] (-) TimerEvent: {}
[5.182330] (-) TimerEvent: {}
[5.282930] (-) TimerEvent: {}
[5.384588] (-) TimerEvent: {}
[5.492124] (-) TimerEvent: {}
[5.593209] (-) TimerEvent: {}
[5.699920] (-) TimerEvent: {}
[5.800574] (-) TimerEvent: {}
[5.903390] (-) TimerEvent: {}
[6.008958] (-) TimerEvent: {}
[6.061283] (temperature_system) StderrLine: {'line': b'Traceback (most recent call last):\n  File "/usr/lib/python3/dist-packages/colcon_core/executor/__init__.py", line 91, in __call__\n    rc = await self.task(*args, **kwargs)\n         ^^^^^^^^^^^^^^^^^^^^^^^^^^^^^^^^\n  File "/usr/lib/python3/dist-packages/colcon_core/task/__init__.py", line 93, in __call__\n    return await task_method(*args, **kwargs)\n           ^^^^^^^^^^^^^^^^^^^^^^^^^^^^^^^^^^\n  File "/usr/lib/python3/dist-packages/colcon_ros/task/ament_python/build.py", line 51, in build\n    setup_py_data = get_setup_data(self.context.pkg, env)\n                    ^^^^^^^^^^^^^^^^^^^^^^^^^^^^^^^^^^^^^\n  File "/usr/lib/python3/dist-packages/colcon_core/task/python/__init__.py", line 20, in get_setup_data\n    return dict(pkg.metadata[key](env))\n                ^^^^^^^^^^^^^^^^^^^^^^\n  File "/usr/lib/python3/dist-packages/colcon_ros/package_augmentation/ros_ament_python.py", line 57, in getter\n    return get_setup_information(\n           ^^^^^^^^^^^^^^^^^^^^^^\n  File "/usr/lib/python3/dist-packages/colcon_python_setup_py/package_identification/python_setup_py.py", line 249, in get_setup_information\n    _setup_information_cache[hashable_env] = _get_setup_information(\n                                             ^^^^^^^^^^^^^^^^^^^^^^^\n  File "/usr/lib/python3/dist-packages/colcon_python_setup_py/package_identification/python_setup_py.py", line 296, in _get_setup_information\n    result = subprocess.run(\n             ^^^^^^^^^^^^^^^\n  File "/usr/lib/python3.12/subprocess.py", line 571, in run\n    raise CalledProcessError(retcode, process.args,\nsubprocess.CalledProcessError: Command \'[\'/usr/bin/python3\', \'-c\', \'import sys;from contextlib import suppress;exec("with suppress(ImportError):    from setuptools.extern.packaging.specifiers    import SpecifierSet");exec("with suppress(ImportError):    from packaging.specifiers import SpecifierSet");from distutils.core import run_setup;dist = run_setup(    \\\'setup.py\\\', script_args=(\\\'--dry-run\\\',), stop_after=\\\'config\\\');skip_keys = (\\\'cmdclass\\\', \\\'distclass\\\', \\\'ext_modules\\\', \\\'metadata\\\');data = {    key: value for key, value in dist.__dict__.items()     if (        not key.startswith(\\\'_\\\') and         not callable(value) and         key not in skip_keys and         key not in dist.display_option_names    )};data[\\\'metadata\\\'] = {    k: v for k, v in dist.metadata.__dict__.items()     if k not in (\\\'license_files\\\', \\\'provides_extras\\\')};sys.stdout.buffer.write(repr(data).encode(\\\'utf-8\\\'))\']\' returned non-zero exit status 1.\n'}
[6.081554] (temperature_system) JobEnded: {'identifier': 'temperature_system', 'rc': 1}
[6.097313] (temperature_monitor) JobEnded: {'identifier': 'temperature_monitor', 'rc': 'SIGINT'}
[6.106121] (-) EventReactorShutdown: {}
