[3.232s] Invoking command in '/home/henrique/ros2_ws/build/temperature_system': DEBUGINFOD_URLS=https://debuginfod.ubuntu.com PYTHONPATH=/home/henrique/ros2_ws/build/temperature_system/prefix_override:/usr/lib/python3/dist-packages/colcon_core/task/python/colcon_distutils_commands:/home/henrique/ros2_ws/install/temperature_system/lib/python3.12/site-packages:${PYTHONPATH} /usr/bin/python3 -W ignore:setup.py install is deprecated -W ignore:easy_install command is deprecated setup.py develop --editable --build-directory /home/henrique/ros2_ws/build/temperature_system/build --no-deps symlink_data
[4.004s] running develop
[4.474s] running egg_info
[4.525s] writing temperature_system.egg-info/PKG-INFO
[4.528s] writing dependency_links to temperature_system.egg-info/dependency_links.txt
[4.529s] writing entry points to temperature_system.egg-info/entry_points.txt
[4.529s] writing requirements to temperature_system.egg-info/requires.txt
[4.529s] writing top-level names to temperature_system.egg-info/top_level.txt
[4.662s] reading manifest file 'temperature_system.egg-info/SOURCES.txt'
[4.666s] writing manifest file 'temperature_system.egg-info/SOURCES.txt'
[4.750s] running build_ext
[4.751s] Creating /home/henrique/ros2_ws/install/temperature_system/lib/python3.12/site-packages/temperature-system.egg-link (link to .)
[4.754s] Installing advanced_monitor_node script to /home/henrique/ros2_ws/install/temperature_system/lib/temperature_system
[4.754s] Installing enhanced_publisher_node script to /home/henrique/ros2_ws/install/temperature_system/lib/temperature_system
[4.754s] Installing logger_node script to /home/henrique/ros2_ws/install/temperature_system/lib/temperature_system
[4.754s] 
[4.754s] Installed /home/henrique/ros2_ws/build/temperature_system
[4.754s] running symlink_data
[4.759s] symbolically linking /home/henrique/ros2_ws/build/temperature_system/launch/launch.py -> /home/henrique/ros2_ws/install/temperature_system/share/temperature_system/launch
[4.934s] Invoked command in '/home/henrique/ros2_ws/build/temperature_system' returned '0': DEBUGINFOD_URLS=https://debuginfod.ubuntu.com PYTHONPATH=/home/henrique/ros2_ws/build/temperature_system/prefix_override:/usr/lib/python3/dist-packages/colcon_core/task/python/colcon_distutils_commands:/home/henrique/ros2_ws/install/temperature_system/lib/python3.12/site-packages:${PYTHONPATH} /usr/bin/python3 -W ignore:setup.py install is deprecated -W ignore:easy_install command is deprecated setup.py develop --editable --build-directory /home/henrique/ros2_ws/build/temperature_system/build --no-deps symlink_data
