[4.686s] Invoking command in '/home/henrique/ros2_ws/src/temperature_system': DEBUGINFOD_URLS=https://debuginfod.ubuntu.com PYTHONPATH=/home/henrique/ros2_ws/build/temperature_system/prefix_override:/usr/lib/python3/dist-packages/colcon_core/task/python/colcon_distutils_commands:/home/henrique/ros2_ws/install/temperature_system/lib/python3.12/site-packages:${PYTHONPATH} /usr/bin/python3 -W ignore:setup.py install is deprecated -W ignore:easy_install command is deprecated setup.py egg_info --egg-base ../../build/temperature_system build --build-base /home/henrique/ros2_ws/build/temperature_system/build install --record /home/henrique/ros2_ws/build/temperature_system/install.log --single-version-externally-managed install_data
[5.499s] running egg_info
[5.540s] writing ../../build/temperature_system/temperature_system.egg-info/PKG-INFO
[5.541s] writing dependency_links to ../../build/temperature_system/temperature_system.egg-info/dependency_links.txt
[5.541s] writing entry points to ../../build/temperature_system/temperature_system.egg-info/entry_points.txt
[5.542s] writing requirements to ../../build/temperature_system/temperature_system.egg-info/requires.txt
[5.542s] writing top-level names to ../../build/temperature_system/temperature_system.egg-info/top_level.txt
[5.646s] reading manifest file '../../build/temperature_system/temperature_system.egg-info/SOURCES.txt'
[5.647s] writing manifest file '../../build/temperature_system/temperature_system.egg-info/SOURCES.txt'
[5.648s] running build
[5.648s] running build_py
[5.648s] running install
[5.666s] running install_lib
[5.728s] running install_data
[5.728s] copying launch/launch.py -> /home/henrique/ros2_ws/install/temperature_system/share/temperature_system/launch
[5.733s] running install_egg_info
[5.765s] removing '/home/henrique/ros2_ws/install/temperature_system/lib/python3.12/site-packages/temperature_system-0.0.0-py3.12.egg-info' (and everything under it)
[5.777s] Copying ../../build/temperature_system/temperature_system.egg-info to /home/henrique/ros2_ws/install/temperature_system/lib/python3.12/site-packages/temperature_system-0.0.0-py3.12.egg-info
[5.779s] running install_scripts
[6.542s] Installing advanced_monitor_node script to /home/henrique/ros2_ws/install/temperature_system/lib/temperature_system
[6.542s] Installing enhanced_publisher_node script to /home/henrique/ros2_ws/install/temperature_system/lib/temperature_system
[6.548s] Installing logger_node script to /home/henrique/ros2_ws/install/temperature_system/lib/temperature_system
[6.555s] writing list of installed files to '/home/henrique/ros2_ws/build/temperature_system/install.log'
[6.682s] Invoked command in '/home/henrique/ros2_ws/src/temperature_system' returned '0': DEBUGINFOD_URLS=https://debuginfod.ubuntu.com PYTHONPATH=/home/henrique/ros2_ws/build/temperature_system/prefix_override:/usr/lib/python3/dist-packages/colcon_core/task/python/colcon_distutils_commands:/home/henrique/ros2_ws/install/temperature_system/lib/python3.12/site-packages:${PYTHONPATH} /usr/bin/python3 -W ignore:setup.py install is deprecated -W ignore:easy_install command is deprecated setup.py egg_info --egg-base ../../build/temperature_system build --build-base /home/henrique/ros2_ws/build/temperature_system/build install --record /home/henrique/ros2_ws/build/temperature_system/install.log --single-version-externally-managed install_data
