[4.179s] Invoking command in '/home/henrique/ros2_ws/src/temperature_system': DEBUGINFOD_URLS=https://debuginfod.ubuntu.com PYTHONPATH=/home/henrique/ros2_ws/build/temperature_system/prefix_override:/usr/lib/python3/dist-packages/colcon_core/task/python/colcon_distutils_commands:/home/henrique/ros2_ws/install/temperature_system/lib/python3.12/site-packages:${PYTHONPATH} /usr/bin/python3 -W ignore:setup.py install is deprecated -W ignore:easy_install command is deprecated setup.py egg_info --egg-base ../../build/temperature_system build --build-base /home/henrique/ros2_ws/build/temperature_system/build install --record /home/henrique/ros2_ws/build/temperature_system/install.log --single-version-externally-managed install_data
[4.854s] running egg_info
[4.856s] creating ../../build/temperature_system/temperature_system.egg-info
[4.884s] writing ../../build/temperature_system/temperature_system.egg-info/PKG-INFO
[4.884s] writing dependency_links to ../../build/temperature_system/temperature_system.egg-info/dependency_links.txt
[4.885s] writing entry points to ../../build/temperature_system/temperature_system.egg-info/entry_points.txt
[4.885s] writing requirements to ../../build/temperature_system/temperature_system.egg-info/requires.txt
[4.886s] writing top-level names to ../../build/temperature_system/temperature_system.egg-info/top_level.txt
[4.887s] writing manifest file '../../build/temperature_system/temperature_system.egg-info/SOURCES.txt'
[4.964s] reading manifest file '../../build/temperature_system/temperature_system.egg-info/SOURCES.txt'
[4.966s] writing manifest file '../../build/temperature_system/temperature_system.egg-info/SOURCES.txt'
[4.967s] running build
[4.967s] running build_py
[4.969s] creating /home/henrique/ros2_ws/build/temperature_system/build
[4.969s] creating /home/henrique/ros2_ws/build/temperature_system/build/lib
[4.969s] creating /home/henrique/ros2_ws/build/temperature_system/build/lib/temperature_system
[4.970s] copying temperature_system/advanced_monitor_node.py -> /home/henrique/ros2_ws/build/temperature_system/build/lib/temperature_system
[4.972s] copying temperature_system/__init__.py -> /home/henrique/ros2_ws/build/temperature_system/build/lib/temperature_system
[4.972s] copying temperature_system/logger_node.py -> /home/henrique/ros2_ws/build/temperature_system/build/lib/temperature_system
[4.974s] copying temperature_system/enhanced_publisher_node.py -> /home/henrique/ros2_ws/build/temperature_system/build/lib/temperature_system
[4.975s] running install
[5.005s] running install_lib
[5.064s] creating /home/henrique/ros2_ws/install/temperature_system/lib/python3.12/site-packages/temperature_system
[5.065s] copying /home/henrique/ros2_ws/build/temperature_system/build/lib/temperature_system/advanced_monitor_node.py -> /home/henrique/ros2_ws/install/temperature_system/lib/python3.12/site-packages/temperature_system
[5.065s] copying /home/henrique/ros2_ws/build/temperature_system/build/lib/temperature_system/__init__.py -> /home/henrique/ros2_ws/install/temperature_system/lib/python3.12/site-packages/temperature_system
[5.066s] copying /home/henrique/ros2_ws/build/temperature_system/build/lib/temperature_system/logger_node.py -> /home/henrique/ros2_ws/install/temperature_system/lib/python3.12/site-packages/temperature_system
[5.066s] copying /home/henrique/ros2_ws/build/temperature_system/build/lib/temperature_system/enhanced_publisher_node.py -> /home/henrique/ros2_ws/install/temperature_system/lib/python3.12/site-packages/temperature_system
[5.067s] byte-compiling /home/henrique/ros2_ws/install/temperature_system/lib/python3.12/site-packages/temperature_system/advanced_monitor_node.py to advanced_monitor_node.cpython-312.pyc
[5.070s]   File "/home/henrique/ros2_ws/install/temperature_system/lib/python3.12/site-packages/temperature_system/advanced_monitor_node.py", line 80
[5.071s]     else if temperature >> self.critical_temperature_threshold:
[5.071s]          ^^
[5.071s] SyntaxError: expected ':'
[5.072s] 
[5.072s] byte-compiling /home/henrique/ros2_ws/install/temperature_system/lib/python3.12/site-packages/temperature_system/__init__.py to __init__.cpython-312.pyc
[5.074s] byte-compiling /home/henrique/ros2_ws/install/temperature_system/lib/python3.12/site-packages/temperature_system/logger_node.py to logger_node.cpython-312.pyc
[5.075s] byte-compiling /home/henrique/ros2_ws/install/temperature_system/lib/python3.12/site-packages/temperature_system/enhanced_publisher_node.py to enhanced_publisher_node.cpython-312.pyc
[5.078s] running install_data
[5.079s] creating /home/henrique/ros2_ws/install/temperature_system/share/ament_index
[5.080s] creating /home/henrique/ros2_ws/install/temperature_system/share/ament_index/resource_index
[5.080s] creating /home/henrique/ros2_ws/install/temperature_system/share/ament_index/resource_index/packages
[5.080s] copying resource/temperature_system -> /home/henrique/ros2_ws/install/temperature_system/share/ament_index/resource_index/packages
[5.081s] copying package.xml -> /home/henrique/ros2_ws/install/temperature_system/share/temperature_system
[5.081s] running install_egg_info
[5.130s] Copying ../../build/temperature_system/temperature_system.egg-info to /home/henrique/ros2_ws/install/temperature_system/lib/python3.12/site-packages/temperature_system-0.0.0-py3.12.egg-info
[5.140s] running install_scripts
[5.684s] Installing advanced_monitor_node script to /home/henrique/ros2_ws/install/temperature_system/lib/temperature_system
[5.687s] Installing enhanced_publisher_node script to /home/henrique/ros2_ws/install/temperature_system/lib/temperature_system
[5.687s] Installing logger_node script to /home/henrique/ros2_ws/install/temperature_system/lib/temperature_system
[5.687s] writing list of installed files to '/home/henrique/ros2_ws/build/temperature_system/install.log'
[5.774s] Invoked command in '/home/henrique/ros2_ws/src/temperature_system' returned '0': DEBUGINFOD_URLS=https://debuginfod.ubuntu.com PYTHONPATH=/home/henrique/ros2_ws/build/temperature_system/prefix_override:/usr/lib/python3/dist-packages/colcon_core/task/python/colcon_distutils_commands:/home/henrique/ros2_ws/install/temperature_system/lib/python3.12/site-packages:${PYTHONPATH} /usr/bin/python3 -W ignore:setup.py install is deprecated -W ignore:easy_install command is deprecated setup.py egg_info --egg-base ../../build/temperature_system build --build-base /home/henrique/ros2_ws/build/temperature_system/build install --record /home/henrique/ros2_ws/build/temperature_system/install.log --single-version-externally-managed install_data
