[1.822s] Invoking command in '/home/henrique/ros2_ws/src/temperature_system': DEBUGINFOD_URLS=https://debuginfod.ubuntu.com PYTHONPATH=/home/henrique/ros2_ws/build/temperature_system/prefix_override:/usr/lib/python3/dist-packages/colcon_core/task/python/colcon_distutils_commands:/home/henrique/ros2_ws/install/temperature_system/lib/python3.12/site-packages:${PYTHONPATH} /usr/bin/python3 -W ignore:setup.py install is deprecated -W ignore:easy_install command is deprecated setup.py egg_info --egg-base ../../build/temperature_system build --build-base /home/henrique/ros2_ws/build/temperature_system/build install --record /home/henrique/ros2_ws/build/temperature_system/install.log --single-version-externally-managed install_data
[2.252s] running egg_info
[2.285s] writing ../../build/temperature_system/temperature_system.egg-info/PKG-INFO
[2.285s] writing dependency_links to ../../build/temperature_system/temperature_system.egg-info/dependency_links.txt
[2.285s] writing entry points to ../../build/temperature_system/temperature_system.egg-info/entry_points.txt
[2.285s] writing requirements to ../../build/temperature_system/temperature_system.egg-info/requires.txt
[2.285s] writing top-level names to ../../build/temperature_system/temperature_system.egg-info/top_level.txt
[2.328s] reading manifest file '../../build/temperature_system/temperature_system.egg-info/SOURCES.txt'
[2.329s] writing manifest file '../../build/temperature_system/temperature_system.egg-info/SOURCES.txt'
[2.330s] running build
[2.330s] running build_py
[2.331s] copying temperature_system/enhanced_publisher_node.py -> /home/henrique/ros2_ws/build/temperature_system/build/lib/temperature_system
[2.332s] running install
[2.345s] running install_lib
[2.376s] copying /home/henrique/ros2_ws/build/temperature_system/build/lib/temperature_system/enhanced_publisher_node.py -> /home/henrique/ros2_ws/install/temperature_system/lib/python3.12/site-packages/temperature_system
[2.377s] byte-compiling /home/henrique/ros2_ws/install/temperature_system/lib/python3.12/site-packages/temperature_system/enhanced_publisher_node.py to enhanced_publisher_node.cpython-312.pyc
[2.379s] running install_data
[2.379s] running install_egg_info
[2.414s] removing '/home/henrique/ros2_ws/install/temperature_system/lib/python3.12/site-packages/temperature_system-0.0.0-py3.12.egg-info' (and everything under it)
[2.414s] Copying ../../build/temperature_system/temperature_system.egg-info to /home/henrique/ros2_ws/install/temperature_system/lib/python3.12/site-packages/temperature_system-0.0.0-py3.12.egg-info
[2.415s] running install_scripts
[2.590s] Installing advanced_monitor_node script to /home/henrique/ros2_ws/install/temperature_system/lib/temperature_system
[2.590s] Installing enhanced_publisher_node script to /home/henrique/ros2_ws/install/temperature_system/lib/temperature_system
[2.591s] Installing logger_node script to /home/henrique/ros2_ws/install/temperature_system/lib/temperature_system
[2.591s] writing list of installed files to '/home/henrique/ros2_ws/build/temperature_system/install.log'
[2.643s] Invoked command in '/home/henrique/ros2_ws/src/temperature_system' returned '0': DEBUGINFOD_URLS=https://debuginfod.ubuntu.com PYTHONPATH=/home/henrique/ros2_ws/build/temperature_system/prefix_override:/usr/lib/python3/dist-packages/colcon_core/task/python/colcon_distutils_commands:/home/henrique/ros2_ws/install/temperature_system/lib/python3.12/site-packages:${PYTHONPATH} /usr/bin/python3 -W ignore:setup.py install is deprecated -W ignore:easy_install command is deprecated setup.py egg_info --egg-base ../../build/temperature_system build --build-base /home/henrique/ros2_ws/build/temperature_system/build install --record /home/henrique/ros2_ws/build/temperature_system/install.log --single-version-externally-managed install_data
