[2.292s] DEBUG:colcon:Command line arguments: ['/usr/bin/colcon', 'build', '--packages-select', 'temperature_system']
[2.293s] DEBUG:colcon:Parsed command line arguments: Namespace(log_base=None, log_level=None, verb_name='build', build_base='build', install_base='install', merge_install=False, symlink_install=False, test_result_base=None, continue_on_error=False, executor='parallel', parallel_workers=2, event_handlers=None, ignore_user_meta=False, metas=['./colcon.meta'], base_paths=['.'], packages_ignore=None, packages_ignore_regex=None, paths=None, packages_up_to=None, packages_up_to_regex=None, packages_above=None, packages_above_and_dependencies=None, packages_above_depth=None, packages_select_by_dep=None, packages_skip_by_dep=None, packages_skip_up_to=None, packages_select_build_failed=False, packages_skip_build_finished=False, packages_select_test_failures=False, packages_skip_test_passed=False, packages_select=['temperature_system'], packages_skip=None, packages_select_regex=None, packages_skip_regex=None, packages_start=None, packages_end=None, allow_overriding=[], cmake_args=None, cmake_target=None, cmake_target_skip_unavailable=False, cmake_clean_cache=False, cmake_clean_first=False, cmake_force_configure=False, ament_cmake_args=None, catkin_cmake_args=None, catkin_skip_building_tests=False, mixin_files=None, mixin=None, verb_parser=<colcon_mixin.mixin.mixin_argument.MixinArgumentDecorator object at 0x73348849c320>, verb_extension=<colcon_core.verb.build.BuildVerb object at 0x73348841a150>, main=<bound method BuildVerb.main of <colcon_core.verb.build.BuildVerb object at 0x73348841a150>>, mixin_verb=('build',))
[2.988s] Level 1:colcon.colcon_core.package_discovery:discover_packages(colcon_meta) check parameters
[2.988s] Level 1:colcon.colcon_core.package_discovery:discover_packages(recursive) check parameters
[2.989s] Level 1:colcon.colcon_core.package_discovery:discover_packages(ignore) check parameters
[2.989s] Level 1:colcon.colcon_core.package_discovery:discover_packages(path) check parameters
[2.989s] Level 1:colcon.colcon_core.package_discovery:discover_packages(colcon_meta) discover
[2.990s] Level 1:colcon.colcon_core.package_discovery:discover_packages(recursive) discover
[2.991s] INFO:colcon.colcon_core.package_discovery:Crawling recursively for packages in '/home/henrique/ros2_ws'
[2.991s] Level 1:colcon.colcon_core.package_identification:_identify(.) by extensions ['ignore', 'ignore_ament_install']
[2.992s] Level 1:colcon.colcon_core.package_identification:_identify(.) by extension 'ignore'
[2.992s] Level 1:colcon.colcon_core.package_identification:_identify(.) by extension 'ignore_ament_install'
[2.992s] Level 1:colcon.colcon_core.package_identification:_identify(.) by extensions ['colcon_pkg']
[2.993s] Level 1:colcon.colcon_core.package_identification:_identify(.) by extension 'colcon_pkg'
[2.993s] Level 1:colcon.colcon_core.package_identification:_identify(.) by extensions ['colcon_meta']
[2.993s] Level 1:colcon.colcon_core.package_identification:_identify(.) by extension 'colcon_meta'
[2.996s] Level 1:colcon.colcon_core.package_identification:_identify(.) by extensions ['ros']
[2.996s] Level 1:colcon.colcon_core.package_identification:_identify(.) by extension 'ros'
[3.459s] Level 1:colcon.colcon_core.package_identification:_identify(.) by extensions ['cmake', 'python']
[3.459s] Level 1:colcon.colcon_core.package_identification:_identify(.) by extension 'cmake'
[3.459s] Level 1:colcon.colcon_core.package_identification:_identify(.) by extension 'python'
[3.461s] Level 1:colcon.colcon_core.package_identification:_identify(.) by extensions ['python_setup_py']
[3.461s] Level 1:colcon.colcon_core.package_identification:_identify(.) by extension 'python_setup_py'
[3.462s] Level 1:colcon.colcon_core.package_identification:_identify(build) by extensions ['ignore', 'ignore_ament_install']
[3.463s] Level 1:colcon.colcon_core.package_identification:_identify(build) by extension 'ignore'
[3.463s] Level 1:colcon.colcon_core.package_identification:_identify(build) ignored
[3.464s] Level 1:colcon.colcon_core.package_identification:_identify(install) by extensions ['ignore', 'ignore_ament_install']
[3.465s] Level 1:colcon.colcon_core.package_identification:_identify(install) by extension 'ignore'
[3.465s] Level 1:colcon.colcon_core.package_identification:_identify(install) ignored
[3.465s] Level 1:colcon.colcon_core.package_identification:_identify(log) by extensions ['ignore', 'ignore_ament_install']
[3.466s] Level 1:colcon.colcon_core.package_identification:_identify(log) by extension 'ignore'
[3.467s] Level 1:colcon.colcon_core.package_identification:_identify(log) ignored
[3.467s] Level 1:colcon.colcon_core.package_identification:_identify(src) by extensions ['ignore', 'ignore_ament_install']
[3.468s] Level 1:colcon.colcon_core.package_identification:_identify(src) by extension 'ignore'
[3.469s] Level 1:colcon.colcon_core.package_identification:_identify(src) by extension 'ignore_ament_install'
[3.469s] Level 1:colcon.colcon_core.package_identification:_identify(src) by extensions ['colcon_pkg']
[3.469s] Level 1:colcon.colcon_core.package_identification:_identify(src) by extension 'colcon_pkg'
[3.470s] Level 1:colcon.colcon_core.package_identification:_identify(src) by extensions ['colcon_meta']
[3.470s] Level 1:colcon.colcon_core.package_identification:_identify(src) by extension 'colcon_meta'
[3.470s] Level 1:colcon.colcon_core.package_identification:_identify(src) by extensions ['ros']
[3.470s] Level 1:colcon.colcon_core.package_identification:_identify(src) by extension 'ros'
[3.471s] Level 1:colcon.colcon_core.package_identification:_identify(src) by extensions ['cmake', 'python']
[3.471s] Level 1:colcon.colcon_core.package_identification:_identify(src) by extension 'cmake'
[3.471s] Level 1:colcon.colcon_core.package_identification:_identify(src) by extension 'python'
[3.472s] Level 1:colcon.colcon_core.package_identification:_identify(src) by extensions ['python_setup_py']
[3.472s] Level 1:colcon.colcon_core.package_identification:_identify(src) by extension 'python_setup_py'
[3.472s] Level 1:colcon.colcon_core.package_identification:_identify(src/temperature_monitor) by extensions ['ignore', 'ignore_ament_install']
[3.473s] Level 1:colcon.colcon_core.package_identification:_identify(src/temperature_monitor) by extension 'ignore'
[3.473s] Level 1:colcon.colcon_core.package_identification:_identify(src/temperature_monitor) by extension 'ignore_ament_install'
[3.474s] Level 1:colcon.colcon_core.package_identification:_identify(src/temperature_monitor) by extensions ['colcon_pkg']
[3.474s] Level 1:colcon.colcon_core.package_identification:_identify(src/temperature_monitor) by extension 'colcon_pkg'
[3.475s] Level 1:colcon.colcon_core.package_identification:_identify(src/temperature_monitor) by extensions ['colcon_meta']
[3.475s] Level 1:colcon.colcon_core.package_identification:_identify(src/temperature_monitor) by extension 'colcon_meta'
[3.475s] Level 1:colcon.colcon_core.package_identification:_identify(src/temperature_monitor) by extensions ['ros']
[3.475s] Level 1:colcon.colcon_core.package_identification:_identify(src/temperature_monitor) by extension 'ros'
[3.499s] DEBUG:colcon.colcon_core.package_identification:Package 'src/temperature_monitor' with type 'ros.ament_python' and name 'temperature_monitor'
[3.500s] Level 1:colcon.colcon_core.package_identification:_identify(temperature_system) by extensions ['ignore', 'ignore_ament_install']
[3.500s] Level 1:colcon.colcon_core.package_identification:_identify(temperature_system) by extension 'ignore'
[3.501s] Level 1:colcon.colcon_core.package_identification:_identify(temperature_system) by extension 'ignore_ament_install'
[3.501s] Level 1:colcon.colcon_core.package_identification:_identify(temperature_system) by extensions ['colcon_pkg']
[3.502s] Level 1:colcon.colcon_core.package_identification:_identify(temperature_system) by extension 'colcon_pkg'
[3.502s] Level 1:colcon.colcon_core.package_identification:_identify(temperature_system) by extensions ['colcon_meta']
[3.502s] Level 1:colcon.colcon_core.package_identification:_identify(temperature_system) by extension 'colcon_meta'
[3.503s] Level 1:colcon.colcon_core.package_identification:_identify(temperature_system) by extensions ['ros']
[3.503s] Level 1:colcon.colcon_core.package_identification:_identify(temperature_system) by extension 'ros'
[3.507s] DEBUG:colcon.colcon_core.package_identification:Package 'temperature_system' with type 'ros.ament_python' and name 'temperature_system'
[3.507s] Level 1:colcon.colcon_core.package_discovery:discover_packages(recursive) using defaults
[3.507s] Level 1:colcon.colcon_core.package_discovery:discover_packages(ignore) discover
[3.508s] Level 1:colcon.colcon_core.package_discovery:discover_packages(ignore) using defaults
[3.508s] Level 1:colcon.colcon_core.package_discovery:discover_packages(path) discover
[3.508s] Level 1:colcon.colcon_core.package_discovery:discover_packages(path) using defaults
[3.708s] INFO:colcon.colcon_core.package_selection:Skipping not selected package 'temperature_monitor' in 'src/temperature_monitor'
[3.712s] Level 1:colcon.colcon_core.package_discovery:discover_packages(prefix_path) check parameters
[3.713s] Level 1:colcon.colcon_core.package_discovery:discover_packages(prefix_path) discover
[3.735s] DEBUG:colcon.colcon_installed_package_information.package_discovery:Found 1 installed packages in /home/henrique/ros2_ws/install
[3.743s] DEBUG:colcon.colcon_installed_package_information.package_discovery:Found 285 installed packages in /opt/ros/jazzy
[3.750s] Level 1:colcon.colcon_core.package_discovery:discover_packages(prefix_path) using defaults
[4.115s] Level 5:colcon.colcon_core.verb:set package 'temperature_system' build argument 'cmake_args' from command line to 'None'
[4.116s] Level 5:colcon.colcon_core.verb:set package 'temperature_system' build argument 'cmake_target' from command line to 'None'
[4.116s] Level 5:colcon.colcon_core.verb:set package 'temperature_system' build argument 'cmake_target_skip_unavailable' from command line to 'False'
[4.116s] Level 5:colcon.colcon_core.verb:set package 'temperature_system' build argument 'cmake_clean_cache' from command line to 'False'
[4.116s] Level 5:colcon.colcon_core.verb:set package 'temperature_system' build argument 'cmake_clean_first' from command line to 'False'
[4.116s] Level 5:colcon.colcon_core.verb:set package 'temperature_system' build argument 'cmake_force_configure' from command line to 'False'
[4.116s] Level 5:colcon.colcon_core.verb:set package 'temperature_system' build argument 'ament_cmake_args' from command line to 'None'
[4.117s] Level 5:colcon.colcon_core.verb:set package 'temperature_system' build argument 'catkin_cmake_args' from command line to 'None'
[4.117s] Level 5:colcon.colcon_core.verb:set package 'temperature_system' build argument 'catkin_skip_building_tests' from command line to 'False'
[4.117s] DEBUG:colcon.colcon_core.verb:Building package 'temperature_system' with the following arguments: {'ament_cmake_args': None, 'build_base': '/home/henrique/ros2_ws/build/temperature_system', 'catkin_cmake_args': None, 'catkin_skip_building_tests': False, 'cmake_args': None, 'cmake_clean_cache': False, 'cmake_clean_first': False, 'cmake_force_configure': False, 'cmake_target': None, 'cmake_target_skip_unavailable': False, 'install_base': '/home/henrique/ros2_ws/install/temperature_system', 'merge_install': False, 'path': '/home/henrique/ros2_ws/temperature_system', 'symlink_install': False, 'test_result_base': None}
[4.117s] INFO:colcon.colcon_core.executor:Executing jobs using 'parallel' executor
[4.125s] DEBUG:colcon.colcon_parallel_executor.executor.parallel:run_until_complete
[4.126s] INFO:colcon.colcon_ros.task.ament_python.build:Building ROS package in '/home/henrique/ros2_ws/temperature_system' with build type 'ament_python'
[4.128s] Level 1:colcon.colcon_core.shell:create_environment_hook('temperature_system', 'ament_prefix_path')
[4.164s] INFO:colcon.colcon_core.plugin_system:Skipping extension 'colcon_core.shell.bat': Not used on non-Windows systems
[4.170s] INFO:colcon.colcon_core.shell:Creating environment hook '/home/henrique/ros2_ws/install/temperature_system/share/temperature_system/hook/ament_prefix_path.ps1'
[4.182s] INFO:colcon.colcon_core.shell:Creating environment descriptor '/home/henrique/ros2_ws/install/temperature_system/share/temperature_system/hook/ament_prefix_path.dsv'
[4.188s] INFO:colcon.colcon_core.shell:Creating environment hook '/home/henrique/ros2_ws/install/temperature_system/share/temperature_system/hook/ament_prefix_path.sh'
[4.197s] INFO:colcon.colcon_core.shell:Skip shell extension 'powershell' for command environment: Not usable outside of PowerShell
[4.201s] DEBUG:colcon.colcon_core.shell:Skip shell extension 'dsv' for command environment
[8.251s] DEBUG:colcon.colcon_parallel_executor.executor.parallel:closing loop
[8.251s] DEBUG:colcon.colcon_parallel_executor.executor.parallel:loop closed
[8.253s] DEBUG:colcon.colcon_parallel_executor.executor.parallel:run_until_complete finished with 'Command '['/usr/bin/python3', '-c', 'import sys;from contextlib import suppress;exec("with suppress(ImportError):    from setuptools.extern.packaging.specifiers    import SpecifierSet");exec("with suppress(ImportError):    from packaging.specifiers import SpecifierSet");from distutils.core import run_setup;dist = run_setup(    \'setup.py\', script_args=(\'--dry-run\',), stop_after=\'config\');skip_keys = (\'cmdclass\', \'distclass\', \'ext_modules\', \'metadata\');data = {    key: value for key, value in dist.__dict__.items()     if (        not key.startswith(\'_\') and         not callable(value) and         key not in skip_keys and         key not in dist.display_option_names    )};data[\'metadata\'] = {    k: v for k, v in dist.metadata.__dict__.items()     if k not in (\'license_files\', \'provides_extras\')};sys.stdout.buffer.write(repr(data).encode(\'utf-8\'))']' returned non-zero exit status 1.'
[8.254s] DEBUG:colcon.colcon_core.event_reactor:joining thread
[8.425s] INFO:colcon.colcon_core.plugin_system:Skipping extension 'colcon_notification.desktop_notification.terminal_notifier': Not used on non-Darwin systems
[8.426s] INFO:colcon.colcon_core.plugin_system:Skipping extension 'colcon_notification.desktop_notification.win32': Not used on non-Windows systems
[8.427s] INFO:colcon.colcon_notification.desktop_notification:Sending desktop notification using 'notify2'
[8.986s] DEBUG:colcon.colcon_core.event_reactor:joined thread
[9.015s] INFO:colcon.colcon_core.shell:Creating prefix script '/home/henrique/ros2_ws/install/local_setup.ps1'
[9.034s] INFO:colcon.colcon_core.shell:Creating prefix util module '/home/henrique/ros2_ws/install/_local_setup_util_ps1.py'
[9.044s] INFO:colcon.colcon_core.shell:Creating prefix chain script '/home/henrique/ros2_ws/install/setup.ps1'
[9.053s] INFO:colcon.colcon_core.shell:Creating prefix script '/home/henrique/ros2_ws/install/local_setup.sh'
[9.059s] INFO:colcon.colcon_core.shell:Creating prefix util module '/home/henrique/ros2_ws/install/_local_setup_util_sh.py'
[9.066s] INFO:colcon.colcon_core.shell:Creating prefix chain script '/home/henrique/ros2_ws/install/setup.sh'
[9.072s] INFO:colcon.colcon_core.shell:Creating prefix script '/home/henrique/ros2_ws/install/local_setup.bash'
[9.079s] INFO:colcon.colcon_core.shell:Creating prefix chain script '/home/henrique/ros2_ws/install/setup.bash'
[9.087s] INFO:colcon.colcon_core.shell:Creating prefix script '/home/henrique/ros2_ws/install/local_setup.zsh'
[9.098s] INFO:colcon.colcon_core.shell:Creating prefix chain script '/home/henrique/ros2_ws/install/setup.zsh'
