[0.127s] Invoking command in '/home/henrique/ros2_ws/build/simple_robot_description': CMAKE_PREFIX_PATH=${CMAKE_PREFIX_PATH}:/home/henrique/ros2_ws/install/temperature_system:/home/henrique/ros2_ws/install/temperature_monitor:/opt/ros/jazzy DEBUGINFOD_URLS=https://debuginfod.ubuntu.com /usr/bin/cmake /home/henrique/ros2_ws/src/simple_robot_description -DCMAKE_INSTALL_PREFIX=/home/henrique/ros2_ws/install/simple_robot_description
[1.681s] -- The C compiler identification is GNU 13.3.0
[2.592s] -- The CXX compiler identification is GNU 13.3.0
[2.836s] -- Detecting C compiler ABI info
[3.722s] -- Detecting C compiler ABI info - done
[3.779s] -- Check for working C compiler: /usr/bin/cc - skipped
[3.783s] -- Detecting C compile features
[3.790s] -- Detecting C compile features - done
[3.896s] -- Detecting CXX compiler ABI info
[4.505s] -- Detecting CXX compiler ABI info - done
[4.607s] -- Check for working CXX compiler: /usr/bin/c++ - skipped
[4.609s] -- Detecting CXX compile features
[4.613s] -- Detecting CXX compile features - done
[4.703s] -- Found ament_cmake: 2.5.4 (/opt/ros/jazzy/share/ament_cmake/cmake)
[6.248s] -- Found Python3: /usr/bin/python3 (found version "3.12.3") found components: Interpreter 
[7.570s] -- Found ament_lint_auto: 0.17.2 (/opt/ros/jazzy/share/ament_lint_auto/cmake)
[8.618s] -- Added test 'flake8' to check Python code syntax and style conventions
[8.618s] -- Configured 'flake8' exclude dirs and/or files: 
[8.636s] -- Added test 'lint_cmake' to check CMake code style
[8.647s] -- Added test 'pep257' to check Python code against some of the docstring style conventions in PEP 257
[8.672s] -- Added test 'xmllint' to check XML markup files
[8.697s] -- Configuring done (8.3s)
[8.757s] -- Generating done (0.0s)
[8.809s] -- Build files have been written to: /home/henrique/ros2_ws/build/simple_robot_description
[8.882s] Invoked command in '/home/henrique/ros2_ws/build/simple_robot_description' returned '0': CMAKE_PREFIX_PATH=${CMAKE_PREFIX_PATH}:/home/henrique/ros2_ws/install/temperature_system:/home/henrique/ros2_ws/install/temperature_monitor:/opt/ros/jazzy DEBUGINFOD_URLS=https://debuginfod.ubuntu.com /usr/bin/cmake /home/henrique/ros2_ws/src/simple_robot_description -DCMAKE_INSTALL_PREFIX=/home/henrique/ros2_ws/install/simple_robot_description
[8.894s] Invoking command in '/home/henrique/ros2_ws/build/simple_robot_description': CMAKE_PREFIX_PATH=${CMAKE_PREFIX_PATH}:/home/henrique/ros2_ws/install/temperature_system:/home/henrique/ros2_ws/install/temperature_monitor:/opt/ros/jazzy DEBUGINFOD_URLS=https://debuginfod.ubuntu.com /usr/bin/cmake --build /home/henrique/ros2_ws/build/simple_robot_description -- -j2 -l2
[9.373s] Invoked command in '/home/henrique/ros2_ws/build/simple_robot_description' returned '0': CMAKE_PREFIX_PATH=${CMAKE_PREFIX_PATH}:/home/henrique/ros2_ws/install/temperature_system:/home/henrique/ros2_ws/install/temperature_monitor:/opt/ros/jazzy DEBUGINFOD_URLS=https://debuginfod.ubuntu.com /usr/bin/cmake --build /home/henrique/ros2_ws/build/simple_robot_description -- -j2 -l2
[9.514s] Invoking command in '/home/henrique/ros2_ws/build/simple_robot_description': CMAKE_PREFIX_PATH=${CMAKE_PREFIX_PATH}:/home/henrique/ros2_ws/install/temperature_system:/home/henrique/ros2_ws/install/temperature_monitor:/opt/ros/jazzy DEBUGINFOD_URLS=https://debuginfod.ubuntu.com /usr/bin/cmake --install /home/henrique/ros2_ws/build/simple_robot_description
[9.609s] -- Install configuration: ""
[9.611s] -- Installing: /home/henrique/ros2_ws/install/simple_robot_description/share/simple_robot_description/urdf
[9.615s] -- Installing: /home/henrique/ros2_ws/install/simple_robot_description/share/simple_robot_description/urdf/simple_robot.urdf
[9.618s] -- Installing: /home/henrique/ros2_ws/install/simple_robot_description/share/simple_robot_description/launch
[9.620s] -- Installing: /home/henrique/ros2_ws/install/simple_robot_description/share/simple_robot_description/launch/display.launch.py
[9.651s] [31mCMake Error at cmake_install.cmake:46 (file):
[9.655s]   file INSTALL cannot find
[9.656s]   "/home/henrique/ros2_ws/src/simple_robot_description/worlds": No such file
[9.661s]   or directory.
[9.663s] 
[9.663s] [0m
[9.669s] -- Installing: /home/henrique/ros2_ws/install/simple_robot_description/share/simple_robot_description/rviz
[9.670s] -- Installing: /home/henrique/ros2_ws/install/simple_robot_description/share/simple_robot_description/rviz/urdf_config.rviz
[9.674s] -- Up-to-date: /home/henrique/ros2_ws/install/simple_robot_description/share/simple_robot_description/config
[9.675s] Invoked command in '/home/henrique/ros2_ws/build/simple_robot_description' returned '1': CMAKE_PREFIX_PATH=${CMAKE_PREFIX_PATH}:/home/henrique/ros2_ws/install/temperature_system:/home/henrique/ros2_ws/install/temperature_monitor:/opt/ros/jazzy DEBUGINFOD_URLS=https://debuginfod.ubuntu.com /usr/bin/cmake --install /home/henrique/ros2_ws/build/simple_robot_description
