[5.133s] Invoking command in '/home/henrique/ros2_ws/src/temperature_system': DEBUGINFOD_URLS=https://debuginfod.ubuntu.com PYTHONPATH=/home/henrique/ros2_ws/build/temperature_system/prefix_override:/usr/lib/python3/dist-packages/colcon_core/task/python/colcon_distutils_commands:/home/henrique/ros2_ws/install/temperature_system/lib/python3.12/site-packages:${PYTHONPATH} /usr/bin/python3 -W ignore:setup.py install is deprecated -W ignore:easy_install command is deprecated setup.py egg_info --egg-base ../../build/temperature_system build --build-base /home/henrique/ros2_ws/build/temperature_system/build install --record /home/henrique/ros2_ws/build/temperature_system/install.log --single-version-externally-managed install_data
[6.526s] running egg_info
[6.636s] writing ../../build/temperature_system/temperature_system.egg-info/PKG-INFO
[6.640s] writing dependency_links to ../../build/temperature_system/temperature_system.egg-info/dependency_links.txt
[6.650s] writing entry points to ../../build/temperature_system/temperature_system.egg-info/entry_points.txt
[6.650s] writing requirements to ../../build/temperature_system/temperature_system.egg-info/requires.txt
[6.653s] writing top-level names to ../../build/temperature_system/temperature_system.egg-info/top_level.txt
[6.882s] reading manifest file '../../build/temperature_system/temperature_system.egg-info/SOURCES.txt'
[6.888s] writing manifest file '../../build/temperature_system/temperature_system.egg-info/SOURCES.txt'
[6.889s] running build
[6.891s] running build_py
[6.892s] copying temperature_system/advanced_monitor_node.py -> /home/henrique/ros2_ws/build/temperature_system/build/lib/temperature_system
[6.897s] running install
[6.939s] running install_lib
[7.156s] copying /home/henrique/ros2_ws/build/temperature_system/build/lib/temperature_system/advanced_monitor_node.py -> /home/henrique/ros2_ws/install/temperature_system/lib/python3.12/site-packages/temperature_system
[7.162s] byte-compiling /home/henrique/ros2_ws/install/temperature_system/lib/python3.12/site-packages/temperature_system/advanced_monitor_node.py to advanced_monitor_node.cpython-312.pyc
[7.179s] running install_data
[7.180s] running install_egg_info
[7.398s] removing '/home/henrique/ros2_ws/install/temperature_system/lib/python3.12/site-packages/temperature_system-0.0.0-py3.12.egg-info' (and everything under it)
[7.402s] Copying ../../build/temperature_system/temperature_system.egg-info to /home/henrique/ros2_ws/install/temperature_system/lib/python3.12/site-packages/temperature_system-0.0.0-py3.12.egg-info
[7.410s] running install_scripts
[8.289s] Installing advanced_monitor_node script to /home/henrique/ros2_ws/install/temperature_system/lib/temperature_system
[8.292s] Installing enhanced_publisher_node script to /home/henrique/ros2_ws/install/temperature_system/lib/temperature_system
[8.293s] Installing logger_node script to /home/henrique/ros2_ws/install/temperature_system/lib/temperature_system
[8.293s] writing list of installed files to '/home/henrique/ros2_ws/build/temperature_system/install.log'
[8.443s] Invoked command in '/home/henrique/ros2_ws/src/temperature_system' returned '0': DEBUGINFOD_URLS=https://debuginfod.ubuntu.com PYTHONPATH=/home/henrique/ros2_ws/build/temperature_system/prefix_override:/usr/lib/python3/dist-packages/colcon_core/task/python/colcon_distutils_commands:/home/henrique/ros2_ws/install/temperature_system/lib/python3.12/site-packages:${PYTHONPATH} /usr/bin/python3 -W ignore:setup.py install is deprecated -W ignore:easy_install command is deprecated setup.py egg_info --egg-base ../../build/temperature_system build --build-base /home/henrique/ros2_ws/build/temperature_system/build install --record /home/henrique/ros2_ws/build/temperature_system/install.log --single-version-externally-managed install_data
