[0.104s] Invoking command in '/home/henrique/ros2_ws/build/my_robot_description': CMAKE_PREFIX_PATH=${CMAKE_PREFIX_PATH}:/home/henrique/ros2_ws/install/temperature_system:/home/henrique/ros2_ws/install/temperature_monitor:/opt/ros/jazzy DEBUGINFOD_URLS=https://debuginfod.ubuntu.com /usr/bin/cmake --build /home/henrique/ros2_ws/build/my_robot_description -- -j2 -l2
[0.590s] Invoked command in '/home/henrique/ros2_ws/build/my_robot_description' returned '0': CMAKE_PREFIX_PATH=${CMAKE_PREFIX_PATH}:/home/henrique/ros2_ws/install/temperature_system:/home/henrique/ros2_ws/install/temperature_monitor:/opt/ros/jazzy DEBUGINFOD_URLS=https://debuginfod.ubuntu.com /usr/bin/cmake --build /home/henrique/ros2_ws/build/my_robot_description -- -j2 -l2
[0.659s] Invoking command in '/home/henrique/ros2_ws/build/my_robot_description': CMAKE_PREFIX_PATH=${CMAKE_PREFIX_PATH}:/home/henrique/ros2_ws/install/temperature_system:/home/henrique/ros2_ws/install/temperature_monitor:/opt/ros/jazzy DEBUGINFOD_URLS=https://debuginfod.ubuntu.com /usr/bin/cmake --install /home/henrique/ros2_ws/build/my_robot_description
[0.701s] -- Install configuration: ""
[0.704s] -- Up-to-date: /home/henrique/ros2_ws/install/my_robot_description/share/my_robot_description/urdf
[0.705s] -- Up-to-date: /home/henrique/ros2_ws/install/my_robot_description/share/my_robot_description/urdf/my_robot_gazebo.urdf
[0.707s] -- Installing: /home/henrique/ros2_ws/install/my_robot_description/share/my_robot_description/urdf/my_robot.urdf
[0.709s] -- Up-to-date: /home/henrique/ros2_ws/install/my_robot_description/share/my_robot_description/launch
[0.709s] -- Up-to-date: /home/henrique/ros2_ws/install/my_robot_description/share/my_robot_description/launch/components
[0.711s] -- Up-to-date: /home/henrique/ros2_ws/install/my_robot_description/share/my_robot_description/launch/gazebo.launch.py
[0.716s] -- Up-to-date: /home/henrique/ros2_ws/install/my_robot_description/share/my_robot_description/launch/main.launch.py
[0.716s] -- Up-to-date: /home/henrique/ros2_ws/install/my_robot_description/share/my_robot_description/launch/modes
[0.717s] -- Up-to-date: /home/henrique/ros2_ws/install/my_robot_description/share/my_robot_description/launch/display.launch.py
[0.717s] -- Up-to-date: /home/henrique/ros2_ws/install/my_robot_description/share/my_robot_description/rviz
[0.718s] -- Up-to-date: /home/henrique/ros2_ws/install/my_robot_description/share/my_robot_description/rviz/urdf_config_nogazebo.rviz
[0.719s] -- Up-to-date: /home/henrique/ros2_ws/install/my_robot_description/share/my_robot_description/rviz/urdf_config.rviz
[0.719s] -- Up-to-date: /home/henrique/ros2_ws/install/my_robot_description/share/my_robot_description/config
[0.727s] -- Up-to-date: /home/henrique/ros2_ws/install/my_robot_description/share/my_robot_description/config/params
[0.728s] -- Up-to-date: /home/henrique/ros2_ws/install/my_robot_description/share/my_robot_description/config/params/robot_config.yaml
[0.728s] -- Up-to-date: /home/henrique/ros2_ws/install/my_robot_description/share/my_robot_description/config/gz_bridge.yaml
[0.729s] -- Up-to-date: /home/henrique/ros2_ws/install/my_robot_description/share/my_robot_description/worlds
[0.729s] -- Up-to-date: /home/henrique/ros2_ws/install/my_robot_description/share/my_robot_description/worlds/diff_drive
[0.736s] -- Installing: /home/henrique/ros2_ws/install/my_robot_description/share/my_robot_description/worlds/diff_drive/diff_drive.sdf
[0.736s] -- Up-to-date: /home/henrique/ros2_ws/install/my_robot_description/share/ament_index/resource_index/package_run_dependencies/my_robot_description
[0.736s] -- Up-to-date: /home/henrique/ros2_ws/install/my_robot_description/share/ament_index/resource_index/parent_prefix_path/my_robot_description
[0.737s] -- Up-to-date: /home/henrique/ros2_ws/install/my_robot_description/share/my_robot_description/environment/ament_prefix_path.sh
[0.737s] -- Up-to-date: /home/henrique/ros2_ws/install/my_robot_description/share/my_robot_description/environment/ament_prefix_path.dsv
[0.745s] -- Up-to-date: /home/henrique/ros2_ws/install/my_robot_description/share/my_robot_description/environment/path.sh
[0.746s] -- Up-to-date: /home/henrique/ros2_ws/install/my_robot_description/share/my_robot_description/environment/path.dsv
[0.755s] -- Up-to-date: /home/henrique/ros2_ws/install/my_robot_description/share/my_robot_description/local_setup.bash
[0.755s] -- Up-to-date: /home/henrique/ros2_ws/install/my_robot_description/share/my_robot_description/local_setup.sh
[0.756s] -- Up-to-date: /home/henrique/ros2_ws/install/my_robot_description/share/my_robot_description/local_setup.zsh
[0.756s] -- Up-to-date: /home/henrique/ros2_ws/install/my_robot_description/share/my_robot_description/local_setup.dsv
[0.758s] -- Installing: /home/henrique/ros2_ws/install/my_robot_description/share/my_robot_description/package.dsv
[0.758s] -- Up-to-date: /home/henrique/ros2_ws/install/my_robot_description/share/ament_index/resource_index/packages/my_robot_description
[0.759s] -- Up-to-date: /home/henrique/ros2_ws/install/my_robot_description/share/my_robot_description/cmake/my_robot_descriptionConfig.cmake
[0.759s] -- Up-to-date: /home/henrique/ros2_ws/install/my_robot_description/share/my_robot_description/cmake/my_robot_descriptionConfig-version.cmake
[0.764s] -- Up-to-date: /home/henrique/ros2_ws/install/my_robot_description/share/my_robot_description/package.xml
[0.764s] Invoked command in '/home/henrique/ros2_ws/build/my_robot_description' returned '0': CMAKE_PREFIX_PATH=${CMAKE_PREFIX_PATH}:/home/henrique/ros2_ws/install/temperature_system:/home/henrique/ros2_ws/install/temperature_monitor:/opt/ros/jazzy DEBUGINFOD_URLS=https://debuginfod.ubuntu.com /usr/bin/cmake --install /home/henrique/ros2_ws/build/my_robot_description
