/home/henrique/ros2_ws/install/temperature_system/lib/python3.12/site-packages/temperature_system/advanced_monitor_node.py
/home/henrique/ros2_ws/install/temperature_system/lib/python3.12/site-packages/temperature_system/__init__.py
/home/henrique/ros2_ws/install/temperature_system/lib/python3.12/site-packages/temperature_system/logger_node.py
/home/henrique/ros2_ws/install/temperature_system/lib/python3.12/site-packages/temperature_system/enhanced_publisher_node.py
/home/henrique/ros2_ws/install/temperature_system/lib/python3.12/site-packages/temperature_system/__pycache__/advanced_monitor_node.cpython-312.pyc
/home/henrique/ros2_ws/install/temperature_system/lib/python3.12/site-packages/temperature_system/__pycache__/__init__.cpython-312.pyc
/home/henrique/ros2_ws/install/temperature_system/lib/python3.12/site-packages/temperature_system/__pycache__/logger_node.cpython-312.pyc
/home/henrique/ros2_ws/install/temperature_system/lib/python3.12/site-packages/temperature_system/__pycache__/enhanced_publisher_node.cpython-312.pyc
/home/henrique/ros2_ws/install/temperature_system/share/ament_index/resource_index/packages/temperature_system
/home/henrique/ros2_ws/install/temperature_system/share/temperature_system/package.xml
/home/henrique/ros2_ws/install/temperature_system/share/temperature_system/launch/launch.py
/home/henrique/ros2_ws/install/temperature_system/lib/python3.12/site-packages/temperature_system-0.0.0-py3.12.egg-info/SOURCES.txt
/home/henrique/ros2_ws/install/temperature_system/lib/python3.12/site-packages/temperature_system-0.0.0-py3.12.egg-info/top_level.txt
/home/henrique/ros2_ws/install/temperature_system/lib/python3.12/site-packages/temperature_system-0.0.0-py3.12.egg-info/entry_points.txt
/home/henrique/ros2_ws/install/temperature_system/lib/python3.12/site-packages/temperature_system-0.0.0-py3.12.egg-info/dependency_links.txt
/home/henrique/ros2_ws/install/temperature_system/lib/python3.12/site-packages/temperature_system-0.0.0-py3.12.egg-info/zip-safe
/home/henrique/ros2_ws/install/temperature_system/lib/python3.12/site-packages/temperature_system-0.0.0-py3.12.egg-info/requires.txt
/home/henrique/ros2_ws/install/temperature_system/lib/python3.12/site-packages/temperature_system-0.0.0-py3.12.egg-info/PKG-INFO
/home/henrique/ros2_ws/install/temperature_system/lib/temperature_system/advanced_monitor_node
/home/henrique/ros2_ws/install/temperature_system/lib/temperature_system/enhanced_publisher_node
/home/henrique/ros2_ws/install/temperature_system/lib/temperature_system/logger_node
