[0.426s] DEBUG:colcon:Command line arguments: ['/usr/bin/colcon', 'build', '--packages-select', 'temperature_system']
[0.426s] DEBUG:colcon:Parsed command line arguments: Namespace(log_base=None, log_level=None, verb_name='build', build_base='build', install_base='install', merge_install=False, symlink_install=False, test_result_base=None, continue_on_error=False, executor='parallel', parallel_workers=2, event_handlers=None, ignore_user_meta=False, metas=['./colcon.meta'], base_paths=['.'], packages_ignore=None, packages_ignore_regex=None, paths=None, packages_up_to=None, packages_up_to_regex=None, packages_above=None, packages_above_and_dependencies=None, packages_above_depth=None, packages_select_by_dep=None, packages_skip_by_dep=None, packages_skip_up_to=None, packages_select_build_failed=False, packages_skip_build_finished=False, packages_select_test_failures=False, packages_skip_test_passed=False, packages_select=['temperature_system'], packages_skip=None, packages_select_regex=None, packages_skip_regex=None, packages_start=None, packages_end=None, allow_overriding=[], cmake_args=None, cmake_target=None, cmake_target_skip_unavailable=False, cmake_clean_cache=False, cmake_clean_first=False, cmake_force_configure=False, ament_cmake_args=None, catkin_cmake_args=None, catkin_skip_building_tests=False, mixin_files=None, mixin=None, verb_parser=<colcon_mixin.mixin.mixin_argument.MixinArgumentDecorator object at 0x7902acf98920>, verb_extension=<colcon_core.verb.build.BuildVerb object at 0x7902acf1e6c0>, main=<bound method BuildVerb.main of <colcon_core.verb.build.BuildVerb object at 0x7902acf1e6c0>>, mixin_verb=('build',))
[0.612s] Level 1:colcon.colcon_core.package_discovery:discover_packages(colcon_meta) check parameters
[0.613s] Level 1:colcon.colcon_core.package_discovery:discover_packages(recursive) check parameters
[0.613s] Level 1:colcon.colcon_core.package_discovery:discover_packages(ignore) check parameters
[0.613s] Level 1:colcon.colcon_core.package_discovery:discover_packages(path) check parameters
[0.613s] Level 1:colcon.colcon_core.package_discovery:discover_packages(colcon_meta) discover
[0.613s] Level 1:colcon.colcon_core.package_discovery:discover_packages(recursive) discover
[0.613s] INFO:colcon.colcon_core.package_discovery:Crawling recursively for packages in '/home/henrique/ros2_ws'
[0.614s] Level 1:colcon.colcon_core.package_identification:_identify(.) by extensions ['ignore', 'ignore_ament_install']
[0.614s] Level 1:colcon.colcon_core.package_identification:_identify(.) by extension 'ignore'
[0.614s] Level 1:colcon.colcon_core.package_identification:_identify(.) by extension 'ignore_ament_install'
[0.614s] Level 1:colcon.colcon_core.package_identification:_identify(.) by extensions ['colcon_pkg']
[0.615s] Level 1:colcon.colcon_core.package_identification:_identify(.) by extension 'colcon_pkg'
[0.615s] Level 1:colcon.colcon_core.package_identification:_identify(.) by extensions ['colcon_meta']
[0.615s] Level 1:colcon.colcon_core.package_identification:_identify(.) by extension 'colcon_meta'
[0.615s] Level 1:colcon.colcon_core.package_identification:_identify(.) by extensions ['ros']
[0.615s] Level 1:colcon.colcon_core.package_identification:_identify(.) by extension 'ros'
[0.702s] Level 1:colcon.colcon_core.package_identification:_identify(.) by extensions ['cmake', 'python']
[0.702s] Level 1:colcon.colcon_core.package_identification:_identify(.) by extension 'cmake'
[0.703s] Level 1:colcon.colcon_core.package_identification:_identify(.) by extension 'python'
[0.703s] Level 1:colcon.colcon_core.package_identification:_identify(.) by extensions ['python_setup_py']
[0.703s] Level 1:colcon.colcon_core.package_identification:_identify(.) by extension 'python_setup_py'
[0.703s] Level 1:colcon.colcon_core.package_identification:_identify(build) by extensions ['ignore', 'ignore_ament_install']
[0.704s] Level 1:colcon.colcon_core.package_identification:_identify(build) by extension 'ignore'
[0.704s] Level 1:colcon.colcon_core.package_identification:_identify(build) ignored
[0.704s] Level 1:colcon.colcon_core.package_identification:_identify(install) by extensions ['ignore', 'ignore_ament_install']
[0.705s] Level 1:colcon.colcon_core.package_identification:_identify(install) by extension 'ignore'
[0.705s] Level 1:colcon.colcon_core.package_identification:_identify(install) ignored
[0.705s] Level 1:colcon.colcon_core.package_identification:_identify(log) by extensions ['ignore', 'ignore_ament_install']
[0.706s] Level 1:colcon.colcon_core.package_identification:_identify(log) by extension 'ignore'
[0.706s] Level 1:colcon.colcon_core.package_identification:_identify(log) ignored
[0.706s] Level 1:colcon.colcon_core.package_identification:_identify(src) by extensions ['ignore', 'ignore_ament_install']
[0.706s] Level 1:colcon.colcon_core.package_identification:_identify(src) by extension 'ignore'
[0.706s] Level 1:colcon.colcon_core.package_identification:_identify(src) by extension 'ignore_ament_install'
[0.707s] Level 1:colcon.colcon_core.package_identification:_identify(src) by extensions ['colcon_pkg']
[0.707s] Level 1:colcon.colcon_core.package_identification:_identify(src) by extension 'colcon_pkg'
[0.707s] Level 1:colcon.colcon_core.package_identification:_identify(src) by extensions ['colcon_meta']
[0.707s] Level 1:colcon.colcon_core.package_identification:_identify(src) by extension 'colcon_meta'
[0.707s] Level 1:colcon.colcon_core.package_identification:_identify(src) by extensions ['ros']
[0.707s] Level 1:colcon.colcon_core.package_identification:_identify(src) by extension 'ros'
[0.708s] Level 1:colcon.colcon_core.package_identification:_identify(src) by extensions ['cmake', 'python']
[0.708s] Level 1:colcon.colcon_core.package_identification:_identify(src) by extension 'cmake'
[0.708s] Level 1:colcon.colcon_core.package_identification:_identify(src) by extension 'python'
[0.708s] Level 1:colcon.colcon_core.package_identification:_identify(src) by extensions ['python_setup_py']
[0.708s] Level 1:colcon.colcon_core.package_identification:_identify(src) by extension 'python_setup_py'
[0.708s] Level 1:colcon.colcon_core.package_identification:_identify(src/build) by extensions ['ignore', 'ignore_ament_install']
[0.709s] Level 1:colcon.colcon_core.package_identification:_identify(src/build) by extension 'ignore'
[0.709s] Level 1:colcon.colcon_core.package_identification:_identify(src/build) ignored
[0.709s] Level 1:colcon.colcon_core.package_identification:_identify(src/install) by extensions ['ignore', 'ignore_ament_install']
[0.709s] Level 1:colcon.colcon_core.package_identification:_identify(src/install) by extension 'ignore'
[0.710s] Level 1:colcon.colcon_core.package_identification:_identify(src/install) ignored
[0.710s] Level 1:colcon.colcon_core.package_identification:_identify(src/log) by extensions ['ignore', 'ignore_ament_install']
[0.710s] Level 1:colcon.colcon_core.package_identification:_identify(src/log) by extension 'ignore'
[0.710s] Level 1:colcon.colcon_core.package_identification:_identify(src/log) ignored
[0.711s] Level 1:colcon.colcon_core.package_identification:_identify(src/my_robot_description) by extensions ['ignore', 'ignore_ament_install']
[0.711s] Level 1:colcon.colcon_core.package_identification:_identify(src/my_robot_description) by extension 'ignore'
[0.711s] Level 1:colcon.colcon_core.package_identification:_identify(src/my_robot_description) by extension 'ignore_ament_install'
[0.711s] Level 1:colcon.colcon_core.package_identification:_identify(src/my_robot_description) by extensions ['colcon_pkg']
[0.711s] Level 1:colcon.colcon_core.package_identification:_identify(src/my_robot_description) by extension 'colcon_pkg'
[0.712s] Level 1:colcon.colcon_core.package_identification:_identify(src/my_robot_description) by extensions ['colcon_meta']
[0.712s] Level 1:colcon.colcon_core.package_identification:_identify(src/my_robot_description) by extension 'colcon_meta'
[0.712s] Level 1:colcon.colcon_core.package_identification:_identify(src/my_robot_description) by extensions ['ros']
[0.712s] Level 1:colcon.colcon_core.package_identification:_identify(src/my_robot_description) by extension 'ros'
[0.721s] DEBUG:colcon.colcon_core.package_identification:Package 'src/my_robot_description' with type 'ros.ament_cmake' and name 'my_robot_description'
[0.721s] Level 1:colcon.colcon_core.package_identification:_identify(src/simple_robot_description) by extensions ['ignore', 'ignore_ament_install']
[0.722s] Level 1:colcon.colcon_core.package_identification:_identify(src/simple_robot_description) by extension 'ignore'
[0.722s] Level 1:colcon.colcon_core.package_identification:_identify(src/simple_robot_description) by extension 'ignore_ament_install'
[0.722s] Level 1:colcon.colcon_core.package_identification:_identify(src/simple_robot_description) by extensions ['colcon_pkg']
[0.722s] Level 1:colcon.colcon_core.package_identification:_identify(src/simple_robot_description) by extension 'colcon_pkg'
[0.722s] Level 1:colcon.colcon_core.package_identification:_identify(src/simple_robot_description) by extensions ['colcon_meta']
[0.722s] Level 1:colcon.colcon_core.package_identification:_identify(src/simple_robot_description) by extension 'colcon_meta'
[0.722s] Level 1:colcon.colcon_core.package_identification:_identify(src/simple_robot_description) by extensions ['ros']
[0.723s] Level 1:colcon.colcon_core.package_identification:_identify(src/simple_robot_description) by extension 'ros'
[0.725s] DEBUG:colcon.colcon_core.package_identification:Package 'src/simple_robot_description' with type 'ros.ament_cmake' and name 'simple_robot_description'
[0.726s] Level 1:colcon.colcon_core.package_identification:_identify(src/temperature_monitor) by extensions ['ignore', 'ignore_ament_install']
[0.726s] Level 1:colcon.colcon_core.package_identification:_identify(src/temperature_monitor) by extension 'ignore'
[0.726s] Level 1:colcon.colcon_core.package_identification:_identify(src/temperature_monitor) by extension 'ignore_ament_install'
[0.726s] Level 1:colcon.colcon_core.package_identification:_identify(src/temperature_monitor) by extensions ['colcon_pkg']
[0.727s] Level 1:colcon.colcon_core.package_identification:_identify(src/temperature_monitor) by extension 'colcon_pkg'
[0.727s] Level 1:colcon.colcon_core.package_identification:_identify(src/temperature_monitor) by extensions ['colcon_meta']
[0.727s] Level 1:colcon.colcon_core.package_identification:_identify(src/temperature_monitor) by extension 'colcon_meta'
[0.727s] Level 1:colcon.colcon_core.package_identification:_identify(src/temperature_monitor) by extensions ['ros']
[0.727s] Level 1:colcon.colcon_core.package_identification:_identify(src/temperature_monitor) by extension 'ros'
[0.729s] DEBUG:colcon.colcon_core.package_identification:Package 'src/temperature_monitor' with type 'ros.ament_python' and name 'temperature_monitor'
[0.729s] Level 1:colcon.colcon_core.package_identification:_identify(src/temperature_system) by extensions ['ignore', 'ignore_ament_install']
[0.729s] Level 1:colcon.colcon_core.package_identification:_identify(src/temperature_system) by extension 'ignore'
[0.729s] Level 1:colcon.colcon_core.package_identification:_identify(src/temperature_system) by extension 'ignore_ament_install'
[0.730s] Level 1:colcon.colcon_core.package_identification:_identify(src/temperature_system) by extensions ['colcon_pkg']
[0.730s] Level 1:colcon.colcon_core.package_identification:_identify(src/temperature_system) by extension 'colcon_pkg'
[0.730s] Level 1:colcon.colcon_core.package_identification:_identify(src/temperature_system) by extensions ['colcon_meta']
[0.730s] Level 1:colcon.colcon_core.package_identification:_identify(src/temperature_system) by extension 'colcon_meta'
[0.730s] Level 1:colcon.colcon_core.package_identification:_identify(src/temperature_system) by extensions ['ros']
[0.730s] Level 1:colcon.colcon_core.package_identification:_identify(src/temperature_system) by extension 'ros'
[0.732s] DEBUG:colcon.colcon_core.package_identification:Package 'src/temperature_system' with type 'ros.ament_python' and name 'temperature_system'
[0.732s] Level 1:colcon.colcon_core.package_discovery:discover_packages(recursive) using defaults
[0.732s] Level 1:colcon.colcon_core.package_discovery:discover_packages(ignore) discover
[0.732s] Level 1:colcon.colcon_core.package_discovery:discover_packages(ignore) using defaults
[0.733s] Level 1:colcon.colcon_core.package_discovery:discover_packages(path) discover
[0.733s] Level 1:colcon.colcon_core.package_discovery:discover_packages(path) using defaults
[0.793s] INFO:colcon.colcon_core.package_selection:Skipping not selected package 'my_robot_description' in 'src/my_robot_description'
[0.793s] INFO:colcon.colcon_core.package_selection:Skipping not selected package 'simple_robot_description' in 'src/simple_robot_description'
[0.793s] INFO:colcon.colcon_core.package_selection:Skipping not selected package 'temperature_monitor' in 'src/temperature_monitor'
[0.794s] Level 1:colcon.colcon_core.package_discovery:discover_packages(prefix_path) check parameters
[0.795s] Level 1:colcon.colcon_core.package_discovery:discover_packages(prefix_path) discover
[0.802s] DEBUG:colcon.colcon_installed_package_information.package_discovery:Found 4 installed packages in /home/henrique/ros2_ws/install
[0.808s] DEBUG:colcon.colcon_installed_package_information.package_discovery:Found 309 installed packages in /opt/ros/jazzy
[0.811s] Level 1:colcon.colcon_core.package_discovery:discover_packages(prefix_path) using defaults
[0.992s] Level 5:colcon.colcon_core.verb:set package 'temperature_system' build argument 'cmake_args' from command line to 'None'
[0.992s] Level 5:colcon.colcon_core.verb:set package 'temperature_system' build argument 'cmake_target' from command line to 'None'
[0.992s] Level 5:colcon.colcon_core.verb:set package 'temperature_system' build argument 'cmake_target_skip_unavailable' from command line to 'False'
[0.992s] Level 5:colcon.colcon_core.verb:set package 'temperature_system' build argument 'cmake_clean_cache' from command line to 'False'
[0.992s] Level 5:colcon.colcon_core.verb:set package 'temperature_system' build argument 'cmake_clean_first' from command line to 'False'
[0.992s] Level 5:colcon.colcon_core.verb:set package 'temperature_system' build argument 'cmake_force_configure' from command line to 'False'
[0.993s] Level 5:colcon.colcon_core.verb:set package 'temperature_system' build argument 'ament_cmake_args' from command line to 'None'
[0.994s] Level 5:colcon.colcon_core.verb:set package 'temperature_system' build argument 'catkin_cmake_args' from command line to 'None'
[0.994s] Level 5:colcon.colcon_core.verb:set package 'temperature_system' build argument 'catkin_skip_building_tests' from command line to 'False'
[0.994s] DEBUG:colcon.colcon_core.verb:Building package 'temperature_system' with the following arguments: {'ament_cmake_args': None, 'build_base': '/home/henrique/ros2_ws/build/temperature_system', 'catkin_cmake_args': None, 'catkin_skip_building_tests': False, 'cmake_args': None, 'cmake_clean_cache': False, 'cmake_clean_first': False, 'cmake_force_configure': False, 'cmake_target': None, 'cmake_target_skip_unavailable': False, 'install_base': '/home/henrique/ros2_ws/install/temperature_system', 'merge_install': False, 'path': '/home/henrique/ros2_ws/src/temperature_system', 'symlink_install': False, 'test_result_base': None}
[0.994s] INFO:colcon.colcon_core.executor:Executing jobs using 'parallel' executor
[1.000s] DEBUG:colcon.colcon_parallel_executor.executor.parallel:run_until_complete
[1.001s] INFO:colcon.colcon_ros.task.ament_python.build:Building ROS package in '/home/henrique/ros2_ws/src/temperature_system' with build type 'ament_python'
[1.003s] Level 1:colcon.colcon_core.shell:create_environment_hook('temperature_system', 'ament_prefix_path')
[1.015s] INFO:colcon.colcon_core.plugin_system:Skipping extension 'colcon_core.shell.bat': Not used on non-Windows systems
[1.016s] INFO:colcon.colcon_core.shell:Creating environment hook '/home/henrique/ros2_ws/install/temperature_system/share/temperature_system/hook/ament_prefix_path.ps1'
[1.031s] INFO:colcon.colcon_core.shell:Creating environment descriptor '/home/henrique/ros2_ws/install/temperature_system/share/temperature_system/hook/ament_prefix_path.dsv'
[1.043s] INFO:colcon.colcon_core.shell:Creating environment hook '/home/henrique/ros2_ws/install/temperature_system/share/temperature_system/hook/ament_prefix_path.sh'
[1.056s] INFO:colcon.colcon_core.shell:Skip shell extension 'powershell' for command environment: Not usable outside of PowerShell
[1.059s] DEBUG:colcon.colcon_core.shell:Skip shell extension 'dsv' for command environment
[3.650s] INFO:colcon.colcon_core.task.python.build:Building Python package in '/home/henrique/ros2_ws/src/temperature_system'
[3.658s] INFO:colcon.colcon_core.shell:Skip shell extension 'powershell' for command environment: Not usable outside of PowerShell
[3.658s] DEBUG:colcon.colcon_core.shell:Skip shell extension 'dsv' for command environment
[10.077s] DEBUG:colcon.colcon_core.event_handler.log_command:Invoking command in '/home/henrique/ros2_ws/src/temperature_system': DEBUGINFOD_URLS=https://debuginfod.ubuntu.com PYTHONPATH=/home/henrique/ros2_ws/build/temperature_system/prefix_override:/usr/lib/python3/dist-packages/colcon_core/task/python/colcon_distutils_commands:/home/henrique/ros2_ws/install/temperature_system/lib/python3.12/site-packages:${PYTHONPATH} /usr/bin/python3 -W ignore:setup.py install is deprecated -W ignore:easy_install command is deprecated setup.py egg_info --egg-base ../../build/temperature_system build --build-base /home/henrique/ros2_ws/build/temperature_system/build install --record /home/henrique/ros2_ws/build/temperature_system/install.log --single-version-externally-managed install_data
[16.240s] DEBUG:colcon.colcon_core.event_handler.log_command:Invoked command in '/home/henrique/ros2_ws/src/temperature_system' returned '0': DEBUGINFOD_URLS=https://debuginfod.ubuntu.com PYTHONPATH=/home/henrique/ros2_ws/build/temperature_system/prefix_override:/usr/lib/python3/dist-packages/colcon_core/task/python/colcon_distutils_commands:/home/henrique/ros2_ws/install/temperature_system/lib/python3.12/site-packages:${PYTHONPATH} /usr/bin/python3 -W ignore:setup.py install is deprecated -W ignore:easy_install command is deprecated setup.py egg_info --egg-base ../../build/temperature_system build --build-base /home/henrique/ros2_ws/build/temperature_system/build install --record /home/henrique/ros2_ws/build/temperature_system/install.log --single-version-externally-managed install_data
[16.270s] Level 1:colcon.colcon_core.environment:checking '/home/henrique/ros2_ws/install/temperature_system' for CMake module files
[16.276s] Level 1:colcon.colcon_core.environment:checking '/home/henrique/ros2_ws/install/temperature_system' for CMake config files
[16.283s] Level 1:colcon.colcon_core.environment:checking '/home/henrique/ros2_ws/install/temperature_system/lib'
[16.284s] Level 1:colcon.colcon_core.environment:checking '/home/henrique/ros2_ws/install/temperature_system/bin'
[16.288s] Level 1:colcon.colcon_core.environment:checking '/home/henrique/ros2_ws/install/temperature_system/lib/pkgconfig/temperature_system.pc'
[16.290s] Level 1:colcon.colcon_core.environment:checking '/home/henrique/ros2_ws/install/temperature_system/lib/python3.12/site-packages'
[16.295s] Level 1:colcon.colcon_core.shell:create_environment_hook('temperature_system', 'pythonpath')
[16.296s] INFO:colcon.colcon_core.shell:Creating environment hook '/home/henrique/ros2_ws/install/temperature_system/share/temperature_system/hook/pythonpath.ps1'
[16.299s] INFO:colcon.colcon_core.shell:Creating environment descriptor '/home/henrique/ros2_ws/install/temperature_system/share/temperature_system/hook/pythonpath.dsv'
[16.304s] INFO:colcon.colcon_core.shell:Creating environment hook '/home/henrique/ros2_ws/install/temperature_system/share/temperature_system/hook/pythonpath.sh'
[16.317s] Level 1:colcon.colcon_core.environment:checking '/home/henrique/ros2_ws/install/temperature_system/bin'
[16.317s] Level 1:colcon.colcon_core.environment:create_environment_scripts_only(temperature_system)
[16.322s] INFO:colcon.colcon_core.shell:Creating package script '/home/henrique/ros2_ws/install/temperature_system/share/temperature_system/package.ps1'
[16.331s] INFO:colcon.colcon_core.shell:Creating package descriptor '/home/henrique/ros2_ws/install/temperature_system/share/temperature_system/package.dsv'
[16.340s] INFO:colcon.colcon_core.shell:Creating package script '/home/henrique/ros2_ws/install/temperature_system/share/temperature_system/package.sh'
[16.348s] INFO:colcon.colcon_core.shell:Creating package script '/home/henrique/ros2_ws/install/temperature_system/share/temperature_system/package.bash'
[16.359s] INFO:colcon.colcon_core.shell:Creating package script '/home/henrique/ros2_ws/install/temperature_system/share/temperature_system/package.zsh'
[16.369s] Level 1:colcon.colcon_core.environment:create_file_with_runtime_dependencies(/home/henrique/ros2_ws/install/temperature_system/share/colcon-core/packages/temperature_system)
[16.372s] DEBUG:colcon.colcon_parallel_executor.executor.parallel:closing loop
[16.376s] DEBUG:colcon.colcon_parallel_executor.executor.parallel:loop closed
[16.376s] DEBUG:colcon.colcon_parallel_executor.executor.parallel:run_until_complete finished with '0'
[16.376s] DEBUG:colcon.colcon_core.event_reactor:joining thread
[16.440s] INFO:colcon.colcon_core.plugin_system:Skipping extension 'colcon_notification.desktop_notification.terminal_notifier': Not used on non-Darwin systems
[16.441s] INFO:colcon.colcon_core.plugin_system:Skipping extension 'colcon_notification.desktop_notification.win32': Not used on non-Windows systems
[16.441s] INFO:colcon.colcon_notification.desktop_notification:Sending desktop notification using 'notify2'
[16.744s] DEBUG:colcon.colcon_core.event_reactor:joined thread
[16.745s] INFO:colcon.colcon_core.shell:Creating prefix script '/home/henrique/ros2_ws/install/local_setup.ps1'
[16.779s] INFO:colcon.colcon_core.shell:Creating prefix util module '/home/henrique/ros2_ws/install/_local_setup_util_ps1.py'
[16.811s] INFO:colcon.colcon_core.shell:Creating prefix chain script '/home/henrique/ros2_ws/install/setup.ps1'
[16.836s] INFO:colcon.colcon_core.shell:Creating prefix script '/home/henrique/ros2_ws/install/local_setup.sh'
[16.846s] INFO:colcon.colcon_core.shell:Creating prefix util module '/home/henrique/ros2_ws/install/_local_setup_util_sh.py'
[16.857s] INFO:colcon.colcon_core.shell:Creating prefix chain script '/home/henrique/ros2_ws/install/setup.sh'
[16.893s] INFO:colcon.colcon_core.shell:Creating prefix script '/home/henrique/ros2_ws/install/local_setup.bash'
[16.901s] INFO:colcon.colcon_core.shell:Creating prefix chain script '/home/henrique/ros2_ws/install/setup.bash'
[16.921s] INFO:colcon.colcon_core.shell:Creating prefix script '/home/henrique/ros2_ws/install/local_setup.zsh'
[16.937s] INFO:colcon.colcon_core.shell:Creating prefix chain script '/home/henrique/ros2_ws/install/setup.zsh'
