[6.208s] DEBUG:colcon:Command line arguments: ['/usr/bin/colcon', 'build', '--packages-select', 'simple_robot_description']
[6.209s] DEBUG:colcon:Parsed command line arguments: Namespace(log_base=None, log_level=None, verb_name='build', build_base='build', install_base='install', merge_install=False, symlink_install=False, test_result_base=None, continue_on_error=False, executor='parallel', parallel_workers=2, event_handlers=None, ignore_user_meta=False, metas=['./colcon.meta'], base_paths=['.'], packages_ignore=None, packages_ignore_regex=None, paths=None, packages_up_to=None, packages_up_to_regex=None, packages_above=None, packages_above_and_dependencies=None, packages_above_depth=None, packages_select_by_dep=None, packages_skip_by_dep=None, packages_skip_up_to=None, packages_select_build_failed=False, packages_skip_build_finished=False, packages_select_test_failures=False, packages_skip_test_passed=False, packages_select=['simple_robot_description'], packages_skip=None, packages_select_regex=None, packages_skip_regex=None, packages_start=None, packages_end=None, allow_overriding=[], cmake_args=None, cmake_target=None, cmake_target_skip_unavailable=False, cmake_clean_cache=False, cmake_clean_first=False, cmake_force_configure=False, ament_cmake_args=None, catkin_cmake_args=None, catkin_skip_building_tests=False, mixin_files=None, mixin=None, verb_parser=<colcon_mixin.mixin.mixin_argument.MixinArgumentDecorator object at 0x7167b9d98350>, verb_extension=<colcon_core.verb.build.BuildVerb object at 0x7167b9d25fa0>, main=<bound method BuildVerb.main of <colcon_core.verb.build.BuildVerb object at 0x7167b9d25fa0>>, mixin_verb=('build',))
[7.840s] Level 1:colcon.colcon_core.package_discovery:discover_packages(colcon_meta) check parameters
[7.841s] Level 1:colcon.colcon_core.package_discovery:discover_packages(recursive) check parameters
[7.842s] Level 1:colcon.colcon_core.package_discovery:discover_packages(ignore) check parameters
[7.842s] Level 1:colcon.colcon_core.package_discovery:discover_packages(path) check parameters
[7.843s] Level 1:colcon.colcon_core.package_discovery:discover_packages(colcon_meta) discover
[7.843s] Level 1:colcon.colcon_core.package_discovery:discover_packages(recursive) discover
[7.844s] INFO:colcon.colcon_core.package_discovery:Crawling recursively for packages in '/home/henrique/ros2_ws'
[7.845s] Level 1:colcon.colcon_core.package_identification:_identify(.) by extensions ['ignore', 'ignore_ament_install']
[7.848s] Level 1:colcon.colcon_core.package_identification:_identify(.) by extension 'ignore'
[7.849s] Level 1:colcon.colcon_core.package_identification:_identify(.) by extension 'ignore_ament_install'
[7.850s] Level 1:colcon.colcon_core.package_identification:_identify(.) by extensions ['colcon_pkg']
[7.851s] Level 1:colcon.colcon_core.package_identification:_identify(.) by extension 'colcon_pkg'
[7.854s] Level 1:colcon.colcon_core.package_identification:_identify(.) by extensions ['colcon_meta']
[7.854s] Level 1:colcon.colcon_core.package_identification:_identify(.) by extension 'colcon_meta'
[7.855s] Level 1:colcon.colcon_core.package_identification:_identify(.) by extensions ['ros']
[7.855s] Level 1:colcon.colcon_core.package_identification:_identify(.) by extension 'ros'
[8.681s] Level 1:colcon.colcon_core.package_identification:_identify(.) by extensions ['cmake', 'python']
[8.684s] Level 1:colcon.colcon_core.package_identification:_identify(.) by extension 'cmake'
[8.685s] Level 1:colcon.colcon_core.package_identification:_identify(.) by extension 'python'
[8.686s] Level 1:colcon.colcon_core.package_identification:_identify(.) by extensions ['python_setup_py']
[8.687s] Level 1:colcon.colcon_core.package_identification:_identify(.) by extension 'python_setup_py'
[8.694s] Level 1:colcon.colcon_core.package_identification:_identify(build) by extensions ['ignore', 'ignore_ament_install']
[8.696s] Level 1:colcon.colcon_core.package_identification:_identify(build) by extension 'ignore'
[8.698s] Level 1:colcon.colcon_core.package_identification:_identify(build) ignored
[8.700s] Level 1:colcon.colcon_core.package_identification:_identify(install) by extensions ['ignore', 'ignore_ament_install']
[8.702s] Level 1:colcon.colcon_core.package_identification:_identify(install) by extension 'ignore'
[8.704s] Level 1:colcon.colcon_core.package_identification:_identify(install) ignored
[8.706s] Level 1:colcon.colcon_core.package_identification:_identify(log) by extensions ['ignore', 'ignore_ament_install']
[8.706s] Level 1:colcon.colcon_core.package_identification:_identify(log) by extension 'ignore'
[8.707s] Level 1:colcon.colcon_core.package_identification:_identify(log) ignored
[8.708s] Level 1:colcon.colcon_core.package_identification:_identify(src) by extensions ['ignore', 'ignore_ament_install']
[8.709s] Level 1:colcon.colcon_core.package_identification:_identify(src) by extension 'ignore'
[8.709s] Level 1:colcon.colcon_core.package_identification:_identify(src) by extension 'ignore_ament_install'
[8.710s] Level 1:colcon.colcon_core.package_identification:_identify(src) by extensions ['colcon_pkg']
[8.710s] Level 1:colcon.colcon_core.package_identification:_identify(src) by extension 'colcon_pkg'
[8.711s] Level 1:colcon.colcon_core.package_identification:_identify(src) by extensions ['colcon_meta']
[8.712s] Level 1:colcon.colcon_core.package_identification:_identify(src) by extension 'colcon_meta'
[8.712s] Level 1:colcon.colcon_core.package_identification:_identify(src) by extensions ['ros']
[8.713s] Level 1:colcon.colcon_core.package_identification:_identify(src) by extension 'ros'
[8.714s] Level 1:colcon.colcon_core.package_identification:_identify(src) by extensions ['cmake', 'python']
[8.714s] Level 1:colcon.colcon_core.package_identification:_identify(src) by extension 'cmake'
[8.717s] Level 1:colcon.colcon_core.package_identification:_identify(src) by extension 'python'
[8.718s] Level 1:colcon.colcon_core.package_identification:_identify(src) by extensions ['python_setup_py']
[8.718s] Level 1:colcon.colcon_core.package_identification:_identify(src) by extension 'python_setup_py'
[8.720s] Level 1:colcon.colcon_core.package_identification:_identify(src/build) by extensions ['ignore', 'ignore_ament_install']
[8.721s] Level 1:colcon.colcon_core.package_identification:_identify(src/build) by extension 'ignore'
[8.721s] Level 1:colcon.colcon_core.package_identification:_identify(src/build) ignored
[8.722s] Level 1:colcon.colcon_core.package_identification:_identify(src/install) by extensions ['ignore', 'ignore_ament_install']
[8.723s] Level 1:colcon.colcon_core.package_identification:_identify(src/install) by extension 'ignore'
[8.724s] Level 1:colcon.colcon_core.package_identification:_identify(src/install) ignored
[8.724s] Level 1:colcon.colcon_core.package_identification:_identify(src/log) by extensions ['ignore', 'ignore_ament_install']
[8.727s] Level 1:colcon.colcon_core.package_identification:_identify(src/log) by extension 'ignore'
[8.731s] Level 1:colcon.colcon_core.package_identification:_identify(src/log) ignored
[8.732s] Level 1:colcon.colcon_core.package_identification:_identify(src/my_robot_description) by extensions ['ignore', 'ignore_ament_install']
[8.741s] Level 1:colcon.colcon_core.package_identification:_identify(src/my_robot_description) by extension 'ignore'
[8.741s] Level 1:colcon.colcon_core.package_identification:_identify(src/my_robot_description) by extension 'ignore_ament_install'
[8.745s] Level 1:colcon.colcon_core.package_identification:_identify(src/my_robot_description) by extensions ['colcon_pkg']
[8.746s] Level 1:colcon.colcon_core.package_identification:_identify(src/my_robot_description) by extension 'colcon_pkg'
[8.746s] Level 1:colcon.colcon_core.package_identification:_identify(src/my_robot_description) by extensions ['colcon_meta']
[8.751s] Level 1:colcon.colcon_core.package_identification:_identify(src/my_robot_description) by extension 'colcon_meta'
[8.752s] Level 1:colcon.colcon_core.package_identification:_identify(src/my_robot_description) by extensions ['ros']
[8.752s] Level 1:colcon.colcon_core.package_identification:_identify(src/my_robot_description) by extension 'ros'
[8.834s] DEBUG:colcon.colcon_core.package_identification:Package 'src/my_robot_description' with type 'ros.ament_cmake' and name 'my_robot_description'
[8.836s] Level 1:colcon.colcon_core.package_identification:_identify(src/simple_robot_description) by extensions ['ignore', 'ignore_ament_install']
[8.838s] Level 1:colcon.colcon_core.package_identification:_identify(src/simple_robot_description) by extension 'ignore'
[8.839s] Level 1:colcon.colcon_core.package_identification:_identify(src/simple_robot_description) by extension 'ignore_ament_install'
[8.840s] Level 1:colcon.colcon_core.package_identification:_identify(src/simple_robot_description) by extensions ['colcon_pkg']
[8.841s] Level 1:colcon.colcon_core.package_identification:_identify(src/simple_robot_description) by extension 'colcon_pkg'
[8.842s] Level 1:colcon.colcon_core.package_identification:_identify(src/simple_robot_description) by extensions ['colcon_meta']
[8.842s] Level 1:colcon.colcon_core.package_identification:_identify(src/simple_robot_description) by extension 'colcon_meta'
[8.843s] Level 1:colcon.colcon_core.package_identification:_identify(src/simple_robot_description) by extensions ['ros']
[8.844s] Level 1:colcon.colcon_core.package_identification:_identify(src/simple_robot_description) by extension 'ros'
[8.854s] DEBUG:colcon.colcon_core.package_identification:Package 'src/simple_robot_description' with type 'ros.ament_cmake' and name 'simple_robot_description'
[8.856s] Level 1:colcon.colcon_core.package_identification:_identify(src/temperature_monitor) by extensions ['ignore', 'ignore_ament_install']
[8.856s] Level 1:colcon.colcon_core.package_identification:_identify(src/temperature_monitor) by extension 'ignore'
[8.857s] Level 1:colcon.colcon_core.package_identification:_identify(src/temperature_monitor) by extension 'ignore_ament_install'
[8.858s] Level 1:colcon.colcon_core.package_identification:_identify(src/temperature_monitor) by extensions ['colcon_pkg']
[8.858s] Level 1:colcon.colcon_core.package_identification:_identify(src/temperature_monitor) by extension 'colcon_pkg'
[8.859s] Level 1:colcon.colcon_core.package_identification:_identify(src/temperature_monitor) by extensions ['colcon_meta']
[8.860s] Level 1:colcon.colcon_core.package_identification:_identify(src/temperature_monitor) by extension 'colcon_meta'
[8.860s] Level 1:colcon.colcon_core.package_identification:_identify(src/temperature_monitor) by extensions ['ros']
[8.861s] Level 1:colcon.colcon_core.package_identification:_identify(src/temperature_monitor) by extension 'ros'
[8.868s] DEBUG:colcon.colcon_core.package_identification:Package 'src/temperature_monitor' with type 'ros.ament_python' and name 'temperature_monitor'
[8.869s] Level 1:colcon.colcon_core.package_identification:_identify(src/temperature_system) by extensions ['ignore', 'ignore_ament_install']
[8.870s] Level 1:colcon.colcon_core.package_identification:_identify(src/temperature_system) by extension 'ignore'
[8.871s] Level 1:colcon.colcon_core.package_identification:_identify(src/temperature_system) by extension 'ignore_ament_install'
[8.872s] Level 1:colcon.colcon_core.package_identification:_identify(src/temperature_system) by extensions ['colcon_pkg']
[8.873s] Level 1:colcon.colcon_core.package_identification:_identify(src/temperature_system) by extension 'colcon_pkg'
[8.874s] Level 1:colcon.colcon_core.package_identification:_identify(src/temperature_system) by extensions ['colcon_meta']
[8.874s] Level 1:colcon.colcon_core.package_identification:_identify(src/temperature_system) by extension 'colcon_meta'
[8.875s] Level 1:colcon.colcon_core.package_identification:_identify(src/temperature_system) by extensions ['ros']
[8.876s] Level 1:colcon.colcon_core.package_identification:_identify(src/temperature_system) by extension 'ros'
[8.883s] DEBUG:colcon.colcon_core.package_identification:Package 'src/temperature_system' with type 'ros.ament_python' and name 'temperature_system'
[8.884s] Level 1:colcon.colcon_core.package_discovery:discover_packages(recursive) using defaults
[8.885s] Level 1:colcon.colcon_core.package_discovery:discover_packages(ignore) discover
[8.885s] Level 1:colcon.colcon_core.package_discovery:discover_packages(ignore) using defaults
[8.886s] Level 1:colcon.colcon_core.package_discovery:discover_packages(path) discover
[8.886s] Level 1:colcon.colcon_core.package_discovery:discover_packages(path) using defaults
[9.181s] INFO:colcon.colcon_core.package_selection:Skipping not selected package 'my_robot_description' in 'src/my_robot_description'
[9.181s] INFO:colcon.colcon_core.package_selection:Skipping not selected package 'temperature_monitor' in 'src/temperature_monitor'
[9.182s] INFO:colcon.colcon_core.package_selection:Skipping not selected package 'temperature_system' in 'src/temperature_system'
[9.189s] Level 1:colcon.colcon_core.package_discovery:discover_packages(prefix_path) check parameters
[9.189s] Level 1:colcon.colcon_core.package_discovery:discover_packages(prefix_path) discover
[9.248s] DEBUG:colcon.colcon_installed_package_information.package_discovery:Found 4 installed packages in /home/henrique/ros2_ws/install
[9.293s] DEBUG:colcon.colcon_installed_package_information.package_discovery:Found 309 installed packages in /opt/ros/jazzy
[9.301s] Level 1:colcon.colcon_core.package_discovery:discover_packages(prefix_path) using defaults
[10.418s] Level 5:colcon.colcon_core.verb:set package 'simple_robot_description' build argument 'cmake_args' from command line to 'None'
[10.423s] Level 5:colcon.colcon_core.verb:set package 'simple_robot_description' build argument 'cmake_target' from command line to 'None'
[10.427s] Level 5:colcon.colcon_core.verb:set package 'simple_robot_description' build argument 'cmake_target_skip_unavailable' from command line to 'False'
[10.428s] Level 5:colcon.colcon_core.verb:set package 'simple_robot_description' build argument 'cmake_clean_cache' from command line to 'False'
[10.429s] Level 5:colcon.colcon_core.verb:set package 'simple_robot_description' build argument 'cmake_clean_first' from command line to 'False'
[10.429s] Level 5:colcon.colcon_core.verb:set package 'simple_robot_description' build argument 'cmake_force_configure' from command line to 'False'
[10.429s] Level 5:colcon.colcon_core.verb:set package 'simple_robot_description' build argument 'ament_cmake_args' from command line to 'None'
[10.430s] Level 5:colcon.colcon_core.verb:set package 'simple_robot_description' build argument 'catkin_cmake_args' from command line to 'None'
[10.433s] Level 5:colcon.colcon_core.verb:set package 'simple_robot_description' build argument 'catkin_skip_building_tests' from command line to 'False'
[10.433s] DEBUG:colcon.colcon_core.verb:Building package 'simple_robot_description' with the following arguments: {'ament_cmake_args': None, 'build_base': '/home/henrique/ros2_ws/build/simple_robot_description', 'catkin_cmake_args': None, 'catkin_skip_building_tests': False, 'cmake_args': None, 'cmake_clean_cache': False, 'cmake_clean_first': False, 'cmake_force_configure': False, 'cmake_target': None, 'cmake_target_skip_unavailable': False, 'install_base': '/home/henrique/ros2_ws/install/simple_robot_description', 'merge_install': False, 'path': '/home/henrique/ros2_ws/src/simple_robot_description', 'symlink_install': False, 'test_result_base': None}
[10.435s] INFO:colcon.colcon_core.executor:Executing jobs using 'parallel' executor
[10.449s] DEBUG:colcon.colcon_parallel_executor.executor.parallel:run_until_complete
[10.451s] INFO:colcon.colcon_ros.task.ament_cmake.build:Building ROS package in '/home/henrique/ros2_ws/src/simple_robot_description' with build type 'ament_cmake'
[10.452s] INFO:colcon.colcon_cmake.task.cmake.build:Building CMake package in '/home/henrique/ros2_ws/src/simple_robot_description'
[10.697s] INFO:colcon.colcon_core.plugin_system:Skipping extension 'colcon_core.shell.bat': Not used on non-Windows systems
[10.698s] INFO:colcon.colcon_core.shell:Skip shell extension 'powershell' for command environment: Not usable outside of PowerShell
[10.699s] DEBUG:colcon.colcon_core.shell:Skip shell extension 'dsv' for command environment
[11.187s] DEBUG:colcon.colcon_core.event_handler.log_command:Invoking command in '/home/henrique/ros2_ws/build/simple_robot_description': CMAKE_PREFIX_PATH=${CMAKE_PREFIX_PATH}:/home/henrique/ros2_ws/install/temperature_system:/home/henrique/ros2_ws/install/temperature_monitor:/opt/ros/jazzy DEBUGINFOD_URLS=https://debuginfod.ubuntu.com /usr/bin/cmake --build /home/henrique/ros2_ws/build/simple_robot_description -- -j2 -l2
[14.908s] DEBUG:colcon.colcon_core.event_handler.log_command:Invoked command in '/home/henrique/ros2_ws/build/simple_robot_description' returned '0': CMAKE_PREFIX_PATH=${CMAKE_PREFIX_PATH}:/home/henrique/ros2_ws/install/temperature_system:/home/henrique/ros2_ws/install/temperature_monitor:/opt/ros/jazzy DEBUGINFOD_URLS=https://debuginfod.ubuntu.com /usr/bin/cmake --build /home/henrique/ros2_ws/build/simple_robot_description -- -j2 -l2
[15.473s] DEBUG:colcon.colcon_core.event_handler.log_command:Invoking command in '/home/henrique/ros2_ws/build/simple_robot_description': CMAKE_PREFIX_PATH=${CMAKE_PREFIX_PATH}:/home/henrique/ros2_ws/install/temperature_system:/home/henrique/ros2_ws/install/temperature_monitor:/opt/ros/jazzy DEBUGINFOD_URLS=https://debuginfod.ubuntu.com /usr/bin/cmake --install /home/henrique/ros2_ws/build/simple_robot_description
[16.571s] Level 1:colcon.colcon_core.environment:create_environment_scripts_only(simple_robot_description)
[16.778s] DEBUG:colcon.colcon_core.event_handler.log_command:Invoked command in '/home/henrique/ros2_ws/build/simple_robot_description' returned '0': CMAKE_PREFIX_PATH=${CMAKE_PREFIX_PATH}:/home/henrique/ros2_ws/install/temperature_system:/home/henrique/ros2_ws/install/temperature_monitor:/opt/ros/jazzy DEBUGINFOD_URLS=https://debuginfod.ubuntu.com /usr/bin/cmake --install /home/henrique/ros2_ws/build/simple_robot_description
[16.882s] Level 1:colcon.colcon_core.environment:checking '/home/henrique/ros2_ws/install/simple_robot_description' for CMake module files
[16.897s] Level 1:colcon.colcon_core.environment:checking '/home/henrique/ros2_ws/install/simple_robot_description' for CMake config files
[16.905s] Level 1:colcon.colcon_core.shell:create_environment_hook('simple_robot_description', 'cmake_prefix_path')
[16.908s] INFO:colcon.colcon_core.shell:Creating environment hook '/home/henrique/ros2_ws/install/simple_robot_description/share/simple_robot_description/hook/cmake_prefix_path.ps1'
[16.927s] INFO:colcon.colcon_core.shell:Creating environment descriptor '/home/henrique/ros2_ws/install/simple_robot_description/share/simple_robot_description/hook/cmake_prefix_path.dsv'
[16.941s] INFO:colcon.colcon_core.shell:Creating environment hook '/home/henrique/ros2_ws/install/simple_robot_description/share/simple_robot_description/hook/cmake_prefix_path.sh'
[16.983s] Level 1:colcon.colcon_core.environment:checking '/home/henrique/ros2_ws/install/simple_robot_description/bin'
[16.998s] Level 1:colcon.colcon_core.environment:checking '/home/henrique/ros2_ws/install/simple_robot_description/lib/pkgconfig/simple_robot_description.pc'
[17.025s] Level 1:colcon.colcon_core.environment:checking '/home/henrique/ros2_ws/install/simple_robot_description/lib/python3.12/site-packages'
[17.049s] Level 1:colcon.colcon_core.environment:checking '/home/henrique/ros2_ws/install/simple_robot_description/bin'
[17.063s] INFO:colcon.colcon_core.shell:Creating package script '/home/henrique/ros2_ws/install/simple_robot_description/share/simple_robot_description/package.ps1'
[17.100s] INFO:colcon.colcon_core.shell:Creating package descriptor '/home/henrique/ros2_ws/install/simple_robot_description/share/simple_robot_description/package.dsv'
[17.148s] INFO:colcon.colcon_core.shell:Creating package script '/home/henrique/ros2_ws/install/simple_robot_description/share/simple_robot_description/package.sh'
[17.165s] INFO:colcon.colcon_core.shell:Creating package script '/home/henrique/ros2_ws/install/simple_robot_description/share/simple_robot_description/package.bash'
[17.183s] INFO:colcon.colcon_core.shell:Creating package script '/home/henrique/ros2_ws/install/simple_robot_description/share/simple_robot_description/package.zsh'
[17.202s] Level 1:colcon.colcon_core.environment:create_file_with_runtime_dependencies(/home/henrique/ros2_ws/install/simple_robot_description/share/colcon-core/packages/simple_robot_description)
[17.228s] Level 1:colcon.colcon_core.environment:create_environment_scripts_only(simple_robot_description)
[17.245s] Level 1:colcon.colcon_core.environment:checking '/home/henrique/ros2_ws/install/simple_robot_description' for CMake module files
[17.319s] Level 1:colcon.colcon_core.environment:checking '/home/henrique/ros2_ws/install/simple_robot_description' for CMake config files
[17.330s] Level 1:colcon.colcon_core.shell:create_environment_hook('simple_robot_description', 'cmake_prefix_path')
[17.334s] INFO:colcon.colcon_core.shell:Creating environment hook '/home/henrique/ros2_ws/install/simple_robot_description/share/simple_robot_description/hook/cmake_prefix_path.ps1'
[17.372s] INFO:colcon.colcon_core.shell:Creating environment descriptor '/home/henrique/ros2_ws/install/simple_robot_description/share/simple_robot_description/hook/cmake_prefix_path.dsv'
[17.420s] INFO:colcon.colcon_core.shell:Creating environment hook '/home/henrique/ros2_ws/install/simple_robot_description/share/simple_robot_description/hook/cmake_prefix_path.sh'
[17.455s] Level 1:colcon.colcon_core.environment:checking '/home/henrique/ros2_ws/install/simple_robot_description/bin'
[17.456s] Level 1:colcon.colcon_core.environment:checking '/home/henrique/ros2_ws/install/simple_robot_description/lib/pkgconfig/simple_robot_description.pc'
[17.457s] Level 1:colcon.colcon_core.environment:checking '/home/henrique/ros2_ws/install/simple_robot_description/lib/python3.12/site-packages'
[17.458s] Level 1:colcon.colcon_core.environment:checking '/home/henrique/ros2_ws/install/simple_robot_description/bin'
[17.460s] INFO:colcon.colcon_core.shell:Creating package script '/home/henrique/ros2_ws/install/simple_robot_description/share/simple_robot_description/package.ps1'
[17.465s] INFO:colcon.colcon_core.shell:Creating package descriptor '/home/henrique/ros2_ws/install/simple_robot_description/share/simple_robot_description/package.dsv'
[17.472s] INFO:colcon.colcon_core.shell:Creating package script '/home/henrique/ros2_ws/install/simple_robot_description/share/simple_robot_description/package.sh'
[17.478s] INFO:colcon.colcon_core.shell:Creating package script '/home/henrique/ros2_ws/install/simple_robot_description/share/simple_robot_description/package.bash'
[17.484s] INFO:colcon.colcon_core.shell:Creating package script '/home/henrique/ros2_ws/install/simple_robot_description/share/simple_robot_description/package.zsh'
[17.491s] Level 1:colcon.colcon_core.environment:create_file_with_runtime_dependencies(/home/henrique/ros2_ws/install/simple_robot_description/share/colcon-core/packages/simple_robot_description)
[17.496s] DEBUG:colcon.colcon_parallel_executor.executor.parallel:closing loop
[17.532s] DEBUG:colcon.colcon_parallel_executor.executor.parallel:loop closed
[17.539s] DEBUG:colcon.colcon_parallel_executor.executor.parallel:run_until_complete finished with '0'
[17.540s] DEBUG:colcon.colcon_core.event_reactor:joining thread
[18.099s] INFO:colcon.colcon_core.plugin_system:Skipping extension 'colcon_notification.desktop_notification.terminal_notifier': Not used on non-Darwin systems
[18.104s] INFO:colcon.colcon_core.plugin_system:Skipping extension 'colcon_notification.desktop_notification.win32': Not used on non-Windows systems
[18.104s] INFO:colcon.colcon_notification.desktop_notification:Sending desktop notification using 'notify2'
[18.850s] DEBUG:colcon.colcon_core.event_reactor:joined thread
[18.868s] INFO:colcon.colcon_core.shell:Creating prefix script '/home/henrique/ros2_ws/install/local_setup.ps1'
[18.894s] INFO:colcon.colcon_core.shell:Creating prefix util module '/home/henrique/ros2_ws/install/_local_setup_util_ps1.py'
[18.925s] INFO:colcon.colcon_core.shell:Creating prefix chain script '/home/henrique/ros2_ws/install/setup.ps1'
[18.948s] INFO:colcon.colcon_core.shell:Creating prefix script '/home/henrique/ros2_ws/install/local_setup.sh'
[18.960s] INFO:colcon.colcon_core.shell:Creating prefix util module '/home/henrique/ros2_ws/install/_local_setup_util_sh.py'
[18.979s] INFO:colcon.colcon_core.shell:Creating prefix chain script '/home/henrique/ros2_ws/install/setup.sh'
[19.025s] INFO:colcon.colcon_core.shell:Creating prefix script '/home/henrique/ros2_ws/install/local_setup.bash'
[19.034s] INFO:colcon.colcon_core.shell:Creating prefix chain script '/home/henrique/ros2_ws/install/setup.bash'
[19.056s] INFO:colcon.colcon_core.shell:Creating prefix script '/home/henrique/ros2_ws/install/local_setup.zsh'
[19.066s] INFO:colcon.colcon_core.shell:Creating prefix chain script '/home/henrique/ros2_ws/install/setup.zsh'
