[1.831s] Invoking command in '/home/henrique/ros2_ws/src/temperature_system': DEBUGINFOD_URLS=https://debuginfod.ubuntu.com PYTHONPATH=/home/henrique/ros2_ws/build/temperature_system/prefix_override:/usr/lib/python3/dist-packages/colcon_core/task/python/colcon_distutils_commands:/home/henrique/ros2_ws/install/temperature_system/lib/python3.12/site-packages:${PYTHONPATH} /usr/bin/python3 -W ignore:setup.py install is deprecated -W ignore:easy_install command is deprecated setup.py egg_info --egg-base ../../build/temperature_system build --build-base /home/henrique/ros2_ws/build/temperature_system/build install --record /home/henrique/ros2_ws/build/temperature_system/install.log --single-version-externally-managed install_data
[2.265s] running egg_info
[2.319s] writing ../../build/temperature_system/temperature_system.egg-info/PKG-INFO
[2.321s] writing dependency_links to ../../build/temperature_system/temperature_system.egg-info/dependency_links.txt
[2.322s] writing entry points to ../../build/temperature_system/temperature_system.egg-info/entry_points.txt
[2.323s] writing requirements to ../../build/temperature_system/temperature_system.egg-info/requires.txt
[2.324s] writing top-level names to ../../build/temperature_system/temperature_system.egg-info/top_level.txt
[2.425s] reading manifest file '../../build/temperature_system/temperature_system.egg-info/SOURCES.txt'
[2.427s] writing manifest file '../../build/temperature_system/temperature_system.egg-info/SOURCES.txt'
[2.429s] running build
[2.429s] running build_py
[2.430s] copying temperature_system/advanced_monitor_node.py -> /home/henrique/ros2_ws/build/temperature_system/build/lib/temperature_system
[2.433s] running install
[2.452s] running install_lib
[2.493s] copying /home/henrique/ros2_ws/build/temperature_system/build/lib/temperature_system/advanced_monitor_node.py -> /home/henrique/ros2_ws/install/temperature_system/lib/python3.12/site-packages/temperature_system
[2.495s] byte-compiling /home/henrique/ros2_ws/install/temperature_system/lib/python3.12/site-packages/temperature_system/advanced_monitor_node.py to advanced_monitor_node.cpython-312.pyc
[2.499s] running install_data
[2.500s] running install_egg_info
[2.539s] removing '/home/henrique/ros2_ws/install/temperature_system/lib/python3.12/site-packages/temperature_system-0.0.0-py3.12.egg-info' (and everything under it)
[2.540s] Copying ../../build/temperature_system/temperature_system.egg-info to /home/henrique/ros2_ws/install/temperature_system/lib/python3.12/site-packages/temperature_system-0.0.0-py3.12.egg-info
[2.543s] running install_scripts
[2.837s] Installing advanced_monitor_node script to /home/henrique/ros2_ws/install/temperature_system/lib/temperature_system
[2.838s] Installing enhanced_publisher_node script to /home/henrique/ros2_ws/install/temperature_system/lib/temperature_system
[2.839s] Installing logger_node script to /home/henrique/ros2_ws/install/temperature_system/lib/temperature_system
[2.840s] writing list of installed files to '/home/henrique/ros2_ws/build/temperature_system/install.log'
[2.915s] Invoked command in '/home/henrique/ros2_ws/src/temperature_system' returned '0': DEBUGINFOD_URLS=https://debuginfod.ubuntu.com PYTHONPATH=/home/henrique/ros2_ws/build/temperature_system/prefix_override:/usr/lib/python3/dist-packages/colcon_core/task/python/colcon_distutils_commands:/home/henrique/ros2_ws/install/temperature_system/lib/python3.12/site-packages:${PYTHONPATH} /usr/bin/python3 -W ignore:setup.py install is deprecated -W ignore:easy_install command is deprecated setup.py egg_info --egg-base ../../build/temperature_system build --build-base /home/henrique/ros2_ws/build/temperature_system/build install --record /home/henrique/ros2_ws/build/temperature_system/install.log --single-version-externally-managed install_data
