[0.000000] (-) TimerEvent: {}
[0.003141] (temperature_monitor) JobQueued: {'identifier': 'temperature_monitor', 'dependencies': OrderedDict()}
[0.003524] (temperature_system) JobQueued: {'identifier': 'temperature_system', 'dependencies': OrderedDict()}
[0.003767] (temperature_monitor) JobStarted: {'identifier': 'temperature_monitor'}
[0.052944] (temperature_system) JobStarted: {'identifier': 'temperature_system'}
[0.098663] (-) TimerEvent: {}
[0.204692] (-) TimerEvent: {}
[0.306721] (-) TimerEvent: {}
[0.414146] (-) TimerEvent: {}
[0.519820] (-) TimerEvent: {}
[0.625895] (-) TimerEvent: {}
[0.728156] (-) TimerEvent: {}
[0.833680] (-) TimerEvent: {}
[0.934327] (-) TimerEvent: {}
[1.044764] (-) TimerEvent: {}
[1.147097] (-) TimerEvent: {}
[1.256824] (-) TimerEvent: {}
[1.359670] (-) TimerEvent: {}
[1.460370] (-) TimerEvent: {}
[1.566034] (-) TimerEvent: {}
[1.673479] (-) TimerEvent: {}
[1.780785] (-) TimerEvent: {}
[1.885905] (-) TimerEvent: {}
[1.993651] (-) TimerEvent: {}
[2.099636] (-) TimerEvent: {}
[2.201139] (-) TimerEvent: {}
[2.307097] (-) TimerEvent: {}
[2.410186] (-) TimerEvent: {}
[2.511681] (-) TimerEvent: {}
[2.615493] (-) TimerEvent: {}
[2.717786] (-) TimerEvent: {}
[2.822713] (-) TimerEvent: {}
[2.927795] (-) TimerEvent: {}
[3.031681] (-) TimerEvent: {}
[3.136207] (-) TimerEvent: {}
[3.244325] (-) TimerEvent: {}
[3.345131] (-) TimerEvent: {}
[3.446214] (-) TimerEvent: {}
[3.547130] (-) TimerEvent: {}
[3.652698] (-) TimerEvent: {}
[3.753497] (-) TimerEvent: {}
[3.856148] (-) TimerEvent: {}
[3.961950] (-) TimerEvent: {}
[4.064347] (-) TimerEvent: {}
[4.165866] (-) TimerEvent: {}
[4.270481] (-) TimerEvent: {}
[4.373088] (-) TimerEvent: {}
[4.476266] (-) TimerEvent: {}
[4.578638] (-) TimerEvent: {}
[4.684003] (-) TimerEvent: {}
[4.786711] (-) TimerEvent: {}
[4.887871] (-) TimerEvent: {}
[4.991365] (-) TimerEvent: {}
[5.096865] (-) TimerEvent: {}
[5.198180] (-) TimerEvent: {}
[5.301871] (-) TimerEvent: {}
[5.405869] (-) TimerEvent: {}
[5.508677] (-) TimerEvent: {}
[5.610355] (-) TimerEvent: {}
[5.716195] (-) TimerEvent: {}
[5.818956] (-) TimerEvent: {}
[5.922125] (-) TimerEvent: {}
[6.023678] (-) TimerEvent: {}
[6.137040] (-) TimerEvent: {}
[6.238206] (-) TimerEvent: {}
[6.341068] (-) TimerEvent: {}
[6.441641] (-) TimerEvent: {}
[6.555017] (-) TimerEvent: {}
[6.672065] (-) TimerEvent: {}
[6.773058] (-) TimerEvent: {}
[6.874733] (-) TimerEvent: {}
[6.978669] (-) TimerEvent: {}
[7.082716] (-) TimerEvent: {}
[7.151963] (temperature_system) StderrLine: {'line': b'Traceback (most recent call last):\n  File "/usr/lib/python3/dist-packages/colcon_core/executor/__init__.py", line 91, in __call__\n    rc = await self.task(*args, **kwargs)\n         ^^^^^^^^^^^^^^^^^^^^^^^^^^^^^^^^\n  File "/usr/lib/python3/dist-packages/colcon_core/task/__init__.py", line 93, in __call__\n    return await task_method(*args, **kwargs)\n           ^^^^^^^^^^^^^^^^^^^^^^^^^^^^^^^^^^\n  File "/usr/lib/python3/dist-packages/colcon_ros/task/ament_python/build.py", line 51, in build\n    setup_py_data = get_setup_data(self.context.pkg, env)\n                    ^^^^^^^^^^^^^^^^^^^^^^^^^^^^^^^^^^^^^\n  File "/usr/lib/python3/dist-packages/colcon_core/task/python/__init__.py", line 20, in get_setup_data\n    return dict(pkg.metadata[key](env))\n                ^^^^^^^^^^^^^^^^^^^^^^\n  File "/usr/lib/python3/dist-packages/colcon_ros/package_augmentation/ros_ament_python.py", line 57, in getter\n    return get_setup_information(\n           ^^^^^^^^^^^^^^^^^^^^^^\n  File "/usr/lib/python3/dist-packages/colcon_python_setup_py/package_identification/python_setup_py.py", line 249, in get_setup_information\n    _setup_information_cache[hashable_env] = _get_setup_information(\n                                             ^^^^^^^^^^^^^^^^^^^^^^^\n  File "/usr/lib/python3/dist-packages/colcon_python_setup_py/package_identification/python_setup_py.py", line 296, in _get_setup_information\n    result = subprocess.run(\n             ^^^^^^^^^^^^^^^\n  File "/usr/lib/python3.12/subprocess.py", line 571, in run\n    raise CalledProcessError(retcode, process.args,\nsubprocess.CalledProcessError: Command \'[\'/usr/bin/python3\', \'-c\', \'import sys;from contextlib import suppress;exec("with suppress(ImportError):    from setuptools.extern.packaging.specifiers    import SpecifierSet");exec("with suppress(ImportError):    from packaging.specifiers import SpecifierSet");from distutils.core import run_setup;dist = run_setup(    \\\'setup.py\\\', script_args=(\\\'--dry-run\\\',), stop_after=\\\'config\\\');skip_keys = (\\\'cmdclass\\\', \\\'distclass\\\', \\\'ext_modules\\\', \\\'metadata\\\');data = {    key: value for key, value in dist.__dict__.items()     if (        not key.startswith(\\\'_\\\') and         not callable(value) and         key not in skip_keys and         key not in dist.display_option_names    )};data[\\\'metadata\\\'] = {    k: v for k, v in dist.metadata.__dict__.items()     if k not in (\\\'license_files\\\', \\\'provides_extras\\\')};sys.stdout.buffer.write(repr(data).encode(\\\'utf-8\\\'))\']\' returned non-zero exit status 1.\n'}
[7.165393] (temperature_system) JobEnded: {'identifier': 'temperature_system', 'rc': 1}
[7.178870] (temperature_monitor) JobEnded: {'identifier': 'temperature_monitor', 'rc': 'SIGINT'}
[7.190446] (-) TimerEvent: {}
[7.191092] (-) EventReactorShutdown: {}
