[1.275s] DEBUG:colcon:Command line arguments: ['/usr/bin/colcon', 'build', '--packages-select', 'simple_robot_description']
[1.276s] DEBUG:colcon:Parsed command line arguments: Namespace(log_base=None, log_level=None, verb_name='build', build_base='build', install_base='install', merge_install=False, symlink_install=False, test_result_base=None, continue_on_error=False, executor='parallel', parallel_workers=2, event_handlers=None, ignore_user_meta=False, metas=['./colcon.meta'], base_paths=['.'], packages_ignore=None, packages_ignore_regex=None, paths=None, packages_up_to=None, packages_up_to_regex=None, packages_above=None, packages_above_and_dependencies=None, packages_above_depth=None, packages_select_by_dep=None, packages_skip_by_dep=None, packages_skip_up_to=None, packages_select_build_failed=False, packages_skip_build_finished=False, packages_select_test_failures=False, packages_skip_test_passed=False, packages_select=['simple_robot_description'], packages_skip=None, packages_select_regex=None, packages_skip_regex=None, packages_start=None, packages_end=None, allow_overriding=[], cmake_args=None, cmake_target=None, cmake_target_skip_unavailable=False, cmake_clean_cache=False, cmake_clean_first=False, cmake_force_configure=False, ament_cmake_args=None, catkin_cmake_args=None, catkin_skip_building_tests=False, mixin_files=None, mixin=None, verb_parser=<colcon_mixin.mixin.mixin_argument.MixinArgumentDecorator object at 0x789ba5f9c710>, verb_extension=<colcon_core.verb.build.BuildVerb object at 0x789ba5f263f0>, main=<bound method BuildVerb.main of <colcon_core.verb.build.BuildVerb object at 0x789ba5f263f0>>, mixin_verb=('build',))
[1.848s] Level 1:colcon.colcon_core.package_discovery:discover_packages(colcon_meta) check parameters
[1.848s] Level 1:colcon.colcon_core.package_discovery:discover_packages(recursive) check parameters
[1.849s] Level 1:colcon.colcon_core.package_discovery:discover_packages(ignore) check parameters
[1.849s] Level 1:colcon.colcon_core.package_discovery:discover_packages(path) check parameters
[1.850s] Level 1:colcon.colcon_core.package_discovery:discover_packages(colcon_meta) discover
[1.850s] Level 1:colcon.colcon_core.package_discovery:discover_packages(recursive) discover
[1.850s] INFO:colcon.colcon_core.package_discovery:Crawling recursively for packages in '/home/henrique/ros2_ws'
[1.851s] Level 1:colcon.colcon_core.package_identification:_identify(.) by extensions ['ignore', 'ignore_ament_install']
[1.854s] Level 1:colcon.colcon_core.package_identification:_identify(.) by extension 'ignore'
[1.854s] Level 1:colcon.colcon_core.package_identification:_identify(.) by extension 'ignore_ament_install'
[1.854s] Level 1:colcon.colcon_core.package_identification:_identify(.) by extensions ['colcon_pkg']
[1.854s] Level 1:colcon.colcon_core.package_identification:_identify(.) by extension 'colcon_pkg'
[1.854s] Level 1:colcon.colcon_core.package_identification:_identify(.) by extensions ['colcon_meta']
[1.854s] Level 1:colcon.colcon_core.package_identification:_identify(.) by extension 'colcon_meta'
[1.855s] Level 1:colcon.colcon_core.package_identification:_identify(.) by extensions ['ros']
[1.855s] Level 1:colcon.colcon_core.package_identification:_identify(.) by extension 'ros'
[2.979s] Level 1:colcon.colcon_core.package_identification:_identify(.) by extensions ['cmake', 'python']
[2.981s] Level 1:colcon.colcon_core.package_identification:_identify(.) by extension 'cmake'
[2.982s] Level 1:colcon.colcon_core.package_identification:_identify(.) by extension 'python'
[2.982s] Level 1:colcon.colcon_core.package_identification:_identify(.) by extensions ['python_setup_py']
[2.983s] Level 1:colcon.colcon_core.package_identification:_identify(.) by extension 'python_setup_py'
[2.983s] Level 1:colcon.colcon_core.package_identification:_identify(build) by extensions ['ignore', 'ignore_ament_install']
[2.984s] Level 1:colcon.colcon_core.package_identification:_identify(build) by extension 'ignore'
[2.985s] Level 1:colcon.colcon_core.package_identification:_identify(build) ignored
[2.985s] Level 1:colcon.colcon_core.package_identification:_identify(install) by extensions ['ignore', 'ignore_ament_install']
[2.985s] Level 1:colcon.colcon_core.package_identification:_identify(install) by extension 'ignore'
[2.986s] Level 1:colcon.colcon_core.package_identification:_identify(install) ignored
[2.988s] Level 1:colcon.colcon_core.package_identification:_identify(log) by extensions ['ignore', 'ignore_ament_install']
[2.988s] Level 1:colcon.colcon_core.package_identification:_identify(log) by extension 'ignore'
[2.989s] Level 1:colcon.colcon_core.package_identification:_identify(log) ignored
[2.989s] Level 1:colcon.colcon_core.package_identification:_identify(src) by extensions ['ignore', 'ignore_ament_install']
[2.989s] Level 1:colcon.colcon_core.package_identification:_identify(src) by extension 'ignore'
[2.990s] Level 1:colcon.colcon_core.package_identification:_identify(src) by extension 'ignore_ament_install'
[2.990s] Level 1:colcon.colcon_core.package_identification:_identify(src) by extensions ['colcon_pkg']
[2.991s] Level 1:colcon.colcon_core.package_identification:_identify(src) by extension 'colcon_pkg'
[2.991s] Level 1:colcon.colcon_core.package_identification:_identify(src) by extensions ['colcon_meta']
[2.991s] Level 1:colcon.colcon_core.package_identification:_identify(src) by extension 'colcon_meta'
[2.991s] Level 1:colcon.colcon_core.package_identification:_identify(src) by extensions ['ros']
[2.992s] Level 1:colcon.colcon_core.package_identification:_identify(src) by extension 'ros'
[2.992s] Level 1:colcon.colcon_core.package_identification:_identify(src) by extensions ['cmake', 'python']
[2.992s] Level 1:colcon.colcon_core.package_identification:_identify(src) by extension 'cmake'
[2.993s] Level 1:colcon.colcon_core.package_identification:_identify(src) by extension 'python'
[2.994s] Level 1:colcon.colcon_core.package_identification:_identify(src) by extensions ['python_setup_py']
[2.995s] Level 1:colcon.colcon_core.package_identification:_identify(src) by extension 'python_setup_py'
[2.995s] Level 1:colcon.colcon_core.package_identification:_identify(src/build) by extensions ['ignore', 'ignore_ament_install']
[2.995s] Level 1:colcon.colcon_core.package_identification:_identify(src/build) by extension 'ignore'
[2.995s] Level 1:colcon.colcon_core.package_identification:_identify(src/build) ignored
[2.996s] Level 1:colcon.colcon_core.package_identification:_identify(src/install) by extensions ['ignore', 'ignore_ament_install']
[2.996s] Level 1:colcon.colcon_core.package_identification:_identify(src/install) by extension 'ignore'
[2.996s] Level 1:colcon.colcon_core.package_identification:_identify(src/install) ignored
[2.997s] Level 1:colcon.colcon_core.package_identification:_identify(src/log) by extensions ['ignore', 'ignore_ament_install']
[2.999s] Level 1:colcon.colcon_core.package_identification:_identify(src/log) by extension 'ignore'
[2.999s] Level 1:colcon.colcon_core.package_identification:_identify(src/log) ignored
[3.000s] Level 1:colcon.colcon_core.package_identification:_identify(src/simple_robot_description) by extensions ['ignore', 'ignore_ament_install']
[3.001s] Level 1:colcon.colcon_core.package_identification:_identify(src/simple_robot_description) by extension 'ignore'
[3.001s] Level 1:colcon.colcon_core.package_identification:_identify(src/simple_robot_description) by extension 'ignore_ament_install'
[3.002s] Level 1:colcon.colcon_core.package_identification:_identify(src/simple_robot_description) by extensions ['colcon_pkg']
[3.002s] Level 1:colcon.colcon_core.package_identification:_identify(src/simple_robot_description) by extension 'colcon_pkg'
[3.002s] Level 1:colcon.colcon_core.package_identification:_identify(src/simple_robot_description) by extensions ['colcon_meta']
[3.002s] Level 1:colcon.colcon_core.package_identification:_identify(src/simple_robot_description) by extension 'colcon_meta'
[3.002s] Level 1:colcon.colcon_core.package_identification:_identify(src/simple_robot_description) by extensions ['ros']
[3.002s] Level 1:colcon.colcon_core.package_identification:_identify(src/simple_robot_description) by extension 'ros'
[3.018s] DEBUG:colcon.colcon_core.package_identification:Package 'src/simple_robot_description' with type 'ros.ament_cmake' and name 'simple_robot_description'
[3.019s] Level 1:colcon.colcon_core.package_identification:_identify(src/temperature_monitor) by extensions ['ignore', 'ignore_ament_install']
[3.020s] Level 1:colcon.colcon_core.package_identification:_identify(src/temperature_monitor) by extension 'ignore'
[3.021s] Level 1:colcon.colcon_core.package_identification:_identify(src/temperature_monitor) by extension 'ignore_ament_install'
[3.021s] Level 1:colcon.colcon_core.package_identification:_identify(src/temperature_monitor) by extensions ['colcon_pkg']
[3.021s] Level 1:colcon.colcon_core.package_identification:_identify(src/temperature_monitor) by extension 'colcon_pkg'
[3.021s] Level 1:colcon.colcon_core.package_identification:_identify(src/temperature_monitor) by extensions ['colcon_meta']
[3.021s] Level 1:colcon.colcon_core.package_identification:_identify(src/temperature_monitor) by extension 'colcon_meta'
[3.021s] Level 1:colcon.colcon_core.package_identification:_identify(src/temperature_monitor) by extensions ['ros']
[3.021s] Level 1:colcon.colcon_core.package_identification:_identify(src/temperature_monitor) by extension 'ros'
[3.023s] DEBUG:colcon.colcon_core.package_identification:Package 'src/temperature_monitor' with type 'ros.ament_python' and name 'temperature_monitor'
[3.024s] Level 1:colcon.colcon_core.package_identification:_identify(src/temperature_system) by extensions ['ignore', 'ignore_ament_install']
[3.025s] Level 1:colcon.colcon_core.package_identification:_identify(src/temperature_system) by extension 'ignore'
[3.025s] Level 1:colcon.colcon_core.package_identification:_identify(src/temperature_system) by extension 'ignore_ament_install'
[3.026s] Level 1:colcon.colcon_core.package_identification:_identify(src/temperature_system) by extensions ['colcon_pkg']
[3.026s] Level 1:colcon.colcon_core.package_identification:_identify(src/temperature_system) by extension 'colcon_pkg'
[3.026s] Level 1:colcon.colcon_core.package_identification:_identify(src/temperature_system) by extensions ['colcon_meta']
[3.026s] Level 1:colcon.colcon_core.package_identification:_identify(src/temperature_system) by extension 'colcon_meta'
[3.027s] Level 1:colcon.colcon_core.package_identification:_identify(src/temperature_system) by extensions ['ros']
[3.027s] Level 1:colcon.colcon_core.package_identification:_identify(src/temperature_system) by extension 'ros'
[3.029s] DEBUG:colcon.colcon_core.package_identification:Package 'src/temperature_system' with type 'ros.ament_python' and name 'temperature_system'
[3.030s] Level 1:colcon.colcon_core.package_discovery:discover_packages(recursive) using defaults
[3.030s] Level 1:colcon.colcon_core.package_discovery:discover_packages(ignore) discover
[3.030s] Level 1:colcon.colcon_core.package_discovery:discover_packages(ignore) using defaults
[3.032s] Level 1:colcon.colcon_core.package_discovery:discover_packages(path) discover
[3.032s] Level 1:colcon.colcon_core.package_discovery:discover_packages(path) using defaults
[3.196s] INFO:colcon.colcon_core.package_selection:Skipping not selected package 'temperature_monitor' in 'src/temperature_monitor'
[3.196s] INFO:colcon.colcon_core.package_selection:Skipping not selected package 'temperature_system' in 'src/temperature_system'
[3.198s] Level 1:colcon.colcon_core.package_discovery:discover_packages(prefix_path) check parameters
[3.200s] Level 1:colcon.colcon_core.package_discovery:discover_packages(prefix_path) discover
[3.231s] DEBUG:colcon.colcon_installed_package_information.package_discovery:Found 3 installed packages in /home/henrique/ros2_ws/install
[3.252s] DEBUG:colcon.colcon_installed_package_information.package_discovery:Found 308 installed packages in /opt/ros/jazzy
[3.258s] Level 1:colcon.colcon_core.package_discovery:discover_packages(prefix_path) using defaults
[3.492s] Level 5:colcon.colcon_core.verb:set package 'simple_robot_description' build argument 'cmake_args' from command line to 'None'
[3.493s] Level 5:colcon.colcon_core.verb:set package 'simple_robot_description' build argument 'cmake_target' from command line to 'None'
[3.494s] Level 5:colcon.colcon_core.verb:set package 'simple_robot_description' build argument 'cmake_target_skip_unavailable' from command line to 'False'
[3.494s] Level 5:colcon.colcon_core.verb:set package 'simple_robot_description' build argument 'cmake_clean_cache' from command line to 'False'
[3.494s] Level 5:colcon.colcon_core.verb:set package 'simple_robot_description' build argument 'cmake_clean_first' from command line to 'False'
[3.494s] Level 5:colcon.colcon_core.verb:set package 'simple_robot_description' build argument 'cmake_force_configure' from command line to 'False'
[3.494s] Level 5:colcon.colcon_core.verb:set package 'simple_robot_description' build argument 'ament_cmake_args' from command line to 'None'
[3.494s] Level 5:colcon.colcon_core.verb:set package 'simple_robot_description' build argument 'catkin_cmake_args' from command line to 'None'
[3.495s] Level 5:colcon.colcon_core.verb:set package 'simple_robot_description' build argument 'catkin_skip_building_tests' from command line to 'False'
[3.495s] DEBUG:colcon.colcon_core.verb:Building package 'simple_robot_description' with the following arguments: {'ament_cmake_args': None, 'build_base': '/home/henrique/ros2_ws/build/simple_robot_description', 'catkin_cmake_args': None, 'catkin_skip_building_tests': False, 'cmake_args': None, 'cmake_clean_cache': False, 'cmake_clean_first': False, 'cmake_force_configure': False, 'cmake_target': None, 'cmake_target_skip_unavailable': False, 'install_base': '/home/henrique/ros2_ws/install/simple_robot_description', 'merge_install': False, 'path': '/home/henrique/ros2_ws/src/simple_robot_description', 'symlink_install': False, 'test_result_base': None}
[3.495s] INFO:colcon.colcon_core.executor:Executing jobs using 'parallel' executor
[3.498s] DEBUG:colcon.colcon_parallel_executor.executor.parallel:run_until_complete
[3.498s] INFO:colcon.colcon_ros.task.ament_cmake.build:Building ROS package in '/home/henrique/ros2_ws/src/simple_robot_description' with build type 'ament_cmake'
[3.499s] INFO:colcon.colcon_cmake.task.cmake.build:Building CMake package in '/home/henrique/ros2_ws/src/simple_robot_description'
[3.525s] INFO:colcon.colcon_core.plugin_system:Skipping extension 'colcon_core.shell.bat': Not used on non-Windows systems
[3.527s] INFO:colcon.colcon_core.shell:Skip shell extension 'powershell' for command environment: Not usable outside of PowerShell
[3.528s] DEBUG:colcon.colcon_core.shell:Skip shell extension 'dsv' for command environment
[3.624s] DEBUG:colcon.colcon_core.event_handler.log_command:Invoking command in '/home/henrique/ros2_ws/build/simple_robot_description': CMAKE_PREFIX_PATH=${CMAKE_PREFIX_PATH}:/home/henrique/ros2_ws/install/temperature_system:/home/henrique/ros2_ws/install/temperature_monitor:/opt/ros/jazzy DEBUGINFOD_URLS=https://debuginfod.ubuntu.com /usr/bin/cmake --build /home/henrique/ros2_ws/build/simple_robot_description -- -j2 -l2
[4.675s] DEBUG:colcon.colcon_core.event_handler.log_command:Invoked command in '/home/henrique/ros2_ws/build/simple_robot_description' returned '0': CMAKE_PREFIX_PATH=${CMAKE_PREFIX_PATH}:/home/henrique/ros2_ws/install/temperature_system:/home/henrique/ros2_ws/install/temperature_monitor:/opt/ros/jazzy DEBUGINFOD_URLS=https://debuginfod.ubuntu.com /usr/bin/cmake --build /home/henrique/ros2_ws/build/simple_robot_description -- -j2 -l2
[4.881s] DEBUG:colcon.colcon_core.event_handler.log_command:Invoking command in '/home/henrique/ros2_ws/build/simple_robot_description': CMAKE_PREFIX_PATH=${CMAKE_PREFIX_PATH}:/home/henrique/ros2_ws/install/temperature_system:/home/henrique/ros2_ws/install/temperature_monitor:/opt/ros/jazzy DEBUGINFOD_URLS=https://debuginfod.ubuntu.com /usr/bin/cmake --install /home/henrique/ros2_ws/build/simple_robot_description
[5.084s] Level 1:colcon.colcon_core.environment:create_environment_scripts_only(simple_robot_description)
[5.091s] DEBUG:colcon.colcon_core.event_handler.log_command:Invoked command in '/home/henrique/ros2_ws/build/simple_robot_description' returned '0': CMAKE_PREFIX_PATH=${CMAKE_PREFIX_PATH}:/home/henrique/ros2_ws/install/temperature_system:/home/henrique/ros2_ws/install/temperature_monitor:/opt/ros/jazzy DEBUGINFOD_URLS=https://debuginfod.ubuntu.com /usr/bin/cmake --install /home/henrique/ros2_ws/build/simple_robot_description
[5.131s] Level 1:colcon.colcon_core.environment:checking '/home/henrique/ros2_ws/install/simple_robot_description' for CMake module files
[5.142s] Level 1:colcon.colcon_core.environment:checking '/home/henrique/ros2_ws/install/simple_robot_description' for CMake config files
[5.147s] Level 1:colcon.colcon_core.shell:create_environment_hook('simple_robot_description', 'cmake_prefix_path')
[5.150s] INFO:colcon.colcon_core.shell:Creating environment hook '/home/henrique/ros2_ws/install/simple_robot_description/share/simple_robot_description/hook/cmake_prefix_path.ps1'
[5.162s] INFO:colcon.colcon_core.shell:Creating environment descriptor '/home/henrique/ros2_ws/install/simple_robot_description/share/simple_robot_description/hook/cmake_prefix_path.dsv'
[5.169s] INFO:colcon.colcon_core.shell:Creating environment hook '/home/henrique/ros2_ws/install/simple_robot_description/share/simple_robot_description/hook/cmake_prefix_path.sh'
[5.179s] Level 1:colcon.colcon_core.environment:checking '/home/henrique/ros2_ws/install/simple_robot_description/bin'
[5.179s] Level 1:colcon.colcon_core.environment:checking '/home/henrique/ros2_ws/install/simple_robot_description/lib/pkgconfig/simple_robot_description.pc'
[5.180s] Level 1:colcon.colcon_core.environment:checking '/home/henrique/ros2_ws/install/simple_robot_description/lib/python3.12/site-packages'
[5.181s] Level 1:colcon.colcon_core.environment:checking '/home/henrique/ros2_ws/install/simple_robot_description/bin'
[5.184s] INFO:colcon.colcon_core.shell:Creating package script '/home/henrique/ros2_ws/install/simple_robot_description/share/simple_robot_description/package.ps1'
[5.187s] INFO:colcon.colcon_core.shell:Creating package descriptor '/home/henrique/ros2_ws/install/simple_robot_description/share/simple_robot_description/package.dsv'
[5.189s] INFO:colcon.colcon_core.shell:Creating package script '/home/henrique/ros2_ws/install/simple_robot_description/share/simple_robot_description/package.sh'
[5.191s] INFO:colcon.colcon_core.shell:Creating package script '/home/henrique/ros2_ws/install/simple_robot_description/share/simple_robot_description/package.bash'
[5.199s] INFO:colcon.colcon_core.shell:Creating package script '/home/henrique/ros2_ws/install/simple_robot_description/share/simple_robot_description/package.zsh'
[5.203s] Level 1:colcon.colcon_core.environment:create_file_with_runtime_dependencies(/home/henrique/ros2_ws/install/simple_robot_description/share/colcon-core/packages/simple_robot_description)
[5.205s] Level 1:colcon.colcon_core.environment:create_environment_scripts_only(simple_robot_description)
[5.207s] Level 1:colcon.colcon_core.environment:checking '/home/henrique/ros2_ws/install/simple_robot_description' for CMake module files
[5.210s] Level 1:colcon.colcon_core.environment:checking '/home/henrique/ros2_ws/install/simple_robot_description' for CMake config files
[5.212s] Level 1:colcon.colcon_core.shell:create_environment_hook('simple_robot_description', 'cmake_prefix_path')
[5.212s] INFO:colcon.colcon_core.shell:Creating environment hook '/home/henrique/ros2_ws/install/simple_robot_description/share/simple_robot_description/hook/cmake_prefix_path.ps1'
[5.214s] INFO:colcon.colcon_core.shell:Creating environment descriptor '/home/henrique/ros2_ws/install/simple_robot_description/share/simple_robot_description/hook/cmake_prefix_path.dsv'
[5.216s] INFO:colcon.colcon_core.shell:Creating environment hook '/home/henrique/ros2_ws/install/simple_robot_description/share/simple_robot_description/hook/cmake_prefix_path.sh'
[5.218s] Level 1:colcon.colcon_core.environment:checking '/home/henrique/ros2_ws/install/simple_robot_description/bin'
[5.219s] Level 1:colcon.colcon_core.environment:checking '/home/henrique/ros2_ws/install/simple_robot_description/lib/pkgconfig/simple_robot_description.pc'
[5.220s] Level 1:colcon.colcon_core.environment:checking '/home/henrique/ros2_ws/install/simple_robot_description/lib/python3.12/site-packages'
[5.221s] Level 1:colcon.colcon_core.environment:checking '/home/henrique/ros2_ws/install/simple_robot_description/bin'
[5.221s] INFO:colcon.colcon_core.shell:Creating package script '/home/henrique/ros2_ws/install/simple_robot_description/share/simple_robot_description/package.ps1'
[5.223s] INFO:colcon.colcon_core.shell:Creating package descriptor '/home/henrique/ros2_ws/install/simple_robot_description/share/simple_robot_description/package.dsv'
[5.224s] INFO:colcon.colcon_core.shell:Creating package script '/home/henrique/ros2_ws/install/simple_robot_description/share/simple_robot_description/package.sh'
[5.227s] INFO:colcon.colcon_core.shell:Creating package script '/home/henrique/ros2_ws/install/simple_robot_description/share/simple_robot_description/package.bash'
[5.229s] INFO:colcon.colcon_core.shell:Creating package script '/home/henrique/ros2_ws/install/simple_robot_description/share/simple_robot_description/package.zsh'
[5.233s] Level 1:colcon.colcon_core.environment:create_file_with_runtime_dependencies(/home/henrique/ros2_ws/install/simple_robot_description/share/colcon-core/packages/simple_robot_description)
[5.234s] DEBUG:colcon.colcon_parallel_executor.executor.parallel:closing loop
[5.236s] DEBUG:colcon.colcon_parallel_executor.executor.parallel:loop closed
[5.237s] DEBUG:colcon.colcon_parallel_executor.executor.parallel:run_until_complete finished with '0'
[5.237s] DEBUG:colcon.colcon_core.event_reactor:joining thread
[5.327s] INFO:colcon.colcon_core.plugin_system:Skipping extension 'colcon_notification.desktop_notification.terminal_notifier': Not used on non-Darwin systems
[5.327s] INFO:colcon.colcon_core.plugin_system:Skipping extension 'colcon_notification.desktop_notification.win32': Not used on non-Windows systems
[5.327s] INFO:colcon.colcon_notification.desktop_notification:Sending desktop notification using 'notify2'
[5.754s] DEBUG:colcon.colcon_core.event_reactor:joined thread
[5.754s] INFO:colcon.colcon_core.shell:Creating prefix script '/home/henrique/ros2_ws/install/local_setup.ps1'
[5.761s] INFO:colcon.colcon_core.shell:Creating prefix util module '/home/henrique/ros2_ws/install/_local_setup_util_ps1.py'
[5.775s] INFO:colcon.colcon_core.shell:Creating prefix chain script '/home/henrique/ros2_ws/install/setup.ps1'
[5.779s] INFO:colcon.colcon_core.shell:Creating prefix script '/home/henrique/ros2_ws/install/local_setup.sh'
[5.782s] INFO:colcon.colcon_core.shell:Creating prefix util module '/home/henrique/ros2_ws/install/_local_setup_util_sh.py'
[5.784s] INFO:colcon.colcon_core.shell:Creating prefix chain script '/home/henrique/ros2_ws/install/setup.sh'
[5.788s] INFO:colcon.colcon_core.shell:Creating prefix script '/home/henrique/ros2_ws/install/local_setup.bash'
[5.790s] INFO:colcon.colcon_core.shell:Creating prefix chain script '/home/henrique/ros2_ws/install/setup.bash'
[5.793s] INFO:colcon.colcon_core.shell:Creating prefix script '/home/henrique/ros2_ws/install/local_setup.zsh'
[5.796s] INFO:colcon.colcon_core.shell:Creating prefix chain script '/home/henrique/ros2_ws/install/setup.zsh'
